<?xml version="1.0" encoding="UTF-8"?>
<coverage generated="1781600697424" clover="3.2.0">
  <project timestamp="1781600697424" name="All files">
    <metrics statements="1292" coveredstatements="1196" conditionals="1126" coveredconditionals="942" methods="379" coveredmethods="339" elements="2797" coveredelements="2477" complexity="0" loc="1292" ncloc="1292" packages="7" files="22" classes="22"/>
    <package name="src">
      <metrics statements="17" coveredstatements="15" conditionals="0" coveredconditionals="0" methods="11" coveredmethods="11"/>
      <file name="App.tsx" path="D:\learn\claudecode\gmpaudit\frontend\src\App.tsx">
        <metrics statements="15" coveredstatements="15" conditionals="0" coveredconditionals="0" methods="11" coveredmethods="11"/>
        <line num="9" count="2" type="stmt"/>
        <line num="10" count="2" type="stmt"/>
        <line num="11" count="2" type="stmt"/>
        <line num="12" count="2" type="stmt"/>
        <line num="13" count="2" type="stmt"/>
        <line num="14" count="2" type="stmt"/>
        <line num="15" count="2" type="stmt"/>
        <line num="16" count="2" type="stmt"/>
        <line num="18" count="2" type="stmt"/>
        <line num="20" count="2" type="stmt"/>
        <line num="21" count="16" type="stmt"/>
        <line num="26" count="2" type="stmt"/>
        <line num="27" count="31" type="stmt"/>
        <line num="51" count="2" type="stmt"/>
        <line num="52" count="32" type="stmt"/>
      </file>
      <file name="index.tsx" path="D:\learn\claudecode\gmpaudit\frontend\src\index.tsx">
        <metrics statements="2" coveredstatements="0" conditionals="0" coveredconditionals="0" methods="0" coveredmethods="0"/>
        <line num="5" count="0" type="stmt"/>
        <line num="9" count="0" type="stmt"/>
      </file>
    </package>
    <package name="src.components">
      <metrics statements="174" coveredstatements="159" conditionals="228" coveredconditionals="201" methods="37" coveredmethods="33"/>
      <file name="AgentFlowChart.tsx" path="D:\learn\claudecode\gmpaudit\frontend\src\components\AgentFlowChart.tsx">
        <metrics statements="21" coveredstatements="18" conditionals="39" coveredconditionals="34" methods="7" coveredmethods="5"/>
        <line num="13" count="3" type="stmt"/>
        <line num="15" count="3" type="stmt"/>
        <line num="16" count="43" type="stmt"/>
        <line num="17" count="195" type="cond" truecount="2" falsecount="0"/>
        <line num="18" count="184" type="cond" truecount="2" falsecount="0"/>
        <line num="19" count="142" type="cond" truecount="2" falsecount="0"/>
        <line num="20" count="106" type="stmt"/>
        <line num="23" count="43" type="stmt"/>
        <line num="24" count="172" type="cond" truecount="2" falsecount="0"/>
        <line num="25" count="149" type="stmt"/>
        <line num="28" count="43" type="cond" truecount="3" falsecount="0"/>
        <line num="30" count="43" type="stmt"/>
        <line num="41" count="172" type="stmt"/>
        <line num="55" count="43" type="stmt"/>
        <line num="64" count="129" type="stmt"/>
        <line num="82" count="43" type="stmt"/>
        <line num="100" count="43" type="cond" truecount="2" falsecount="0"/>
        <line num="103" count="0" type="cond" truecount="0" falsecount="2"/>
        <line num="104" count="0" type="stmt"/>
        <line num="105" count="0" type="cond" truecount="0" falsecount="2"/>
        <line num="111" count="43" type="stmt"/>
      </file>
      <file name="AgentThinkingPanel.tsx" path="D:\learn\claudecode\gmpaudit\frontend\src\components\AgentThinkingPanel.tsx">
        <metrics statements="49" coveredstatements="49" conditionals="85" coveredconditionals="84" methods="12" coveredmethods="12"/>
        <line num="12" count="3" type="stmt"/>
        <line num="20" count="3" type="stmt"/>
        <line num="27" count="12" type="stmt"/>
        <line num="35" count="456" type="cond" truecount="5" falsecount="0"/>
        <line num="36" count="336" type="cond" truecount="4" falsecount="0"/>
        <line num="38" count="64" type="stmt"/>
        <line num="39" count="64" type="stmt"/>
        <line num="40" count="64" type="cond" truecount="2" falsecount="0"/>
        <line num="41" count="56" type="cond" truecount="2" falsecount="0"/>
        <line num="42" count="32" type="cond" truecount="2" falsecount="0"/>
        <line num="43" count="18" type="stmt"/>
        <line num="45" count="272" type="stmt"/>
        <line num="46" count="272" type="stmt"/>
        <line num="47" count="272" type="cond" truecount="2" falsecount="0"/>
        <line num="48" count="168" type="cond" truecount="4" falsecount="0"/>
        <line num="49" count="104" type="stmt"/>
        <line num="56" count="200" type="stmt"/>
        <line num="57" count="545" type="cond" truecount="4" falsecount="0"/>
        <line num="58" count="119" type="stmt"/>
        <line num="61" count="81" type="stmt"/>
        <line num="71" count="3" type="stmt"/>
        <line num="77" count="50" type="stmt"/>
        <line num="80" count="50" type="stmt"/>
        <line num="81" count="34" type="cond" truecount="4" falsecount="0"/>
        <line num="82" count="15" type="stmt"/>
        <line num="87" count="50" type="stmt"/>
        <line num="88" count="34" type="cond" truecount="5" falsecount="0"/>
        <line num="89" count="27" type="stmt"/>
        <line num="90" count="27" type="cond" truecount="2" falsecount="0"/>
        <line num="93" count="50" type="cond" truecount="2" falsecount="0"/>
        <line num="94" count="50" type="cond" truecount="2" falsecount="0"/>
        <line num="96" count="50" type="stmt"/>
        <line num="97" count="34" type="cond" truecount="2" falsecount="0"/>
        <line num="98" count="12" type="stmt"/>
        <line num="99" count="30" type="stmt"/>
        <line num="101" count="12" type="cond" truecount="2" falsecount="0"/>
        <line num="103" count="22" type="cond" truecount="2" falsecount="0"/>
        <line num="104" count="17" type="cond" truecount="2" falsecount="0"/>
        <line num="105" count="15" type="cond" truecount="2" falsecount="0"/>
        <line num="106" count="10" type="stmt"/>
        <line num="109" count="50" type="stmt"/>
        <line num="112" count="1" type="stmt"/>
        <line num="133" count="200" type="stmt"/>
        <line num="139" count="200" type="stmt"/>
        <line num="163" count="200" type="stmt"/>
        <line num="169" count="200" type="stmt"/>
        <line num="170" count="200" type="stmt"/>
        <line num="172" count="200" type="stmt"/>
        <line num="270" count="26" type="stmt"/>
      </file>
      <file name="DocumentPreview.tsx" path="D:\learn\claudecode\gmpaudit\frontend\src\components\DocumentPreview.tsx">
        <metrics statements="79" coveredstatements="68" conditionals="72" coveredconditionals="56" methods="12" coveredmethods="11"/>
        <line num="7" count="2" type="stmt"/>
        <line num="17" count="2" type="stmt"/>
        <line num="23" count="8" type="stmt"/>
        <line num="34" count="47" type="cond" truecount="4" falsecount="0"/>
        <line num="37" count="17" type="stmt"/>
        <line num="38" count="17" type="cond" truecount="2" falsecount="0"/>
        <line num="39" count="13" type="stmt"/>
        <line num="40" count="13" type="stmt"/>
        <line num="41" count="13" type="stmt"/>
        <line num="49" count="4" type="stmt"/>
        <line num="50" count="4" type="cond" truecount="1" falsecount="1"/>
        <line num="53" count="4" type="stmt"/>
        <line num="54" count="4" type="stmt"/>
        <line num="55" count="4" type="cond" truecount="1" falsecount="1"/>
        <line num="57" count="4" type="stmt"/>
        <line num="62" count="4" type="stmt"/>
        <line num="63" count="4" type="stmt"/>
        <line num="64" count="10" type="stmt"/>
        <line num="65" count="10" type="stmt"/>
        <line num="66" count="10" type="cond" truecount="2" falsecount="0"/>
        <line num="68" count="4" type="cond" truecount="2" falsecount="0"/>
        <line num="72" count="1" type="stmt"/>
        <line num="73" count="1" type="stmt"/>
        <line num="74" count="1" type="cond" truecount="2" falsecount="0"/>
        <line num="75" count="7" type="cond" truecount="1" falsecount="1"/>
        <line num="76" count="7" type="stmt"/>
        <line num="78" count="7" type="stmt"/>
        <line num="81" count="1" type="stmt"/>
        <line num="82" count="1" type="stmt"/>
        <line num="83" count="1" type="stmt"/>
        <line num="91" count="0" type="stmt"/>
        <line num="92" count="0" type="stmt"/>
        <line num="93" count="0" type="cond" truecount="0" falsecount="2"/>
        <line num="94" count="0" type="cond" truecount="0" falsecount="2"/>
        <line num="95" count="0" type="stmt"/>
        <line num="97" count="0" type="stmt"/>
        <line num="100" count="0" type="stmt"/>
        <line num="101" count="0" type="stmt"/>
        <line num="102" count="0" type="stmt"/>
        <line num="109" count="2" type="stmt"/>
        <line num="110" count="81" type="stmt"/>
        <line num="111" count="81" type="stmt"/>
        <line num="112" count="81" type="cond" truecount="2" falsecount="0"/>
        <line num="113" count="81" type="stmt"/>
        <line num="114" count="81" type="stmt"/>
        <line num="116" count="81" type="stmt"/>
        <line num="117" count="29" type="cond" truecount="2" falsecount="0"/>
        <line num="118" count="27" type="stmt"/>
        <line num="120" count="27" type="stmt"/>
        <line num="121" count="27" type="stmt"/>
        <line num="122" count="27" type="stmt"/>
        <line num="123" count="27" type="stmt"/>
        <line num="124" count="25" type="cond" truecount="2" falsecount="0"/>
        <line num="126" count="1" type="stmt"/>
        <line num="127" count="1" type="stmt"/>
        <line num="129" count="26" type="stmt"/>
        <line num="133" count="27" type="stmt"/>
        <line num="136" count="81" type="stmt"/>
        <line num="137" count="27" type="cond" truecount="2" falsecount="0"/>
        <line num="138" count="13" type="stmt"/>
        <line num="143" count="81" type="stmt"/>
        <line num="144" count="78" type="cond" truecount="3" falsecount="1"/>
        <line num="145" count="0" type="stmt"/>
        <line num="146" count="0" type="stmt"/>
        <line num="151" count="81" type="stmt"/>
        <line num="152" count="41" type="cond" truecount="4" falsecount="0"/>
        <line num="154" count="3" type="stmt"/>
        <line num="155" count="3" type="stmt"/>
        <line num="156" count="5" type="cond" truecount="2" falsecount="0"/>
        <line num="166" count="81" type="stmt"/>
        <line num="167" count="81" type="cond" truecount="2" falsecount="0"/>
        <line num="168" count="81" type="stmt"/>
        <line num="169" count="81" type="cond" truecount="4" falsecount="0"/>
        <line num="171" count="6" type="stmt"/>
        <line num="172" count="6" type="cond" truecount="2" falsecount="0"/>
        <line num="174" count="81" type="stmt"/>
        <line num="176" count="81" type="stmt"/>
        <line num="189" count="1" type="stmt"/>
        <line num="205" count="1" type="stmt"/>
      </file>
      <file name="FindingDetailCard.tsx" path="D:\learn\claudecode\gmpaudit\frontend\src\components\FindingDetailCard.tsx">
        <metrics statements="25" coveredstatements="24" conditionals="32" coveredconditionals="27" methods="6" coveredmethods="5"/>
        <line num="10" count="2" type="stmt"/>
        <line num="12" count="2" type="stmt"/>
        <line num="26" count="2" type="stmt"/>
        <line num="27" count="41" type="stmt"/>
        <line num="28" count="41" type="stmt"/>
        <line num="30" count="41" type="stmt"/>
        <line num="31" count="3" type="stmt"/>
        <line num="32" count="3" type="stmt"/>
        <line num="33" count="3" type="stmt"/>
        <line num="34" count="2" type="stmt"/>
        <line num="35" count="2" type="stmt"/>
        <line num="37" count="1" type="stmt"/>
        <line num="39" count="3" type="stmt"/>
        <line num="43" count="41" type="stmt"/>
        <line num="44" count="3" type="stmt"/>
        <line num="45" count="3" type="stmt"/>
        <line num="46" count="3" type="stmt"/>
        <line num="47" count="2" type="stmt"/>
        <line num="48" count="2" type="stmt"/>
        <line num="50" count="1" type="stmt"/>
        <line num="52" count="3" type="stmt"/>
        <line num="56" count="41" type="stmt"/>
        <line num="135" count="1" type="stmt"/>
        <line num="145" count="1" type="stmt"/>
        <line num="184" count="0" type="stmt"/>
      </file>
    </package>
    <package name="src.components.common">
      <metrics statements="28" coveredstatements="27" conditionals="6" coveredconditionals="5" methods="9" coveredmethods="8"/>
      <file name="ErrorBoundary.tsx" path="D:\learn\claudecode\gmpaudit\frontend\src\components\common\ErrorBoundary.tsx">
        <metrics statements="12" coveredstatements="12" conditionals="2" coveredconditionals="2" methods="6" coveredmethods="6"/>
        <line num="14" count="31" type="stmt"/>
        <line num="15" count="29" type="stmt"/>
        <line num="19" count="25" type="stmt"/>
        <line num="23" count="12" type="stmt"/>
        <line num="26" count="29" type="stmt"/>
        <line num="27" count="4" type="stmt"/>
        <line num="30" count="29" type="stmt"/>
        <line num="31" count="1" type="stmt"/>
        <line num="32" count="1" type="stmt"/>
        <line num="36" count="58" type="cond" truecount="2" falsecount="0"/>
        <line num="37" count="24" type="stmt"/>
        <line num="55" count="34" type="stmt"/>
      </file>
      <file name="Header.tsx" path="D:\learn\claudecode\gmpaudit\frontend\src\components\common\Header.tsx">
        <metrics statements="7" coveredstatements="7" conditionals="2" coveredconditionals="2" methods="1" coveredmethods="1"/>
        <line num="6" count="2" type="stmt"/>
        <line num="7" count="2" type="stmt"/>
        <line num="9" count="2" type="stmt"/>
        <line num="19" count="2" type="stmt"/>
        <line num="20" count="15" type="stmt"/>
        <line num="21" count="15" type="cond" truecount="2" falsecount="0"/>
        <line num="23" count="15" type="stmt"/>
      </file>
      <file name="Sidebar.tsx" path="D:\learn\claudecode\gmpaudit\frontend\src\components\common\Sidebar.tsx">
        <metrics statements="9" coveredstatements="8" conditionals="2" coveredconditionals="1" methods="2" coveredmethods="1"/>
        <line num="15" count="2" type="stmt"/>
        <line num="16" count="2" type="stmt"/>
        <line num="18" count="2" type="stmt"/>
        <line num="19" count="18" type="stmt"/>
        <line num="20" count="16" type="stmt"/>
        <line num="21" count="16" type="stmt"/>
        <line num="23" count="16" type="stmt"/>
        <line num="33" count="16" type="stmt"/>
        <line num="62" count="0" type="stmt"/>
      </file>
    </package>
    <package name="src.constants">
      <metrics statements="9" coveredstatements="9" conditionals="0" coveredconditionals="0" methods="0" coveredmethods="0"/>
      <file name="audit.ts" path="D:\learn\claudecode\gmpaudit\frontend\src\constants\audit.ts">
        <metrics statements="8" coveredstatements="8" conditionals="0" coveredconditionals="0" methods="0" coveredmethods="0"/>
        <line num="1" count="16" type="stmt"/>
        <line num="11" count="16" type="stmt"/>
        <line num="21" count="16" type="stmt"/>
        <line num="36" count="16" type="stmt"/>
        <line num="50" count="16" type="stmt"/>
        <line num="57" count="16" type="stmt"/>
        <line num="65" count="16" type="stmt"/>
        <line num="72" count="16" type="stmt"/>
      </file>
      <file name="theme.ts" path="D:\learn\claudecode\gmpaudit\frontend\src\constants\theme.ts">
        <metrics statements="1" coveredstatements="1" conditionals="0" coveredconditionals="0" methods="0" coveredmethods="0"/>
        <line num="1" count="35" type="stmt"/>
      </file>
    </package>
    <package name="src.hooks">
      <metrics statements="154" coveredstatements="150" conditionals="53" coveredconditionals="48" methods="24" coveredmethods="23"/>
      <file name="useSSE.ts" path="D:\learn\claudecode\gmpaudit\frontend\src\hooks\useSSE.ts">
        <metrics statements="71" coveredstatements="69" conditionals="15" coveredconditionals="14" methods="9" coveredmethods="9"/>
        <line num="19" count="7" type="stmt"/>
        <line num="22" count="713" type="stmt"/>
        <line num="23" count="713" type="stmt"/>
        <line num="24" count="713" type="stmt"/>
        <line num="25" count="713" type="stmt"/>
        <line num="26" count="713" type="stmt"/>
        <line num="27" count="713" type="stmt"/>
        <line num="28" count="713" type="stmt"/>
        <line num="29" count="713" type="stmt"/>
        <line num="30" count="713" type="stmt"/>
        <line num="32" count="713" type="stmt"/>
        <line num="33" count="571" type="stmt"/>
        <line num="34" count="571" type="stmt"/>
        <line num="35" count="571" type="stmt"/>
        <line num="36" count="571" type="stmt"/>
        <line num="39" count="713" type="stmt"/>
        <line num="40" count="201" type="cond" truecount="2" falsecount="0"/>
        <line num="41" count="90" type="stmt"/>
        <line num="42" count="90" type="stmt"/>
        <line num="43" count="90" type="stmt"/>
        <line num="47" count="713" type="stmt"/>
        <line num="48" count="198" type="cond" truecount="4" falsecount="0"/>
        <line num="49" count="108" type="stmt"/>
        <line num="50" count="108" type="stmt"/>
        <line num="51" count="108" type="stmt"/>
        <line num="52" count="108" type="stmt"/>
        <line num="53" count="108" type="stmt"/>
        <line num="57" count="90" type="cond" truecount="1" falsecount="1"/>
        <line num="58" count="0" type="stmt"/>
        <line num="59" count="0" type="stmt"/>
        <line num="62" count="90" type="stmt"/>
        <line num="63" count="90" type="stmt"/>
        <line num="64" count="90" type="stmt"/>
        <line num="66" count="90" type="stmt"/>
        <line num="67" count="6" type="stmt"/>
        <line num="68" count="6" type="stmt"/>
        <line num="69" count="6" type="stmt"/>
        <line num="70" count="6" type="stmt"/>
        <line num="71" count="6" type="stmt"/>
        <line num="72" count="6" type="stmt"/>
        <line num="75" count="90" type="stmt"/>
        <line num="76" count="7" type="stmt"/>
        <line num="77" count="7" type="stmt"/>
        <line num="78" count="4" type="stmt"/>
        <line num="80" count="3" type="stmt"/>
        <line num="85" count="90" type="stmt"/>
        <line num="86" count="90" type="cond" truecount="2" falsecount="0"/>
        <line num="87" count="45" type="stmt"/>
        <line num="88" count="149" type="stmt"/>
        <line num="89" count="11" type="stmt"/>
        <line num="90" count="11" type="stmt"/>
        <line num="93" count="9" type="cond" truecount="2" falsecount="0"/>
        <line num="94" count="9" type="stmt"/>
        <line num="96" count="2" type="stmt"/>
        <line num="99" count="149" type="stmt"/>
        <line num="100" count="149" type="stmt"/>
        <line num="104" count="90" type="stmt"/>
        <line num="105" count="21" type="stmt"/>
        <line num="106" count="21" type="stmt"/>
        <line num="107" count="21" type="stmt"/>
        <line num="108" count="21" type="stmt"/>
        <line num="111" count="21" type="cond" truecount="2" falsecount="0"/>
        <line num="112" count="6" type="stmt"/>
        <line num="113" count="6" type="stmt"/>
        <line num="116" count="21" type="stmt"/>
        <line num="119" count="90" type="stmt"/>
        <line num="120" count="90" type="stmt"/>
        <line num="121" count="90" type="stmt"/>
        <line num="122" count="149" type="stmt"/>
        <line num="124" count="90" type="stmt"/>
        <line num="128" count="713" type="stmt"/>
      </file>
      <file name="useTaskSSE.ts" path="D:\learn\claudecode\gmpaudit\frontend\src\hooks\useTaskSSE.ts">
        <metrics statements="83" coveredstatements="81" conditionals="38" coveredconditionals="34" methods="15" coveredmethods="14"/>
        <line num="7" count="7" type="stmt"/>
        <line num="15" count="7" type="stmt"/>
        <line num="30" count="696" type="stmt"/>
        <line num="31" count="696" type="stmt"/>
        <line num="32" count="696" type="stmt"/>
        <line num="33" count="696" type="stmt"/>
        <line num="34" count="696" type="stmt"/>
        <line num="35" count="696" type="stmt"/>
        <line num="36" count="696" type="stmt"/>
        <line num="39" count="696" type="stmt"/>
        <line num="40" count="696" type="stmt"/>
        <line num="41" count="696" type="stmt"/>
        <line num="42" count="325" type="stmt"/>
        <line num="43" count="325" type="cond" truecount="2" falsecount="0"/>
        <line num="47" count="696" type="stmt"/>
        <line num="48" count="696" type="stmt"/>
        <line num="49" count="696" type="stmt"/>
        <line num="50" count="237" type="cond" truecount="2" falsecount="0"/>
        <line num="51" count="138" type="stmt"/>
        <line num="52" count="138" type="stmt"/>
        <line num="53" count="138" type="stmt"/>
        <line num="54" count="138" type="stmt"/>
        <line num="55" count="138" type="stmt"/>
        <line num="56" count="138" type="stmt"/>
        <line num="57" count="138" type="stmt"/>
        <line num="58" count="138" type="stmt"/>
        <line num="63" count="696" type="stmt"/>
        <line num="64" count="170" type="cond" truecount="4" falsecount="0"/>
        <line num="65" count="68" type="stmt"/>
        <line num="66" count="102" type="cond" truecount="4" falsecount="0"/>
        <line num="67" count="3" type="stmt"/>
        <line num="69" count="170" type="stmt"/>
        <line num="72" count="696" type="cond" truecount="4" falsecount="0"/>
        <line num="77" count="696" type="stmt"/>
        <line num="78" count="696" type="stmt"/>
        <line num="79" count="175" type="cond" truecount="2" falsecount="0"/>
        <line num="80" count="73" type="stmt"/>
        <line num="81" count="73" type="stmt"/>
        <line num="85" count="696" type="stmt"/>
        <line num="89" count="12" type="stmt"/>
        <line num="90" count="12" type="stmt"/>
        <line num="91" count="12" type="cond" truecount="1" falsecount="1"/>
        <line num="92" count="12" type="stmt"/>
        <line num="94" count="12" type="stmt"/>
        <line num="95" count="12" type="cond" truecount="2" falsecount="0"/>
        <line num="96" count="10" type="stmt"/>
        <line num="100" count="12" type="stmt"/>
        <line num="101" count="12" type="stmt"/>
        <line num="102" count="12" type="stmt"/>
        <line num="103" count="12" type="stmt"/>
        <line num="104" count="12" type="cond" truecount="1" falsecount="1"/>
        <line num="106" count="12" type="cond" truecount="4" falsecount="0"/>
        <line num="107" count="10" type="stmt"/>
        <line num="108" count="10" type="stmt"/>
        <line num="109" count="10" type="stmt"/>
        <line num="113" count="25" type="stmt"/>
        <line num="114" count="25" type="stmt"/>
        <line num="115" count="25" type="cond" truecount="1" falsecount="1"/>
        <line num="116" count="25" type="stmt"/>
        <line num="117" count="25" type="stmt"/>
        <line num="118" count="25" type="stmt"/>
        <line num="122" count="8" type="stmt"/>
        <line num="123" count="8" type="stmt"/>
        <line num="124" count="8" type="stmt"/>
        <line num="125" count="8" type="cond" truecount="2" falsecount="0"/>
        <line num="126" count="3" type="stmt"/>
        <line num="127" count="3" type="stmt"/>
        <line num="128" count="5" type="cond" truecount="4" falsecount="0"/>
        <line num="129" count="3" type="stmt"/>
        <line num="130" count="3" type="stmt"/>
        <line num="131" count="2" type="cond" truecount="1" falsecount="1"/>
        <line num="132" count="0" type="stmt"/>
        <line num="133" count="0" type="stmt"/>
        <line num="135" count="2" type="stmt"/>
        <line num="146" count="696" type="stmt"/>
        <line num="147" count="2" type="stmt"/>
        <line num="148" count="2" type="stmt"/>
        <line num="149" count="2" type="stmt"/>
        <line num="150" count="2" type="stmt"/>
        <line num="151" count="2" type="stmt"/>
        <line num="152" count="2" type="stmt"/>
        <line num="153" count="2" type="stmt"/>
        <line num="156" count="696" type="stmt"/>
      </file>
    </package>
    <package name="src.pages">
      <metrics statements="850" coveredstatements="776" conditionals="827" coveredconditionals="677" methods="258" coveredmethods="224"/>
      <file name="AlertsPage.tsx" path="D:\learn\claudecode\gmpaudit\frontend\src\pages\AlertsPage.tsx">
        <metrics statements="69" coveredstatements="65" conditionals="76" coveredconditionals="65" methods="29" coveredmethods="25"/>
        <line num="10" count="3" type="stmt"/>
        <line num="13" count="3" type="stmt"/>
        <line num="20" count="3" type="stmt"/>
        <line num="26" count="3" type="stmt"/>
        <line num="32" count="3" type="stmt"/>
        <line num="38" count="3" type="stmt"/>
        <line num="44" count="3" type="stmt"/>
        <line num="50" count="3" type="stmt"/>
        <line num="56" count="3" type="stmt"/>
        <line num="57" count="179" type="stmt"/>
        <line num="58" count="179" type="stmt"/>
        <line num="59" count="179" type="stmt"/>
        <line num="60" count="179" type="stmt"/>
        <line num="61" count="179" type="stmt"/>
        <line num="62" count="179" type="stmt"/>
        <line num="63" count="179" type="stmt"/>
        <line num="64" count="57" type="stmt"/>
        <line num="67" count="179" type="stmt"/>
        <line num="68" count="63" type="stmt"/>
        <line num="69" count="63" type="stmt"/>
        <line num="70" count="63" type="stmt"/>
        <line num="74" count="61" type="cond" truecount="2" falsecount="0"/>
        <line num="76" count="61" type="cond" truecount="2" falsecount="0"/>
        <line num="77" count="9" type="stmt"/>
        <line num="79" count="61" type="stmt"/>
        <line num="80" count="61" type="cond" truecount="2" falsecount="0"/>
        <line num="82" count="2" type="cond" truecount="2" falsecount="0"/>
        <line num="84" count="63" type="stmt"/>
        <line num="88" count="179" type="stmt"/>
        <line num="89" count="61" type="stmt"/>
        <line num="92" count="179" type="stmt"/>
        <line num="93" count="3" type="stmt"/>
        <line num="98" count="3" type="stmt"/>
        <line num="99" count="3" type="stmt"/>
        <line num="100" count="1" type="stmt"/>
        <line num="101" count="1" type="stmt"/>
        <line num="103" count="2" type="cond" truecount="2" falsecount="0"/>
        <line num="109" count="179" type="stmt"/>
        <line num="110" count="3" type="stmt"/>
        <line num="115" count="3" type="stmt"/>
        <line num="116" count="3" type="stmt"/>
        <line num="117" count="1" type="stmt"/>
        <line num="118" count="1" type="stmt"/>
        <line num="120" count="2" type="cond" truecount="2" falsecount="0"/>
        <line num="126" count="179" type="stmt"/>
        <line num="132" count="169" type="cond" truecount="4" falsecount="0"/>
        <line num="139" count="169" type="cond" truecount="4" falsecount="0"/>
        <line num="145" count="169" type="stmt"/>
        <line num="159" count="0" type="cond" truecount="0" falsecount="2"/>
        <line num="166" count="169" type="stmt"/>
        <line num="168" count="3" type="stmt"/>
        <line num="173" count="3" type="stmt"/>
        <line num="182" count="179" type="stmt"/>
        <line num="183" count="12" type="cond" truecount="1" falsecount="1"/>
        <line num="184" count="12" type="stmt"/>
        <line num="227" count="1" type="stmt"/>
        <line num="238" count="179" type="stmt"/>
        <line num="263" count="2" type="stmt"/>
        <line num="270" count="558" type="stmt"/>
        <line num="271" count="537" type="stmt"/>
        <line num="272" count="537" type="stmt"/>
        <line num="283" count="4" type="cond" truecount="2" falsecount="0"/>
        <line num="308" count="0" type="stmt"/>
        <line num="326" count="194" type="cond" truecount="2" falsecount="0"/>
        <line num="331" count="194" type="stmt"/>
        <line num="333" count="194" type="cond" truecount="2" falsecount="0"/>
        <line num="335" count="0" type="stmt"/>
        <line num="340" count="0" type="stmt"/>
        <line num="358" count="194" type="stmt"/>
      </file>
      <file name="AuditTasksPage.tsx" path="D:\learn\claudecode\gmpaudit\frontend\src\pages\AuditTasksPage.tsx">
        <metrics statements="291" coveredstatements="249" conditionals="354" coveredconditionals="291" methods="85" coveredmethods="73"/>
        <line num="49" count="5" type="stmt"/>
        <line num="51" count="20" type="stmt"/>
        <line num="53" count="5" type="stmt"/>
        <line num="62" count="5" type="stmt"/>
        <line num="67" count="5" type="stmt"/>
        <line num="77" count="5" type="stmt"/>
        <line num="78" count="1147" type="stmt"/>
        <line num="79" count="1145" type="stmt"/>
        <line num="80" count="1145" type="stmt"/>
        <line num="82" count="1145" type="stmt"/>
        <line num="83" count="1145" type="stmt"/>
        <line num="84" count="1145" type="stmt"/>
        <line num="85" count="1145" type="stmt"/>
        <line num="86" count="1145" type="stmt"/>
        <line num="87" count="1145" type="stmt"/>
        <line num="88" count="1145" type="stmt"/>
        <line num="89" count="1145" type="stmt"/>
        <line num="90" count="1145" type="stmt"/>
        <line num="91" count="1145" type="stmt"/>
        <line num="92" count="1145" type="stmt"/>
        <line num="93" count="1145" type="stmt"/>
        <line num="94" count="1145" type="stmt"/>
        <line num="95" count="1145" type="stmt"/>
        <line num="96" count="1145" type="stmt"/>
        <line num="97" count="1145" type="stmt"/>
        <line num="98" count="1145" type="stmt"/>
        <line num="100" count="1145" type="stmt"/>
        <line num="102" count="1145" type="stmt"/>
        <line num="103" count="361" type="cond" truecount="2" falsecount="0"/>
        <line num="107" count="1145" type="cond" truecount="4" falsecount="0"/>
        <line num="112" count="1145" type="stmt"/>
        <line num="117" count="1145" type="stmt"/>
        <line num="118" count="413" type="cond" truecount="2" falsecount="0"/>
        <line num="120" count="485" type="cond" truecount="5" falsecount="0"/>
        <line num="123" count="413" type="stmt"/>
        <line num="124" count="363" type="cond" truecount="2" falsecount="0"/>
        <line num="126" count="340" type="cond" truecount="5" falsecount="0"/>
        <line num="127" count="58" type="stmt"/>
        <line num="134" count="282" type="stmt"/>
        <line num="136" count="413" type="cond" truecount="2" falsecount="0"/>
        <line num="137" count="413" type="cond" truecount="4" falsecount="0"/>
        <line num="138" count="53" type="stmt"/>
        <line num="142" count="1145" type="cond" truecount="0" falsecount="1"/>
        <line num="143" count="417" type="stmt"/>
        <line num="144" count="417" type="cond" truecount="2" falsecount="0"/>
        <line num="145" count="417" type="stmt"/>
        <line num="146" count="413" type="cond" truecount="2" falsecount="0"/>
        <line num="147" count="413" type="stmt"/>
        <line num="148" count="413" type="stmt"/>
        <line num="150" count="2" type="cond" truecount="1" falsecount="1"/>
        <line num="151" count="2" type="cond" truecount="2" falsecount="0"/>
        <line num="154" count="415" type="cond" truecount="2" falsecount="0"/>
        <line num="158" count="1145" type="stmt"/>
        <line num="159" count="15" type="stmt"/>
        <line num="160" count="15" type="stmt"/>
        <line num="161" count="17" type="cond" truecount="1" falsecount="1"/>
        <line num="163" count="2" type="cond" truecount="2" falsecount="0"/>
        <line num="167" count="1145" type="stmt"/>
        <line num="168" count="200" type="stmt"/>
        <line num="169" count="200" type="stmt"/>
        <line num="171" count="2" type="stmt"/>
        <line num="175" count="198" type="stmt"/>
        <line num="176" count="152" type="cond" truecount="4" falsecount="0"/>
        <line num="177" count="133" type="stmt"/>
        <line num="183" count="19" type="stmt"/>
        <line num="185" count="198" type="stmt"/>
        <line num="187" count="193" type="stmt"/>
        <line num="188" count="152" type="cond" truecount="2" falsecount="0"/>
        <line num="189" count="143" type="stmt"/>
        <line num="191" count="152" type="stmt"/>
        <line num="194" count="7" type="cond" truecount="1" falsecount="1"/>
        <line num="198" count="1145" type="stmt"/>
        <line num="199" count="10" type="stmt"/>
        <line num="200" count="10" type="stmt"/>
        <line num="209" count="0" type="stmt"/>
        <line num="214" count="10" type="stmt"/>
        <line num="215" count="10" type="stmt"/>
        <line num="216" count="4" type="stmt"/>
        <line num="217" count="4" type="stmt"/>
        <line num="218" count="4" type="cond" truecount="1" falsecount="1"/>
        <line num="220" count="6" type="cond" truecount="2" falsecount="0"/>
        <line num="226" count="1145" type="stmt"/>
        <line num="227" count="12" type="stmt"/>
        <line num="228" count="12" type="stmt"/>
        <line num="237" count="0" type="stmt"/>
        <line num="242" count="8" type="cond" truecount="1" falsecount="1"/>
        <line num="243" count="8" type="stmt"/>
        <line num="244" count="8" type="stmt"/>
        <line num="246" count="0" type="stmt"/>
        <line num="247" count="0" type="stmt"/>
        <line num="248" count="0" type="stmt"/>
        <line num="249" count="0" type="stmt"/>
        <line num="250" count="0" type="cond" truecount="0" falsecount="2"/>
        <line num="252" count="0" type="cond" truecount="0" falsecount="4"/>
        <line num="253" count="0" type="cond" truecount="0" falsecount="2"/>
        <line num="259" count="1145" type="stmt"/>
        <line num="260" count="376" type="stmt"/>
        <line num="261" count="376" type="cond" truecount="4" falsecount="0"/>
        <line num="264" count="1145" type="stmt"/>
        <line num="265" count="359" type="stmt"/>
        <line num="266" count="359" type="cond" truecount="2" falsecount="0"/>
        <line num="267" count="183" type="stmt"/>
        <line num="268" count="183" type="stmt"/>
        <line num="270" count="176" type="stmt"/>
        <line num="275" count="1145" type="stmt"/>
        <line num="276" count="1145" type="stmt"/>
        <line num="278" count="1145" type="stmt"/>
        <line num="279" count="442" type="cond" truecount="5" falsecount="0"/>
        <line num="280" count="98" type="stmt"/>
        <line num="283" count="98" type="stmt"/>
        <line num="284" count="98" type="stmt"/>
        <line num="285" count="98" type="cond" truecount="2" falsecount="0"/>
        <line num="287" count="98" type="cond" truecount="5" falsecount="0"/>
        <line num="289" count="76" type="stmt"/>
        <line num="290" count="76" type="cond" truecount="2" falsecount="0"/>
        <line num="291" count="76" type="cond" truecount="1" falsecount="1"/>
        <line num="293" count="76" type="stmt"/>
        <line num="294" count="74" type="cond" truecount="1" falsecount="1"/>
        <line num="295" count="74" type="stmt"/>
        <line num="307" count="1145" type="stmt"/>
        <line num="308" count="376" type="cond" truecount="5" falsecount="0"/>
        <line num="309" count="22" type="stmt"/>
        <line num="310" count="22" type="cond" truecount="2" falsecount="0"/>
        <line num="312" count="22" type="cond" truecount="2" falsecount="0"/>
        <line num="313" count="6" type="stmt"/>
        <line num="314" count="6" type="stmt"/>
        <line num="315" count="6" type="cond" truecount="2" falsecount="0"/>
        <line num="322" count="1145" type="stmt"/>
        <line num="323" count="376" type="cond" truecount="2" falsecount="0"/>
        <line num="325" count="124" type="stmt"/>
        <line num="326" count="1" type="stmt"/>
        <line num="329" count="124" type="stmt"/>
        <line num="333" count="1145" type="stmt"/>
        <line num="334" count="359" type="cond" truecount="2" falsecount="0"/>
        <line num="338" count="1145" type="stmt"/>
        <line num="339" count="1145" type="stmt"/>
        <line num="340" count="1145" type="stmt"/>
        <line num="341" count="369" type="cond" truecount="4" falsecount="0"/>
        <line num="342" count="315" type="stmt"/>
        <line num="343" count="315" type="stmt"/>
        <line num="345" count="54" type="stmt"/>
        <line num="346" count="98" type="stmt"/>
        <line num="347" count="98" type="stmt"/>
        <line num="348" count="98" type="stmt"/>
        <line num="350" count="54" type="stmt"/>
        <line num="351" count="54" type="stmt"/>
        <line num="352" count="54" type="stmt"/>
        <line num="356" count="1145" type="stmt"/>
        <line num="357" count="369" type="cond" truecount="5" falsecount="0"/>
        <line num="358" count="22" type="cond" truecount="4" falsecount="0"/>
        <line num="359" count="14" type="stmt"/>
        <line num="361" count="22" type="cond" truecount="4" falsecount="0"/>
        <line num="362" count="6" type="cond" truecount="2" falsecount="0"/>
        <line num="364" count="6" type="stmt"/>
        <line num="372" count="1145" type="stmt"/>
        <line num="373" count="281" type="cond" truecount="5" falsecount="0"/>
        <line num="374" count="32" type="stmt"/>
        <line num="378" count="1145" type="stmt"/>
        <line num="379" count="5" type="stmt"/>
        <line num="380" count="5" type="stmt"/>
        <line num="381" count="5" type="stmt"/>
        <line num="382" count="3" type="stmt"/>
        <line num="383" count="3" type="stmt"/>
        <line num="384" count="3" type="stmt"/>
        <line num="385" count="3" type="stmt"/>
        <line num="386" count="3" type="stmt"/>
        <line num="388" count="3" type="stmt"/>
        <line num="389" count="3" type="stmt"/>
        <line num="390" count="1" type="stmt"/>
        <line num="391" count="1" type="stmt"/>
        <line num="392" count="1" type="stmt"/>
        <line num="394" count="2" type="cond" truecount="2" falsecount="0"/>
        <line num="397" count="2" type="cond" truecount="2" falsecount="0"/>
        <line num="399" count="5" type="stmt"/>
        <line num="403" count="1145" type="stmt"/>
        <line num="404" count="11" type="stmt"/>
        <line num="405" count="11" type="stmt"/>
        <line num="406" count="6" type="stmt"/>
        <line num="407" count="6" type="stmt"/>
        <line num="408" count="6" type="stmt"/>
        <line num="410" count="5" type="cond" truecount="2" falsecount="0"/>
        <line num="414" count="1145" type="stmt"/>
        <line num="415" count="3" type="stmt"/>
        <line num="416" count="3" type="stmt"/>
        <line num="417" count="2" type="stmt"/>
        <line num="418" count="2" type="stmt"/>
        <line num="419" count="2" type="cond" truecount="1" falsecount="1"/>
        <line num="421" count="1" type="cond" truecount="1" falsecount="1"/>
        <line num="425" count="1145" type="stmt"/>
        <line num="426" count="84" type="stmt"/>
        <line num="427" count="84" type="stmt"/>
        <line num="428" count="84" type="stmt"/>
        <line num="431" count="1145" type="stmt"/>
        <line num="435" count="1145" type="stmt"/>
        <line num="436" count="380" type="stmt"/>
        <line num="438" count="388" type="cond" truecount="2" falsecount="2"/>
        <line num="439" count="388" type="cond" truecount="2" falsecount="2"/>
        <line num="440" count="388" type="cond" truecount="4" falsecount="0"/>
        <line num="441" count="362" type="stmt"/>
        <line num="444" count="185" type="cond" truecount="2" falsecount="0"/>
        <line num="445" count="5" type="cond" truecount="1" falsecount="1"/>
        <line num="446" count="5" type="cond" truecount="1" falsecount="1"/>
        <line num="447" count="5" type="cond" truecount="1" falsecount="1"/>
        <line num="449" count="180" type="cond" truecount="2" falsecount="0"/>
        <line num="450" count="3" type="stmt"/>
        <line num="453" count="177" type="cond" truecount="2" falsecount="2"/>
        <line num="457" count="1145" type="stmt"/>
        <line num="461" count="1145" type="stmt"/>
        <line num="462" count="552" type="cond" truecount="2" falsecount="0"/>
        <line num="466" count="1145" type="stmt"/>
        <line num="475" count="15" type="stmt"/>
        <line num="494" count="15" type="stmt"/>
        <line num="523" count="1219" type="stmt"/>
        <line num="524" count="1219" type="cond" truecount="1" falsecount="1"/>
        <line num="525" count="1219" type="stmt"/>
        <line num="527" count="1219" type="stmt"/>
        <line num="531" count="82" type="stmt"/>
        <line num="532" count="2" type="cond" truecount="3" falsecount="1"/>
        <line num="545" count="90" type="cond" truecount="2" falsecount="0"/>
        <line num="548" count="42" type="cond" truecount="1" falsecount="1"/>
        <line num="598" count="8" type="stmt"/>
        <line num="604" count="4" type="stmt"/>
        <line num="614" count="1" type="stmt"/>
        <line num="626" count="3" type="stmt"/>
        <line num="631" count="3" type="stmt"/>
        <line num="658" count="2" type="stmt"/>
        <line num="664" count="736" type="cond" truecount="5" falsecount="1"/>
        <line num="665" count="736" type="stmt"/>
        <line num="692" count="736" type="stmt"/>
        <line num="693" count="736" type="stmt"/>
        <line num="694" count="736" type="stmt"/>
        <line num="696" count="736" type="cond" truecount="2" falsecount="0"/>
        <line num="701" count="736" type="cond" truecount="2" falsecount="0"/>
        <line num="708" count="736" type="stmt"/>
        <line num="714" count="1" type="stmt"/>
        <line num="715" count="1" type="cond" truecount="1" falsecount="1"/>
        <line num="751" count="10" type="stmt"/>
        <line num="758" count="12" type="stmt"/>
        <line num="794" count="15" type="stmt"/>
        <line num="825" count="14" type="stmt"/>
        <line num="826" count="30" type="cond" truecount="2" falsecount="0"/>
        <line num="827" count="14" type="stmt"/>
        <line num="839" count="30" type="stmt"/>
        <line num="844" count="0" type="stmt"/>
        <line num="845" count="0" type="stmt"/>
        <line num="847" count="0" type="stmt"/>
        <line num="869" count="2" type="stmt"/>
        <line num="892" count="7" type="stmt"/>
        <line num="901" count="0" type="stmt"/>
        <line num="902" count="0" type="stmt"/>
        <line num="911" count="0" type="stmt"/>
        <line num="916" count="0" type="stmt"/>
        <line num="917" count="0" type="stmt"/>
        <line num="918" count="0" type="stmt"/>
        <line num="919" count="0" type="stmt"/>
        <line num="920" count="0" type="cond" truecount="0" falsecount="2"/>
        <line num="922" count="0" type="cond" truecount="0" falsecount="2"/>
        <line num="933" count="0" type="stmt"/>
        <line num="934" count="0" type="stmt"/>
        <line num="943" count="0" type="stmt"/>
        <line num="948" count="0" type="cond" truecount="0" falsecount="2"/>
        <line num="949" count="0" type="stmt"/>
        <line num="950" count="0" type="stmt"/>
        <line num="952" count="0" type="stmt"/>
        <line num="953" count="0" type="stmt"/>
        <line num="954" count="0" type="stmt"/>
        <line num="955" count="0" type="stmt"/>
        <line num="956" count="0" type="cond" truecount="0" falsecount="2"/>
        <line num="958" count="0" type="cond" truecount="0" falsecount="2"/>
        <line num="969" count="1" type="stmt"/>
        <line num="978" count="6" type="stmt"/>
        <line num="984" count="6" type="stmt"/>
        <line num="985" count="6" type="stmt"/>
        <line num="986" count="2" type="stmt"/>
        <line num="987" count="2" type="stmt"/>
        <line num="989" count="4" type="cond" truecount="2" falsecount="0"/>
        <line num="1001" count="3" type="stmt"/>
        <line num="1002" count="3" type="stmt"/>
        <line num="1020" count="0" type="stmt"/>
        <line num="1021" count="5" type="stmt"/>
        <line num="1023" count="5" type="stmt"/>
        <line num="1047" count="25" type="stmt"/>
        <line num="1050" count="95" type="stmt"/>
        <line num="1055" count="0" type="stmt"/>
        <line num="1056" count="0" type="stmt"/>
        <line num="1057" count="0" type="stmt"/>
        <line num="1058" count="0" type="stmt"/>
        <line num="1059" count="0" type="stmt"/>
        <line num="1060" count="0" type="stmt"/>
        <line num="1062" count="0" type="stmt"/>
        <line num="1063" count="0" type="stmt"/>
      </file>
      <file name="DashboardPage.tsx" path="D:\learn\claudecode\gmpaudit\frontend\src\pages\DashboardPage.tsx">
        <metrics statements="37" coveredstatements="35" conditionals="56" coveredconditionals="36" methods="18" coveredmethods="16"/>
        <line num="32" count="4" type="stmt"/>
        <line num="34" count="4" type="stmt"/>
        <line num="35" count="126" type="stmt"/>
        <line num="36" count="126" type="stmt"/>
        <line num="37" count="126" type="stmt"/>
        <line num="43" count="126" type="stmt"/>
        <line num="44" count="126" type="stmt"/>
        <line num="46" count="126" type="stmt"/>
        <line num="47" count="58" type="stmt"/>
        <line num="50" count="126" type="stmt"/>
        <line num="51" count="58" type="stmt"/>
        <line num="52" count="58" type="stmt"/>
        <line num="53" count="58" type="stmt"/>
        <line num="59" count="57" type="cond" truecount="2" falsecount="0"/>
        <line num="60" count="57" type="cond" truecount="2" falsecount="0"/>
        <line num="61" count="57" type="cond" truecount="3" falsecount="1"/>
        <line num="63" count="57" type="stmt"/>
        <line num="69" count="57" type="stmt"/>
        <line num="70" count="57" type="stmt"/>
        <line num="72" count="1" type="cond" truecount="1" falsecount="1"/>
        <line num="74" count="58" type="stmt"/>
        <line num="78" count="126" type="stmt"/>
        <line num="79" count="111" type="cond" truecount="3" falsecount="0"/>
        <line num="83" count="126" type="stmt"/>
        <line num="89" count="70" type="stmt"/>
        <line num="101" count="0" type="cond" truecount="0" falsecount="4"/>
        <line num="112" count="0" type="stmt"/>
        <line num="123" count="70" type="stmt"/>
        <line num="130" count="126" type="stmt"/>
        <line num="156" count="2" type="stmt"/>
        <line num="159" count="2" type="stmt"/>
        <line num="162" count="2" type="stmt"/>
        <line num="188" count="2" type="stmt"/>
        <line num="264" count="1" type="stmt"/>
        <line num="279" count="2" type="stmt"/>
        <line num="287" count="1" type="stmt"/>
        <line num="305" count="1" type="stmt"/>
      </file>
      <file name="DocumentsPage.tsx" path="D:\learn\claudecode\gmpaudit\frontend\src\pages\DocumentsPage.tsx">
        <metrics statements="83" coveredstatements="79" conditionals="45" coveredconditionals="39" methods="21" coveredmethods="21"/>
        <line num="25" count="3" type="stmt"/>
        <line num="27" count="3" type="stmt"/>
        <line num="28" count="179" type="stmt"/>
        <line num="29" count="179" type="stmt"/>
        <line num="30" count="179" type="stmt"/>
        <line num="31" count="179" type="stmt"/>
        <line num="32" count="179" type="stmt"/>
        <line num="33" count="179" type="stmt"/>
        <line num="34" count="179" type="stmt"/>
        <line num="35" count="179" type="stmt"/>
        <line num="37" count="179" type="stmt"/>
        <line num="38" count="68" type="cond" truecount="2" falsecount="0"/>
        <line num="39" count="68" type="stmt"/>
        <line num="40" count="68" type="stmt"/>
        <line num="41" count="65" type="cond" truecount="1" falsecount="1"/>
        <line num="42" count="65" type="stmt"/>
        <line num="43" count="65" type="stmt"/>
        <line num="44" count="65" type="cond" truecount="2" falsecount="0"/>
        <line num="46" count="3" type="cond" truecount="2" falsecount="0"/>
        <line num="51" count="179" type="stmt"/>
        <line num="52" count="60" type="stmt"/>
        <line num="53" count="60" type="stmt"/>
        <line num="54" count="60" type="stmt"/>
        <line num="58" count="179" type="stmt"/>
        <line num="59" count="179" type="stmt"/>
        <line num="60" count="93" type="cond" truecount="2" falsecount="0"/>
        <line num="61" count="59" type="cond" truecount="1" falsecount="1"/>
        <line num="62" count="0" type="stmt"/>
        <line num="63" count="0" type="stmt"/>
        <line num="65" count="59" type="stmt"/>
        <line num="67" count="34" type="stmt"/>
        <line num="68" count="34" type="stmt"/>
        <line num="69" count="34" type="cond" truecount="1" falsecount="1"/>
        <line num="70" count="34" type="stmt"/>
        <line num="71" count="34" type="stmt"/>
        <line num="76" count="179" type="stmt"/>
        <line num="77" count="3" type="stmt"/>
        <line num="78" count="3" type="stmt"/>
        <line num="79" count="3" type="stmt"/>
        <line num="80" count="3" type="stmt"/>
        <line num="81" count="1" type="stmt"/>
        <line num="82" count="1" type="stmt"/>
        <line num="83" count="1" type="stmt"/>
        <line num="85" count="2" type="stmt"/>
        <line num="86" count="2" type="stmt"/>
        <line num="87" count="2" type="cond" truecount="2" falsecount="1"/>
        <line num="88" count="2" type="stmt"/>
        <line num="90" count="3" type="stmt"/>
        <line num="94" count="179" type="stmt"/>
        <line num="95" count="5" type="stmt"/>
        <line num="101" count="4" type="stmt"/>
        <line num="102" count="4" type="stmt"/>
        <line num="103" count="2" type="stmt"/>
        <line num="104" count="2" type="stmt"/>
        <line num="106" count="2" type="stmt"/>
        <line num="107" count="2" type="cond" truecount="2" falsecount="0"/>
        <line num="108" count="2" type="stmt"/>
        <line num="114" count="179" type="stmt"/>
        <line num="115" count="3" type="stmt"/>
        <line num="116" count="3" type="stmt"/>
        <line num="117" count="1" type="stmt"/>
        <line num="118" count="1" type="stmt"/>
        <line num="120" count="2" type="stmt"/>
        <line num="121" count="2" type="cond" truecount="2" falsecount="0"/>
        <line num="122" count="2" type="stmt"/>
        <line num="126" count="189" type="stmt"/>
        <line num="127" count="189" type="stmt"/>
        <line num="129" count="179" type="stmt"/>
        <line num="135" count="185" type="stmt"/>
        <line num="147" count="185" type="cond" truecount="4" falsecount="0"/>
        <line num="148" count="185" type="cond" truecount="4" falsecount="0"/>
        <line num="149" count="30" type="stmt"/>
        <line num="151" count="155" type="stmt"/>
        <line num="159" count="185" type="stmt"/>
        <line num="161" count="3" type="stmt"/>
        <line num="165" count="5" type="stmt"/>
        <line num="173" count="179" type="stmt"/>
        <line num="218" count="3" type="stmt"/>
        <line num="219" count="3" type="cond" truecount="1" falsecount="1"/>
        <line num="220" count="0" type="stmt"/>
        <line num="221" count="0" type="stmt"/>
        <line num="223" count="3" type="stmt"/>
        <line num="261" count="1" type="stmt"/>
      </file>
      <file name="KnowledgeGraphPage.tsx" path="D:\learn\claudecode\gmpaudit\frontend\src\pages\KnowledgeGraphPage.tsx">
        <metrics statements="138" coveredstatements="133" conditionals="93" coveredconditionals="78" methods="42" coveredmethods="40"/>
        <line num="35" count="4" type="stmt"/>
        <line num="37" count="4" type="stmt"/>
        <line num="55" count="4" type="stmt"/>
        <line num="56" count="394" type="stmt"/>
        <line num="57" count="391" type="cond" truecount="2" falsecount="0"/>
        <line num="58" count="391" type="stmt"/>
        <line num="59" count="391" type="stmt"/>
        <line num="60" count="391" type="stmt"/>
        <line num="61" count="391" type="stmt"/>
        <line num="62" count="391" type="stmt"/>
        <line num="63" count="391" type="stmt"/>
        <line num="64" count="391" type="stmt"/>
        <line num="65" count="391" type="stmt"/>
        <line num="66" count="391" type="stmt"/>
        <line num="67" count="391" type="stmt"/>
        <line num="68" count="391" type="stmt"/>
        <line num="69" count="391" type="stmt"/>
        <line num="70" count="391" type="stmt"/>
        <line num="72" count="391" type="stmt"/>
        <line num="73" count="116" type="stmt"/>
        <line num="74" count="116" type="stmt"/>
        <line num="75" count="116" type="stmt"/>
        <line num="76" count="114" type="stmt"/>
        <line num="78" count="2" type="stmt"/>
        <line num="80" count="116" type="stmt"/>
        <line num="84" count="391" type="stmt"/>
        <line num="85" count="123" type="stmt"/>
        <line num="86" count="123" type="stmt"/>
        <line num="91" count="122" type="cond" truecount="2" falsecount="0"/>
        <line num="92" count="121" type="stmt"/>
        <line num="93" count="121" type="cond" truecount="2" falsecount="0"/>
        <line num="94" count="112" type="stmt"/>
        <line num="97" count="122" type="cond" truecount="3" falsecount="1"/>
        <line num="99" count="122" type="stmt"/>
        <line num="103" count="391" type="stmt"/>
        <line num="104" count="119" type="stmt"/>
        <line num="107" count="391" type="stmt"/>
        <line num="108" count="138" type="cond" truecount="2" falsecount="0"/>
        <line num="110" count="14" type="stmt"/>
        <line num="111" count="4" type="stmt"/>
        <line num="112" count="4" type="stmt"/>
        <line num="113" count="3" type="cond" truecount="1" falsecount="1"/>
        <line num="114" count="3" type="cond" truecount="2" falsecount="0"/>
        <line num="115" count="2" type="stmt"/>
        <line num="116" count="2" type="stmt"/>
        <line num="117" count="2" type="stmt"/>
        <line num="118" count="2" type="cond" truecount="1" falsecount="1"/>
        <line num="119" count="2" type="stmt"/>
        <line num="120" count="2" type="stmt"/>
        <line num="124" count="1" type="stmt"/>
        <line num="128" count="14" type="stmt"/>
        <line num="129" count="14" type="cond" truecount="2" falsecount="0"/>
        <line num="130" count="12" type="stmt"/>
        <line num="131" count="12" type="stmt"/>
        <line num="136" count="391" type="cond" truecount="0" falsecount="1"/>
        <line num="137" count="14" type="stmt"/>
        <line num="138" count="14" type="stmt"/>
        <line num="139" count="14" type="stmt"/>
        <line num="140" count="10" type="stmt"/>
        <line num="142" count="4" type="stmt"/>
        <line num="143" count="4" type="cond" truecount="2" falsecount="0"/>
        <line num="147" count="391" type="stmt"/>
        <line num="148" count="94" type="cond" truecount="2" falsecount="0"/>
        <line num="149" count="94" type="cond" truecount="2" falsecount="0"/>
        <line num="150" count="1" type="stmt"/>
        <line num="151" count="1" type="stmt"/>
        <line num="154" count="93" type="stmt"/>
        <line num="155" count="93" type="stmt"/>
        <line num="156" count="93" type="stmt"/>
        <line num="157" count="93" type="stmt"/>
        <line num="158" count="86" type="cond" truecount="1" falsecount="1"/>
        <line num="160" count="7" type="cond" truecount="2" falsecount="0"/>
        <line num="161" count="7" type="stmt"/>
        <line num="163" count="93" type="stmt"/>
        <line num="167" count="391" type="stmt"/>
        <line num="168" count="391" type="stmt"/>
        <line num="170" count="391" type="stmt"/>
        <line num="171" count="234" type="cond" truecount="4" falsecount="0"/>
        <line num="172" count="80" type="stmt"/>
        <line num="177" count="391" type="stmt"/>
        <line num="178" count="2" type="stmt"/>
        <line num="179" count="2" type="stmt"/>
        <line num="180" count="2" type="stmt"/>
        <line num="181" count="2" type="stmt"/>
        <line num="182" count="1" type="stmt"/>
        <line num="183" count="1" type="stmt"/>
        <line num="184" count="1" type="stmt"/>
        <line num="186" count="1" type="stmt"/>
        <line num="187" count="1" type="stmt"/>
        <line num="189" count="2" type="stmt"/>
        <line num="193" count="391" type="stmt"/>
        <line num="194" count="4" type="stmt"/>
        <line num="200" count="2" type="stmt"/>
        <line num="201" count="2" type="stmt"/>
        <line num="202" count="1" type="stmt"/>
        <line num="203" count="1" type="stmt"/>
        <line num="205" count="1" type="stmt"/>
        <line num="211" count="391" type="stmt"/>
        <line num="212" count="244" type="cond" truecount="2" falsecount="0"/>
        <line num="214" count="123" type="stmt"/>
        <line num="216" count="27" type="stmt"/>
        <line num="218" count="77" type="stmt"/>
        <line num="222" count="123" type="cond" truecount="2" falsecount="0"/>
        <line num="225" count="151" type="cond" truecount="1" falsecount="1"/>
        <line num="226" count="359" type="stmt"/>
        <line num="229" count="756" type="stmt"/>
        <line num="230" count="574" type="cond" truecount="2" falsecount="0"/>
        <line num="231" count="123" type="stmt"/>
        <line num="232" count="526" type="stmt"/>
        <line num="233" count="526" type="stmt"/>
        <line num="236" count="123" type="stmt"/>
        <line num="237" count="913" type="stmt"/>
        <line num="242" count="391" type="stmt"/>
        <line num="243" count="242" type="cond" truecount="2" falsecount="0"/>
        <line num="244" count="773" type="stmt"/>
        <line num="246" count="123" type="stmt"/>
        <line num="250" count="0" type="cond" truecount="0" falsecount="2"/>
        <line num="251" count="0" type="cond" truecount="0" falsecount="2"/>
        <line num="252" count="0" type="stmt"/>
        <line num="254" count="0" type="cond" truecount="0" falsecount="2"/>
        <line num="263" count="773" type="stmt"/>
        <line num="273" count="526" type="stmt"/>
        <line num="278" count="348" type="stmt"/>
        <line num="296" count="391" type="stmt"/>
        <line num="303" count="409" type="stmt"/>
        <line num="310" count="409" type="cond" truecount="2" falsecount="0"/>
        <line num="317" count="409" type="stmt"/>
        <line num="324" count="391" type="stmt"/>
        <line num="351" count="34" type="stmt"/>
        <line num="352" count="14" type="stmt"/>
        <line num="381" count="12" type="stmt"/>
        <line num="384" count="2" type="cond" truecount="2" falsecount="0"/>
        <line num="402" count="78" type="stmt"/>
        <line num="433" count="2" type="stmt"/>
        <line num="444" count="6" type="cond" truecount="1" falsecount="1"/>
        <line num="445" count="6" type="stmt"/>
        <line num="455" count="2" type="stmt"/>
        <line num="477" count="0" type="stmt"/>
      </file>
      <file name="NotFoundPage.tsx" path="D:\learn\claudecode\gmpaudit\frontend\src\pages\NotFoundPage.tsx">
        <metrics statements="4" coveredstatements="3" conditionals="0" coveredconditionals="0" methods="2" coveredmethods="1"/>
        <line num="5" count="1" type="stmt"/>
        <line num="6" count="3" type="stmt"/>
        <line num="8" count="3" type="stmt"/>
        <line num="14" count="0" type="stmt"/>
      </file>
      <file name="ReportsPage.tsx" path="D:\learn\claudecode\gmpaudit\frontend\src\pages\ReportsPage.tsx">
        <metrics statements="79" coveredstatements="74" conditionals="58" coveredconditionals="51" methods="20" coveredmethods="16"/>
        <line num="11" count="4" type="stmt"/>
        <line num="13" count="4" type="stmt"/>
        <line num="19" count="4" type="stmt"/>
        <line num="28" count="200" type="cond" truecount="2" falsecount="0"/>
        <line num="31" count="4" type="stmt"/>
        <line num="32" count="212" type="stmt"/>
        <line num="33" count="212" type="stmt"/>
        <line num="34" count="212" type="cond" truecount="2" falsecount="2"/>
        <line num="35" count="212" type="stmt"/>
        <line num="36" count="212" type="stmt"/>
        <line num="37" count="212" type="stmt"/>
        <line num="38" count="212" type="stmt"/>
        <line num="39" count="212" type="stmt"/>
        <line num="40" count="212" type="stmt"/>
        <line num="42" count="212" type="stmt"/>
        <line num="43" count="54" type="stmt"/>
        <line num="44" count="54" type="stmt"/>
        <line num="45" count="54" type="stmt"/>
        <line num="46" count="51" type="cond" truecount="2" falsecount="0"/>
        <line num="48" count="2" type="cond" truecount="2" falsecount="0"/>
        <line num="50" count="53" type="stmt"/>
        <line num="54" count="212" type="stmt"/>
        <line num="55" count="54" type="stmt"/>
        <line num="58" count="212" type="stmt"/>
        <line num="59" count="28" type="stmt"/>
        <line num="60" count="28" type="stmt"/>
        <line num="61" count="28" type="stmt"/>
        <line num="62" count="28" type="stmt"/>
        <line num="63" count="25" type="stmt"/>
        <line num="65" count="3" type="cond" truecount="2" falsecount="0"/>
        <line num="66" count="3" type="stmt"/>
        <line num="68" count="28" type="stmt"/>
        <line num="72" count="212" type="stmt"/>
        <line num="73" count="102" type="cond" truecount="1" falsecount="1"/>
        <line num="74" count="0" type="stmt"/>
        <line num="77" count="212" type="stmt"/>
        <line num="78" count="1" type="cond" truecount="1" falsecount="1"/>
        <line num="79" count="1" type="stmt"/>
        <line num="80" count="1" type="stmt"/>
        <line num="81" count="1" type="stmt"/>
        <line num="82" count="1" type="stmt"/>
        <line num="83" count="1" type="cond" truecount="1" falsecount="1"/>
        <line num="84" count="1" type="stmt"/>
        <line num="85" count="1" type="stmt"/>
        <line num="86" count="1" type="stmt"/>
        <line num="87" count="1" type="stmt"/>
        <line num="88" count="1" type="stmt"/>
        <line num="91" count="212" type="stmt"/>
        <line num="92" count="5" type="cond" truecount="1" falsecount="1"/>
        <line num="93" count="5" type="stmt"/>
        <line num="94" count="5" type="stmt"/>
        <line num="95" count="5" type="stmt"/>
        <line num="96" count="2" type="stmt"/>
        <line num="97" count="2" type="stmt"/>
        <line num="98" count="2" type="stmt"/>
        <line num="99" count="2" type="cond" truecount="1" falsecount="1"/>
        <line num="100" count="2" type="stmt"/>
        <line num="101" count="2" type="stmt"/>
        <line num="102" count="2" type="stmt"/>
        <line num="103" count="2" type="stmt"/>
        <line num="104" count="2" type="stmt"/>
        <line num="106" count="3" type="cond" truecount="2" falsecount="0"/>
        <line num="110" count="212" type="stmt"/>
        <line num="116" count="175" type="stmt"/>
        <line num="117" count="175" type="cond" truecount="2" falsecount="0"/>
        <line num="118" count="175" type="stmt"/>
        <line num="134" count="175" type="cond" truecount="2" falsecount="0"/>
        <line num="140" count="175" type="cond" truecount="2" falsecount="0"/>
        <line num="147" count="175" type="cond" truecount="2" falsecount="0"/>
        <line num="154" count="175" type="stmt"/>
        <line num="161" count="212" type="stmt"/>
        <line num="187" count="0" type="stmt"/>
        <line num="210" count="0" type="stmt"/>
        <line num="211" count="0" type="stmt"/>
        <line num="217" count="0" type="stmt"/>
        <line num="225" count="5" type="stmt"/>
        <line num="250" count="25" type="stmt"/>
        <line num="251" count="25" type="cond" truecount="2" falsecount="0"/>
        <line num="252" count="25" type="cond" truecount="5" falsecount="0"/>
      </file>
      <file name="SettingsPage.tsx" path="D:\learn\claudecode\gmpaudit\frontend\src\pages\SettingsPage.tsx">
        <metrics statements="149" coveredstatements="138" conditionals="145" coveredconditionals="117" methods="41" coveredmethods="32"/>
        <line num="29" count="3" type="stmt"/>
        <line num="32" count="3" type="stmt"/>
        <line num="55" count="3" type="stmt"/>
        <line num="56" count="257" type="stmt"/>
        <line num="57" count="256" type="stmt"/>
        <line num="58" count="256" type="stmt"/>
        <line num="59" count="256" type="stmt"/>
        <line num="60" count="256" type="stmt"/>
        <line num="61" count="256" type="stmt"/>
        <line num="62" count="256" type="stmt"/>
        <line num="63" count="256" type="stmt"/>
        <line num="65" count="256" type="stmt"/>
        <line num="66" count="92" type="stmt"/>
        <line num="69" count="256" type="stmt"/>
        <line num="70" count="92" type="stmt"/>
        <line num="71" count="92" type="stmt"/>
        <line num="72" count="92" type="stmt"/>
        <line num="77" count="91" type="cond" truecount="2" falsecount="0"/>
        <line num="78" count="91" type="cond" truecount="2" falsecount="0"/>
        <line num="80" count="91" type="stmt"/>
        <line num="82" count="91" type="stmt"/>
        <line num="83" count="91" type="cond" truecount="1" falsecount="1"/>
        <line num="84" count="91" type="stmt"/>
        <line num="85" count="664" type="cond" truecount="1" falsecount="1"/>
        <line num="89" count="490" type="cond" truecount="2" falsecount="0"/>
        <line num="90" count="91" type="stmt"/>
        <line num="91" count="245" type="stmt"/>
        <line num="92" count="245" type="stmt"/>
        <line num="93" count="245" type="cond" truecount="6" falsecount="0"/>
        <line num="94" count="166" type="stmt"/>
        <line num="96" count="245" type="cond" truecount="6" falsecount="0"/>
        <line num="97" count="166" type="stmt"/>
        <line num="101" count="91" type="stmt"/>
        <line num="102" count="91" type="stmt"/>
        <line num="104" count="0" type="cond" truecount="0" falsecount="2"/>
        <line num="106" count="91" type="stmt"/>
        <line num="110" count="2372" type="cond" truecount="3" falsecount="0"/>
        <line num="112" count="256" type="stmt"/>
        <line num="113" count="29" type="stmt"/>
        <line num="116" count="256" type="stmt"/>
        <line num="117" count="214" type="stmt"/>
        <line num="118" count="214" type="stmt"/>
        <line num="119" count="1399" type="cond" truecount="4" falsecount="0"/>
        <line num="120" count="29" type="stmt"/>
        <line num="123" count="214" type="stmt"/>
        <line num="127" count="256" type="stmt"/>
        <line num="128" count="111" type="stmt"/>
        <line num="129" count="0" type="cond" truecount="0" falsecount="2"/>
        <line num="130" count="0" type="stmt"/>
        <line num="133" count="111" type="stmt"/>
        <line num="134" count="111" type="stmt"/>
        <line num="137" count="256" type="stmt"/>
        <line num="138" count="10" type="stmt"/>
        <line num="139" count="10" type="stmt"/>
        <line num="140" count="10" type="stmt"/>
        <line num="141" count="10" type="stmt"/>
        <line num="142" count="115" type="cond" truecount="4" falsecount="0"/>
        <line num="143" count="9" type="stmt"/>
        <line num="148" count="10" type="stmt"/>
        <line num="149" count="30" type="cond" truecount="2" falsecount="0"/>
        <line num="150" count="30" type="cond" truecount="4" falsecount="0"/>
        <line num="151" count="7" type="stmt"/>
        <line num="152" count="7" type="stmt"/>
        <line num="153" count="7" type="cond" truecount="3" falsecount="1"/>
        <line num="154" count="7" type="stmt"/>
        <line num="156" count="7" type="cond" truecount="3" falsecount="1"/>
        <line num="157" count="7" type="stmt"/>
        <line num="162" count="10" type="cond" truecount="2" falsecount="0"/>
        <line num="163" count="1" type="stmt"/>
        <line num="164" count="1" type="stmt"/>
        <line num="167" count="9" type="stmt"/>
        <line num="168" count="23" type="cond" truecount="5" falsecount="0"/>
        <line num="169" count="2" type="stmt"/>
        <line num="170" count="2" type="stmt"/>
        <line num="171" count="2" type="stmt"/>
        <line num="172" count="2" type="stmt"/>
        <line num="176" count="7" type="stmt"/>
        <line num="177" count="4" type="stmt"/>
        <line num="178" count="4" type="stmt"/>
        <line num="180" count="3" type="cond" truecount="2" falsecount="0"/>
        <line num="182" count="10" type="stmt"/>
        <line num="186" count="256" type="stmt"/>
        <line num="187" count="8" type="stmt"/>
        <line num="188" count="8" type="stmt"/>
        <line num="189" count="8" type="cond" truecount="2" falsecount="0"/>
        <line num="190" count="1" type="stmt"/>
        <line num="191" count="1" type="stmt"/>
        <line num="194" count="7" type="stmt"/>
        <line num="195" count="7" type="stmt"/>
        <line num="196" count="7" type="stmt"/>
        <line num="197" count="7" type="cond" truecount="2" falsecount="0"/>
        <line num="199" count="7" type="stmt"/>
        <line num="200" count="7" type="stmt"/>
        <line num="201" count="6" type="cond" truecount="2" falsecount="0"/>
        <line num="202" count="4" type="stmt"/>
        <line num="203" count="4" type="stmt"/>
        <line num="205" count="2" type="cond" truecount="2" falsecount="0"/>
        <line num="208" count="1" type="cond" truecount="1" falsecount="1"/>
        <line num="209" count="1" type="stmt"/>
        <line num="213" count="256" type="stmt"/>
        <line num="214" count="10" type="stmt"/>
        <line num="215" count="10" type="cond" truecount="2" falsecount="0"/>
        <line num="216" count="1" type="stmt"/>
        <line num="217" count="1" type="stmt"/>
        <line num="220" count="15" type="stmt"/>
        <line num="221" count="9" type="stmt"/>
        <line num="222" count="9" type="stmt"/>
        <line num="223" count="9" type="stmt"/>
        <line num="224" count="9" type="stmt"/>
        <line num="230" count="7" type="stmt"/>
        <line num="231" count="7" type="stmt"/>
        <line num="232" count="7" type="cond" truecount="2" falsecount="0"/>
        <line num="233" count="5" type="stmt"/>
        <line num="236" count="2" type="stmt"/>
        <line num="242" count="9" type="stmt"/>
        <line num="246" count="256" type="stmt"/>
        <line num="247" count="314" type="stmt"/>
        <line num="248" count="314" type="cond" truecount="2" falsecount="0"/>
        <line num="251" count="256" type="stmt"/>
        <line num="252" count="256" type="stmt"/>
        <line num="253" count="470" type="stmt"/>
        <line num="255" count="256" type="stmt"/>
        <line num="258" count="256" type="stmt"/>
        <line num="259" count="174" type="cond" truecount="2" falsecount="0"/>
        <line num="260" count="82" type="cond" truecount="2" falsecount="0"/>
        <line num="266" count="256" type="stmt"/>
        <line num="267" count="173" type="cond" truecount="2" falsecount="0"/>
        <line num="268" count="243" type="cond" truecount="1" falsecount="1"/>
        <line num="274" count="256" type="cond" truecount="2" falsecount="0"/>
        <line num="275" count="92" type="stmt"/>
        <line num="278" count="164" type="stmt"/>
        <line num="319" count="0" type="stmt"/>
        <line num="322" count="470" type="stmt"/>
        <line num="323" count="314" type="stmt"/>
        <line num="344" count="25" type="stmt"/>
        <line num="355" count="0" type="stmt"/>
        <line num="360" count="150" type="cond" truecount="1" falsecount="1"/>
        <line num="370" count="2" type="stmt"/>
        <line num="379" count="7" type="stmt"/>
        <line num="422" count="0" type="stmt"/>
        <line num="430" count="0" type="stmt"/>
        <line num="435" count="39" type="cond" truecount="1" falsecount="1"/>
        <line num="442" count="0" type="stmt"/>
        <line num="451" count="3" type="stmt"/>
        <line num="496" count="0" type="stmt"/>
        <line num="503" count="0" type="stmt"/>
        <line num="542" count="1" type="cond" truecount="1" falsecount="1"/>
        <line num="554" count="1" type="cond" truecount="1" falsecount="1"/>
        <line num="561" count="0" type="stmt"/>
      </file>
    </package>
    <package name="src.services">
      <metrics statements="60" coveredstatements="60" conditionals="12" coveredconditionals="11" methods="40" coveredmethods="40"/>
      <file name="api.ts" path="D:\learn\claudecode\gmpaudit\frontend\src\services\api.ts">
        <metrics statements="60" coveredstatements="60" conditionals="12" coveredconditionals="11" methods="40" coveredmethods="40"/>
        <line num="21" count="2" type="cond" truecount="1" falsecount="1"/>
        <line num="23" count="2" type="stmt"/>
        <line num="28" count="2" type="stmt"/>
        <line num="29" count="1" type="stmt"/>
        <line num="31" count="4" type="cond" truecount="2" falsecount="0"/>
        <line num="33" count="2" type="cond" truecount="2" falsecount="0"/>
        <line num="34" count="1" type="stmt"/>
        <line num="36" count="1" type="stmt"/>
        <line num="39" count="2" type="stmt"/>
        <line num="40" count="2" type="cond" truecount="2" falsecount="0"/>
        <line num="41" count="1" type="stmt"/>
        <line num="44" count="4" type="stmt"/>
        <line num="48" count="2" type="stmt"/>
        <line num="50" count="1" type="stmt"/>
        <line num="51" count="2" type="stmt"/>
        <line num="52" count="1" type="stmt"/>
        <line num="55" count="2" type="stmt"/>
        <line num="56" count="1" type="stmt"/>
        <line num="57" count="1" type="stmt"/>
        <line num="58" count="1" type="stmt"/>
        <line num="61" count="2" type="stmt"/>
        <line num="63" count="1" type="stmt"/>
        <line num="65" count="2" type="stmt"/>
        <line num="66" count="1" type="stmt"/>
        <line num="67" count="1" type="stmt"/>
        <line num="68" count="1" type="stmt"/>
        <line num="70" count="1" type="stmt"/>
        <line num="72" count="1" type="stmt"/>
        <line num="74" count="1" type="stmt"/>
        <line num="75" count="1" type="stmt"/>
        <line num="77" count="2" type="stmt"/>
        <line num="79" count="1" type="stmt"/>
        <line num="81" count="1" type="stmt"/>
        <line num="90" count="2" type="stmt"/>
        <line num="92" count="2" type="stmt"/>
        <line num="95" count="2" type="stmt"/>
        <line num="97" count="2" type="stmt"/>
        <line num="98" count="1" type="stmt"/>
        <line num="100" count="1" type="stmt"/>
        <line num="103" count="2" type="stmt"/>
        <line num="104" count="1" type="stmt"/>
        <line num="105" count="1" type="stmt"/>
        <line num="107" count="1" type="stmt"/>
        <line num="108" count="1" type="stmt"/>
        <line num="110" count="1" type="stmt"/>
        <line num="113" count="2" type="stmt"/>
        <line num="115" count="2" type="stmt"/>
        <line num="116" count="1" type="stmt"/>
        <line num="117" count="1" type="stmt"/>
        <line num="120" count="2" type="stmt"/>
        <line num="121" count="1" type="stmt"/>
        <line num="122" count="2" type="cond" truecount="1" falsecount="0"/>
        <line num="123" count="1" type="stmt"/>
        <line num="125" count="2" type="stmt"/>
        <line num="126" count="1" type="stmt"/>
        <line num="127" count="1" type="stmt"/>
        <line num="129" count="1" type="stmt"/>
        <line num="130" count="1" type="stmt"/>
        <line num="131" count="1" type="stmt"/>
        <line num="134" count="1" type="stmt"/>
      </file>
    </package>
  </project>
</coverage>
