{"D:\\learn\\claudecode\\gmpaudit\\frontend\\src\\App.tsx": {"path":"D:\\learn\\claudecode\\gmpaudit\\frontend\\src\\App.tsx","statementMap":{"0":{"start":{"line":9,"column":22},"end":{"line":9,"column":65}},"1":{"start":{"line":9,"column":33},"end":{"line":9,"column":64}},"2":{"start":{"line":10,"column":22},"end":{"line":10,"column":65}},"3":{"start":{"line":10,"column":33},"end":{"line":10,"column":64}},"4":{"start":{"line":11,"column":23},"end":{"line":11,"column":67}},"5":{"start":{"line":11,"column":34},"end":{"line":11,"column":66}},"6":{"start":{"line":12,"column":20},"end":{"line":12,"column":61}},"7":{"start":{"line":12,"column":31},"end":{"line":12,"column":60}},"8":{"start":{"line":13,"column":21},"end":{"line":13,"column":63}},"9":{"start":{"line":13,"column":32},"end":{"line":13,"column":62}},"10":{"start":{"line":14,"column":19},"end":{"line":14,"column":59}},"11":{"start":{"line":14,"column":30},"end":{"line":14,"column":58}},"12":{"start":{"line":15,"column":27},"end":{"line":15,"column":75}},"13":{"start":{"line":15,"column":38},"end":{"line":15,"column":74}},"14":{"start":{"line":16,"column":21},"end":{"line":16,"column":63}},"15":{"start":{"line":16,"column":32},"end":{"line":16,"column":62}},"16":{"start":{"line":18,"column":20},"end":{"line":18,"column":26}},"17":{"start":{"line":20,"column":16},"end":{"line":24,"column":1}},"18":{"start":{"line":21,"column":2},"end":{"line":23,"column":8}},"19":{"start":{"line":26,"column":28},"end":{"line":49,"column":1}},"20":{"start":{"line":27,"column":2},"end":{"line":48,"column":11}},"21":{"start":{"line":51,"column":22},"end":{"line":74,"column":1}},"22":{"start":{"line":52,"column":2},"end":{"line":73,"column":4}}},"fnMap":{"0":{"name":"(anonymous_0)","decl":{"start":{"line":9,"column":27},"end":{"line":9,"column":28}},"loc":{"start":{"line":9,"column":33},"end":{"line":9,"column":64}},"line":9},"1":{"name":"(anonymous_1)","decl":{"start":{"line":10,"column":27},"end":{"line":10,"column":28}},"loc":{"start":{"line":10,"column":33},"end":{"line":10,"column":64}},"line":10},"2":{"name":"(anonymous_2)","decl":{"start":{"line":11,"column":28},"end":{"line":11,"column":29}},"loc":{"start":{"line":11,"column":34},"end":{"line":11,"column":66}},"line":11},"3":{"name":"(anonymous_3)","decl":{"start":{"line":12,"column":25},"end":{"line":12,"column":26}},"loc":{"start":{"line":12,"column":31},"end":{"line":12,"column":60}},"line":12},"4":{"name":"(anonymous_4)","decl":{"start":{"line":13,"column":26},"end":{"line":13,"column":27}},"loc":{"start":{"line":13,"column":32},"end":{"line":13,"column":62}},"line":13},"5":{"name":"(anonymous_5)","decl":{"start":{"line":14,"column":24},"end":{"line":14,"column":25}},"loc":{"start":{"line":14,"column":30},"end":{"line":14,"column":58}},"line":14},"6":{"name":"(anonymous_6)","decl":{"start":{"line":15,"column":32},"end":{"line":15,"column":33}},"loc":{"start":{"line":15,"column":38},"end":{"line":15,"column":74}},"line":15},"7":{"name":"(anonymous_7)","decl":{"start":{"line":16,"column":26},"end":{"line":16,"column":27}},"loc":{"start":{"line":16,"column":32},"end":{"line":16,"column":62}},"line":16},"8":{"name":"(anonymous_8)","decl":{"start":{"line":20,"column":16},"end":{"line":20,"column":17}},"loc":{"start":{"line":21,"column":2},"end":{"line":23,"column":8}},"line":21},"9":{"name":"(anonymous_9)","decl":{"start":{"line":26,"column":28},"end":{"line":26,"column":29}},"loc":{"start":{"line":27,"column":2},"end":{"line":48,"column":11}},"line":27},"10":{"name":"(anonymous_10)","decl":{"start":{"line":51,"column":22},"end":{"line":51,"column":23}},"loc":{"start":{"line":51,"column":28},"end":{"line":74,"column":1}},"line":51}},"branchMap":{},"s":{"0":2,"1":2,"2":2,"3":2,"4":2,"5":2,"6":2,"7":2,"8":2,"9":2,"10":2,"11":2,"12":2,"13":2,"14":2,"15":2,"16":2,"17":2,"18":16,"19":2,"20":31,"21":2,"22":32},"f":{"0":2,"1":2,"2":2,"3":2,"4":2,"5":2,"6":2,"7":2,"8":16,"9":31,"10":32},"b":{},"_coverageSchema":"1a1c01bbd47fc00a2c39e90264f33305004495a9","hash":"c895334ccc8ba5adafcf04f10851c149c58bd0ce"}
,"D:\\learn\\claudecode\\gmpaudit\\frontend\\src\\index.tsx": {"path":"D:\\learn\\claudecode\\gmpaudit\\frontend\\src\\index.tsx","statementMap":{"0":{"start":{"line":5,"column":13},"end":{"line":7,"column":1}},"1":{"start":{"line":9,"column":0},"end":{"line":13,"column":2}}},"fnMap":{},"branchMap":{},"s":{"0":0,"1":0},"f":{},"b":{}}
,"D:\\learn\\claudecode\\gmpaudit\\frontend\\src\\components\\AgentFlowChart.tsx": {"path":"D:\\learn\\claudecode\\gmpaudit\\frontend\\src\\components\\AgentFlowChart.tsx","statementMap":{"0":{"start":{"line":13,"column":20},"end":{"line":13,"column":63}},"1":{"start":{"line":15,"column":54},"end":{"line":116,"column":1}},"2":{"start":{"line":16,"column":23},"end":{"line":21,"column":3}},"3":{"start":{"line":17,"column":4},"end":{"line":17,"column":58}},"4":{"start":{"line":17,"column":31},"end":{"line":17,"column":58}},"5":{"start":{"line":18,"column":4},"end":{"line":18,"column":71}},"6":{"start":{"line":18,"column":41},"end":{"line":18,"column":71}},"7":{"start":{"line":19,"column":4},"end":{"line":19,"column":60}},"8":{"start":{"line":19,"column":32},"end":{"line":19,"column":60}},"9":{"start":{"line":20,"column":4},"end":{"line":20,"column":32}},"10":{"start":{"line":23,"column":28},"end":{"line":26,"column":3}},"11":{"start":{"line":24,"column":4},"end":{"line":24,"column":42}},"12":{"start":{"line":24,"column":32},"end":{"line":24,"column":42}},"13":{"start":{"line":25,"column":4},"end":{"line":25,"column":14}},"14":{"start":{"line":28,"column":24},"end":{"line":28,"column":109}},"15":{"start":{"line":30,"column":16},"end":{"line":53,"column":3}},"16":{"start":{"line":41,"column":42},"end":{"line":51,"column":5}},"17":{"start":{"line":55,"column":16},"end":{"line":80,"column":3}},"18":{"start":{"line":64,"column":55},"end":{"line":71,"column":5}},"19":{"start":{"line":82,"column":17},"end":{"line":98,"column":3}},"20":{"start":{"line":100,"column":19},"end":{"line":109,"column":15}},"21":{"start":{"line":103,"column":10},"end":{"line":106,"column":11}},"22":{"start":{"line":104,"column":30},"end":{"line":104,"column":84}},"23":{"start":{"line":104,"column":52},"end":{"line":104,"column":83}},"24":{"start":{"line":105,"column":12},"end":{"line":105,"column":50}},"25":{"start":{"line":105,"column":27},"end":{"line":105,"column":50}},"26":{"start":{"line":111,"column":2},"end":{"line":115,"column":4}}},"fnMap":{"0":{"name":"(anonymous_0)","decl":{"start":{"line":15,"column":54},"end":{"line":15,"column":55}},"loc":{"start":{"line":15,"column":126},"end":{"line":116,"column":1}},"line":15},"1":{"name":"(anonymous_1)","decl":{"start":{"line":16,"column":23},"end":{"line":16,"column":24}},"loc":{"start":{"line":16,"column":42},"end":{"line":21,"column":3}},"line":16},"2":{"name":"(anonymous_2)","decl":{"start":{"line":23,"column":28},"end":{"line":23,"column":29}},"loc":{"start":{"line":23,"column":47},"end":{"line":26,"column":3}},"line":23},"3":{"name":"(anonymous_3)","decl":{"start":{"line":41,"column":23},"end":{"line":41,"column":24}},"loc":{"start":{"line":41,"column":42},"end":{"line":51,"column":5}},"line":41},"4":{"name":"(anonymous_4)","decl":{"start":{"line":64,"column":36},"end":{"line":64,"column":37}},"loc":{"start":{"line":64,"column":55},"end":{"line":71,"column":5}},"line":64},"5":{"name":"(anonymous_5)","decl":{"start":{"line":102,"column":15},"end":{"line":102,"column":16}},"loc":{"start":{"line":102,"column":32},"end":{"line":107,"column":9}},"line":102},"6":{"name":"(anonymous_6)","decl":{"start":{"line":104,"column":47},"end":{"line":104,"column":48}},"loc":{"start":{"line":104,"column":52},"end":{"line":104,"column":83}},"line":104}},"branchMap":{"0":{"loc":{"start":{"line":17,"column":4},"end":{"line":17,"column":58}},"type":"if","locations":[{"start":{"line":17,"column":4},"end":{"line":17,"column":58}},{"start":{},"end":{}}],"line":17},"1":{"loc":{"start":{"line":18,"column":4},"end":{"line":18,"column":71}},"type":"if","locations":[{"start":{"line":18,"column":4},"end":{"line":18,"column":71}},{"start":{},"end":{}}],"line":18},"2":{"loc":{"start":{"line":19,"column":4},"end":{"line":19,"column":60}},"type":"if","locations":[{"start":{"line":19,"column":4},"end":{"line":19,"column":60}},{"start":{},"end":{}}],"line":19},"3":{"loc":{"start":{"line":24,"column":4},"end":{"line":24,"column":42}},"type":"if","locations":[{"start":{"line":24,"column":4},"end":{"line":24,"column":42}},{"start":{},"end":{}}],"line":24},"4":{"loc":{"start":{"line":28,"column":24},"end":{"line":28,"column":109}},"type":"binary-expr","locations":[{"start":{"line":28,"column":24},"end":{"line":28,"column":50}},{"start":{"line":28,"column":54},"end":{"line":28,"column":79}},{"start":{"line":28,"column":83},"end":{"line":28,"column":109}}],"line":28},"5":{"loc":{"start":{"line":35,"column":18},"end":{"line":35,"column":41}},"type":"cond-expr","locations":[{"start":{"line":35,"column":34},"end":{"line":35,"column":36}},{"start":{"line":35,"column":39},"end":{"line":35,"column":41}}],"line":35},"6":{"loc":{"start":{"line":37,"column":15},"end":{"line":37,"column":63}},"type":"cond-expr","locations":[{"start":{"line":37,"column":31},"end":{"line":37,"column":51}},{"start":{"line":37,"column":54},"end":{"line":37,"column":63}}],"line":37},"7":{"loc":{"start":{"line":38,"column":12},"end":{"line":38,"column":86}},"type":"cond-expr","locations":[{"start":{"line":38,"column":28},"end":{"line":38,"column":81}},{"start":{"line":38,"column":84},"end":{"line":38,"column":86}}],"line":38},"8":{"loc":{"start":{"line":42,"column":12},"end":{"line":42,"column":40}},"type":"binary-expr","locations":[{"start":{"line":42,"column":12},"end":{"line":42,"column":31}},{"start":{"line":42,"column":35},"end":{"line":42,"column":40}}],"line":42},"9":{"loc":{"start":{"line":48,"column":12},"end":{"line":48,"column":94}},"type":"cond-expr","locations":[{"start":{"line":48,"column":37},"end":{"line":48,"column":89}},{"start":{"line":48,"column":92},"end":{"line":48,"column":94}}],"line":48},"10":{"loc":{"start":{"line":60,"column":15},"end":{"line":60,"column":92}},"type":"cond-expr","locations":[{"start":{"line":60,"column":58},"end":{"line":60,"column":80}},{"start":{"line":60,"column":83},"end":{"line":60,"column":92}}],"line":60},"11":{"loc":{"start":{"line":61,"column":15},"end":{"line":61,"column":63}},"type":"cond-expr","locations":[{"start":{"line":61,"column":58},"end":{"line":61,"column":59}},{"start":{"line":61,"column":62},"end":{"line":61,"column":63}}],"line":61},"12":{"loc":{"start":{"line":68,"column":15},"end":{"line":68,"column":83}},"type":"cond-expr","locations":[{"start":{"line":68,"column":49},"end":{"line":68,"column":71}},{"start":{"line":68,"column":74},"end":{"line":68,"column":83}}],"line":68},"13":{"loc":{"start":{"line":69,"column":15},"end":{"line":69,"column":54}},"type":"cond-expr","locations":[{"start":{"line":69,"column":49},"end":{"line":69,"column":50}},{"start":{"line":69,"column":53},"end":{"line":69,"column":54}}],"line":69},"14":{"loc":{"start":{"line":76,"column":15},"end":{"line":76,"column":113}},"type":"cond-expr","locations":[{"start":{"line":76,"column":79},"end":{"line":76,"column":101}},{"start":{"line":76,"column":104},"end":{"line":76,"column":113}}],"line":76},"15":{"loc":{"start":{"line":77,"column":15},"end":{"line":77,"column":84}},"type":"cond-expr","locations":[{"start":{"line":77,"column":79},"end":{"line":77,"column":80}},{"start":{"line":77,"column":83},"end":{"line":77,"column":84}}],"line":77},"16":{"loc":{"start":{"line":100,"column":19},"end":{"line":109,"column":15}},"type":"cond-expr","locations":[{"start":{"line":101,"column":6},"end":{"line":108,"column":7}},{"start":{"line":109,"column":6},"end":{"line":109,"column":15}}],"line":100},"17":{"loc":{"start":{"line":103,"column":10},"end":{"line":106,"column":11}},"type":"if","locations":[{"start":{"line":103,"column":10},"end":{"line":106,"column":11}},{"start":{},"end":{}}],"line":103},"18":{"loc":{"start":{"line":105,"column":12},"end":{"line":105,"column":50}},"type":"if","locations":[{"start":{"line":105,"column":12},"end":{"line":105,"column":50}},{"start":{},"end":{}}],"line":105}},"s":{"0":3,"1":3,"2":43,"3":195,"4":11,"5":184,"6":42,"7":142,"8":36,"9":106,"10":43,"11":172,"12":23,"13":149,"14":43,"15":43,"16":172,"17":43,"18":129,"19":43,"20":43,"21":0,"22":0,"23":0,"24":0,"25":0,"26":43},"f":{"0":43,"1":195,"2":172,"3":172,"4":129,"5":0,"6":0},"b":{"0":[11,184],"1":[42,142],"2":[36,106],"3":[23,149],"4":[43,30,28],"5":[17,26],"6":[17,26],"7":[17,26],"8":[172,0],"9":[23,149],"10":[20,23],"11":[20,23],"12":[39,90],"13":[39,90],"14":[3,40],"15":[3,40],"16":[2,41],"17":[0,0],"18":[0,0]},"_coverageSchema":"1a1c01bbd47fc00a2c39e90264f33305004495a9","hash":"fc362ab723c5926502a7a5454e8bcb77d2b0e7e5"}
,"D:\\learn\\claudecode\\gmpaudit\\frontend\\src\\components\\AgentThinkingPanel.tsx": {"path":"D:\\learn\\claudecode\\gmpaudit\\frontend\\src\\components\\AgentThinkingPanel.tsx","statementMap":{"0":{"start":{"line":12,"column":17},"end":{"line":12,"column":27}},"1":{"start":{"line":20,"column":25},"end":{"line":25,"column":1}},"2":{"start":{"line":27,"column":20},"end":{"line":27,"column":43}},"3":{"start":{"line":27,"column":37},"end":{"line":27,"column":42}},"4":{"start":{"line":35,"column":2},"end":{"line":35,"column":104}},"5":{"start":{"line":35,"column":90},"end":{"line":35,"column":104}},"6":{"start":{"line":36,"column":2},"end":{"line":44,"column":3}},"7":{"start":{"line":38,"column":22},"end":{"line":38,"column":58}},"8":{"start":{"line":39,"column":20},"end":{"line":39,"column":48}},"9":{"start":{"line":40,"column":4},"end":{"line":40,"column":40}},"10":{"start":{"line":40,"column":23},"end":{"line":40,"column":40}},"11":{"start":{"line":41,"column":4},"end":{"line":41,"column":43}},"12":{"start":{"line":41,"column":29},"end":{"line":41,"column":43}},"13":{"start":{"line":42,"column":4},"end":{"line":42,"column":47}},"14":{"start":{"line":42,"column":31},"end":{"line":42,"column":47}},"15":{"start":{"line":43,"column":4},"end":{"line":43,"column":21}},"16":{"start":{"line":45,"column":21},"end":{"line":45,"column":54}},"17":{"start":{"line":46,"column":18},"end":{"line":46,"column":46}},"18":{"start":{"line":47,"column":2},"end":{"line":47,"column":42}},"19":{"start":{"line":47,"column":28},"end":{"line":47,"column":42}},"20":{"start":{"line":48,"column":2},"end":{"line":48,"column":67}},"21":{"start":{"line":48,"column":30},"end":{"line":48,"column":67}},"22":{"start":{"line":49,"column":2},"end":{"line":49,"column":19}},"23":{"start":{"line":56,"column":2},"end":{"line":60,"column":3}},"24":{"start":{"line":56,"column":15},"end":{"line":56,"column":32}},"25":{"start":{"line":57,"column":4},"end":{"line":59,"column":5}},"26":{"start":{"line":58,"column":6},"end":{"line":58,"column":31}},"27":{"start":{"line":61,"column":2},"end":{"line":61,"column":14}},"28":{"start":{"line":71,"column":62},"end":{"line":291,"column":1}},"29":{"start":{"line":77,"column":36},"end":{"line":77,"column":51}},"30":{"start":{"line":80,"column":2},"end":{"line":84,"column":41}},"31":{"start":{"line":81,"column":4},"end":{"line":83,"column":5}},"32":{"start":{"line":82,"column":6},"end":{"line":82,"column":25}},"33":{"start":{"line":87,"column":25},"end":{"line":91,"column":31}},"34":{"start":{"line":88,"column":4},"end":{"line":88,"column":112}},"35":{"start":{"line":88,"column":92},"end":{"line":88,"column":112}},"36":{"start":{"line":89,"column":16},"end":{"line":89,"column":49}},"37":{"start":{"line":90,"column":4},"end":{"line":90,"column":30}},"38":{"start":{"line":93,"column":19},"end":{"line":93,"column":58}},"39":{"start":{"line":94,"column":27},"end":{"line":94,"column":75}},"40":{"start":{"line":96,"column":22},"end":{"line":107,"column":98}},"41":{"start":{"line":97,"column":4},"end":{"line":102,"column":5}},"42":{"start":{"line":98,"column":25},"end":{"line":100,"column":7}},"43":{"start":{"line":99,"column":15},"end":{"line":99,"column":90}},"44":{"start":{"line":101,"column":6},"end":{"line":101,"column":68}},"45":{"start":{"line":103,"column":4},"end":{"line":103,"column":34}},"46":{"start":{"line":103,"column":18},"end":{"line":103,"column":34}},"47":{"start":{"line":104,"column":4},"end":{"line":104,"column":82}},"48":{"start":{"line":104,"column":26},"end":{"line":104,"column":82}},"49":{"start":{"line":105,"column":4},"end":{"line":105,"column":51}},"50":{"start":{"line":105,"column":37},"end":{"line":105,"column":51}},"51":{"start":{"line":106,"column":4},"end":{"line":106,"column":55}},"52":{"start":{"line":109,"column":2},"end":{"line":290,"column":4}},"53":{"start":{"line":112,"column":26},"end":{"line":112,"column":66}},"54":{"start":{"line":133,"column":33},"end":{"line":138,"column":19}},"55":{"start":{"line":139,"column":18},"end":{"line":155,"column":20}},"56":{"start":{"line":163,"column":31},"end":{"line":168,"column":17}},"57":{"start":{"line":169,"column":32},"end":{"line":169,"column":74}},"58":{"start":{"line":170,"column":31},"end":{"line":170,"column":57}},"59":{"start":{"line":172,"column":16},"end":{"line":283,"column":18}},"60":{"start":{"line":270,"column":32},"end":{"line":275,"column":46}}},"fnMap":{"0":{"name":"(anonymous_0)","decl":{"start":{"line":27,"column":30},"end":{"line":27,"column":31}},"loc":{"start":{"line":27,"column":37},"end":{"line":27,"column":42}},"line":27},"1":{"name":"getStepStatus","decl":{"start":{"line":29,"column":9},"end":{"line":29,"column":22}},"loc":{"start":{"line":34,"column":44},"end":{"line":50,"column":1}},"line":34},"2":{"name":"getLatestMessage","decl":{"start":{"line":52,"column":9},"end":{"line":52,"column":25}},"loc":{"start":{"line":55,"column":17},"end":{"line":62,"column":1}},"line":55},"3":{"name":"(anonymous_3)","decl":{"start":{"line":71,"column":62},"end":{"line":71,"column":63}},"loc":{"start":{"line":76,"column":6},"end":{"line":291,"column":1}},"line":76},"4":{"name":"(anonymous_4)","decl":{"start":{"line":80,"column":12},"end":{"line":80,"column":13}},"loc":{"start":{"line":80,"column":18},"end":{"line":84,"column":3}},"line":80},"5":{"name":"(anonymous_5)","decl":{"start":{"line":87,"column":33},"end":{"line":87,"column":34}},"loc":{"start":{"line":87,"column":39},"end":{"line":91,"column":3}},"line":87},"6":{"name":"(anonymous_6)","decl":{"start":{"line":96,"column":30},"end":{"line":96,"column":31}},"loc":{"start":{"line":96,"column":36},"end":{"line":107,"column":3}},"line":96},"7":{"name":"(anonymous_7)","decl":{"start":{"line":99,"column":8},"end":{"line":99,"column":9}},"loc":{"start":{"line":99,"column":15},"end":{"line":99,"column":90}},"line":99},"8":{"name":"(anonymous_8)","decl":{"start":{"line":112,"column":16},"end":{"line":112,"column":17}},"loc":{"start":{"line":112,"column":26},"end":{"line":112,"column":66}},"line":112},"9":{"name":"(anonymous_9)","decl":{"start":{"line":132,"column":27},"end":{"line":132,"column":28}},"loc":{"start":{"line":132,"column":37},"end":{"line":156,"column":17}},"line":132},"10":{"name":"(anonymous_10)","decl":{"start":{"line":162,"column":25},"end":{"line":162,"column":26}},"loc":{"start":{"line":162,"column":42},"end":{"line":284,"column":15}},"line":162},"11":{"name":"(anonymous_11)","decl":{"start":{"line":269,"column":30},"end":{"line":269,"column":31}},"loc":{"start":{"line":270,"column":32},"end":{"line":275,"column":46}},"line":270}},"branchMap":{"0":{"loc":{"start":{"line":35,"column":2},"end":{"line":35,"column":104}},"type":"if","locations":[{"start":{"line":35,"column":2},"end":{"line":35,"column":104}},{"start":{},"end":{}}],"line":35},"1":{"loc":{"start":{"line":35,"column":6},"end":{"line":35,"column":88}},"type":"binary-expr","locations":[{"start":{"line":35,"column":6},"end":{"line":35,"column":16}},{"start":{"line":35,"column":21},"end":{"line":35,"column":49}},{"start":{"line":35,"column":53},"end":{"line":35,"column":87}}],"line":35},"2":{"loc":{"start":{"line":36,"column":2},"end":{"line":44,"column":3}},"type":"if","locations":[{"start":{"line":36,"column":2},"end":{"line":44,"column":3}},{"start":{},"end":{}}],"line":36},"3":{"loc":{"start":{"line":36,"column":6},"end":{"line":36,"column":45}},"type":"binary-expr","locations":[{"start":{"line":36,"column":6},"end":{"line":36,"column":16}},{"start":{"line":36,"column":20},"end":{"line":36,"column":45}}],"line":36},"4":{"loc":{"start":{"line":40,"column":4},"end":{"line":40,"column":40}},"type":"if","locations":[{"start":{"line":40,"column":4},"end":{"line":40,"column":40}},{"start":{},"end":{}}],"line":40},"5":{"loc":{"start":{"line":41,"column":4},"end":{"line":41,"column":43}},"type":"if","locations":[{"start":{"line":41,"column":4},"end":{"line":41,"column":43}},{"start":{},"end":{}}],"line":41},"6":{"loc":{"start":{"line":42,"column":4},"end":{"line":42,"column":47}},"type":"if","locations":[{"start":{"line":42,"column":4},"end":{"line":42,"column":47}},{"start":{},"end":{}}],"line":42},"7":{"loc":{"start":{"line":47,"column":2},"end":{"line":47,"column":42}},"type":"if","locations":[{"start":{"line":47,"column":2},"end":{"line":47,"column":42}},{"start":{},"end":{}}],"line":47},"8":{"loc":{"start":{"line":48,"column":2},"end":{"line":48,"column":67}},"type":"if","locations":[{"start":{"line":48,"column":2},"end":{"line":48,"column":67}},{"start":{},"end":{}}],"line":48},"9":{"loc":{"start":{"line":48,"column":37},"end":{"line":48,"column":66}},"type":"cond-expr","locations":[{"start":{"line":48,"column":49},"end":{"line":48,"column":57}},{"start":{"line":48,"column":60},"end":{"line":48,"column":66}}],"line":48},"10":{"loc":{"start":{"line":57,"column":4},"end":{"line":59,"column":5}},"type":"if","locations":[{"start":{"line":57,"column":4},"end":{"line":59,"column":5}},{"start":{},"end":{}}],"line":57},"11":{"loc":{"start":{"line":57,"column":8},"end":{"line":57,"column":71}},"type":"binary-expr","locations":[{"start":{"line":57,"column":8},"end":{"line":57,"column":35}},{"start":{"line":57,"column":39},"end":{"line":57,"column":71}}],"line":57},"12":{"loc":{"start":{"line":74,"column":2},"end":{"line":74,"column":29}},"type":"default-arg","locations":[{"start":{"line":74,"column":20},"end":{"line":74,"column":29}}],"line":74},"13":{"loc":{"start":{"line":75,"column":2},"end":{"line":75,"column":19}},"type":"default-arg","locations":[{"start":{"line":75,"column":14},"end":{"line":75,"column":19}}],"line":75},"14":{"loc":{"start":{"line":81,"column":4},"end":{"line":83,"column":5}},"type":"if","locations":[{"start":{"line":81,"column":4},"end":{"line":83,"column":5}},{"start":{},"end":{}}],"line":81},"15":{"loc":{"start":{"line":81,"column":8},"end":{"line":81,"column":47}},"type":"binary-expr","locations":[{"start":{"line":81,"column":8},"end":{"line":81,"column":18}},{"start":{"line":81,"column":22},"end":{"line":81,"column":47}}],"line":81},"16":{"loc":{"start":{"line":88,"column":4},"end":{"line":88,"column":112}},"type":"if","locations":[{"start":{"line":88,"column":4},"end":{"line":88,"column":112}},{"start":{},"end":{}}],"line":88},"17":{"loc":{"start":{"line":88,"column":8},"end":{"line":88,"column":90}},"type":"binary-expr","locations":[{"start":{"line":88,"column":8},"end":{"line":88,"column":18}},{"start":{"line":88,"column":23},"end":{"line":88,"column":51}},{"start":{"line":88,"column":55},"end":{"line":88,"column":89}}],"line":88},"18":{"loc":{"start":{"line":90,"column":11},"end":{"line":90,"column":29}},"type":"cond-expr","locations":[{"start":{"line":90,"column":22},"end":{"line":90,"column":25}},{"start":{"line":90,"column":28},"end":{"line":90,"column":29}}],"line":90},"19":{"loc":{"start":{"line":93,"column":19},"end":{"line":93,"column":58}},"type":"binary-expr","locations":[{"start":{"line":93,"column":19},"end":{"line":93,"column":29}},{"start":{"line":93,"column":33},"end":{"line":93,"column":58}}],"line":93},"20":{"loc":{"start":{"line":94,"column":27},"end":{"line":94,"column":75}},"type":"binary-expr","locations":[{"start":{"line":94,"column":27},"end":{"line":94,"column":37}},{"start":{"line":94,"column":41},"end":{"line":94,"column":75}}],"line":94},"21":{"loc":{"start":{"line":97,"column":4},"end":{"line":102,"column":5}},"type":"if","locations":[{"start":{"line":97,"column":4},"end":{"line":102,"column":5}},{"start":{},"end":{}}],"line":97},"22":{"loc":{"start":{"line":101,"column":13},"end":{"line":101,"column":67}},"type":"cond-expr","locations":[{"start":{"line":101,"column":26},"end":{"line":101,"column":56}},{"start":{"line":101,"column":59},"end":{"line":101,"column":67}}],"line":101},"23":{"loc":{"start":{"line":103,"column":4},"end":{"line":103,"column":34}},"type":"if","locations":[{"start":{"line":103,"column":4},"end":{"line":103,"column":34}},{"start":{},"end":{}}],"line":103},"24":{"loc":{"start":{"line":104,"column":4},"end":{"line":104,"column":82}},"type":"if","locations":[{"start":{"line":104,"column":4},"end":{"line":104,"column":82}},{"start":{},"end":{}}],"line":104},"25":{"loc":{"start":{"line":105,"column":4},"end":{"line":105,"column":51}},"type":"if","locations":[{"start":{"line":105,"column":4},"end":{"line":105,"column":51}},{"start":{},"end":{}}],"line":105},"26":{"loc":{"start":{"line":111,"column":17},"end":{"line":111,"column":46}},"type":"cond-expr","locations":[{"start":{"line":111,"column":29},"end":{"line":111,"column":31}},{"start":{"line":111,"column":34},"end":{"line":111,"column":46}}],"line":111},"27":{"loc":{"start":{"line":147,"column":26},"end":{"line":151,"column":45}},"type":"cond-expr","locations":[{"start":{"line":148,"column":30},"end":{"line":148,"column":43}},{"start":{"line":149,"column":30},"end":{"line":151,"column":45}}],"line":147},"28":{"loc":{"start":{"line":149,"column":30},"end":{"line":151,"column":45}},"type":"cond-expr","locations":[{"start":{"line":150,"column":32},"end":{"line":150,"column":42}},{"start":{"line":151,"column":32},"end":{"line":151,"column":45}}],"line":149},"29":{"loc":{"start":{"line":179,"column":33},"end":{"line":179,"column":56}},"type":"cond-expr","locations":[{"start":{"line":179,"column":42},"end":{"line":179,"column":51}},{"start":{"line":179,"column":54},"end":{"line":179,"column":56}}],"line":179},"30":{"loc":{"start":{"line":184,"column":21},"end":{"line":197,"column":21}},"type":"binary-expr","locations":[{"start":{"line":184,"column":21},"end":{"line":184,"column":28}},{"start":{"line":185,"column":22},"end":{"line":196,"column":24}}],"line":184},"31":{"loc":{"start":{"line":193,"column":28},"end":{"line":193,"column":81}},"type":"cond-expr","locations":[{"start":{"line":193,"column":48},"end":{"line":193,"column":61}},{"start":{"line":193,"column":64},"end":{"line":193,"column":81}}],"line":193},"32":{"loc":{"start":{"line":210,"column":23},"end":{"line":227,"column":23}},"type":"cond-expr","locations":[{"start":{"line":211,"column":24},"end":{"line":213,"column":26}},{"start":{"line":214,"column":26},"end":{"line":227,"column":23}}],"line":210},"33":{"loc":{"start":{"line":214,"column":26},"end":{"line":227,"column":23}},"type":"cond-expr","locations":[{"start":{"line":215,"column":24},"end":{"line":217,"column":26}},{"start":{"line":218,"column":26},"end":{"line":227,"column":23}}],"line":214},"34":{"loc":{"start":{"line":218,"column":26},"end":{"line":227,"column":23}},"type":"cond-expr","locations":[{"start":{"line":219,"column":24},"end":{"line":222,"column":26}},{"start":{"line":224,"column":24},"end":{"line":226,"column":26}}],"line":218},"35":{"loc":{"start":{"line":234,"column":26},"end":{"line":238,"column":41}},"type":"cond-expr","locations":[{"start":{"line":235,"column":30},"end":{"line":235,"column":41}},{"start":{"line":236,"column":30},"end":{"line":238,"column":41}}],"line":234},"36":{"loc":{"start":{"line":236,"column":30},"end":{"line":238,"column":41}},"type":"cond-expr","locations":[{"start":{"line":237,"column":32},"end":{"line":237,"column":41}},{"start":{"line":238,"column":32},"end":{"line":238,"column":41}}],"line":236},"37":{"loc":{"start":{"line":243,"column":28},"end":{"line":247,"column":52}},"type":"cond-expr","locations":[{"start":{"line":244,"column":32},"end":{"line":244,"column":42}},{"start":{"line":245,"column":32},"end":{"line":247,"column":52}}],"line":243},"38":{"loc":{"start":{"line":245,"column":32},"end":{"line":247,"column":52}},"type":"cond-expr","locations":[{"start":{"line":246,"column":34},"end":{"line":246,"column":44}},{"start":{"line":247,"column":34},"end":{"line":247,"column":52}}],"line":245},"39":{"loc":{"start":{"line":252,"column":23},"end":{"line":261,"column":23}},"type":"binary-expr","locations":[{"start":{"line":252,"column":23},"end":{"line":252,"column":30}},{"start":{"line":252,"column":34},"end":{"line":252,"column":51}},{"start":{"line":253,"column":24},"end":{"line":260,"column":30}}],"line":252},"40":{"loc":{"start":{"line":262,"column":23},"end":{"line":280,"column":23}},"type":"binary-expr","locations":[{"start":{"line":262,"column":23},"end":{"line":262,"column":42}},{"start":{"line":263,"column":24},"end":{"line":279,"column":30}}],"line":262},"41":{"loc":{"start":{"line":268,"column":29},"end":{"line":276,"column":42}},"type":"binary-expr","locations":[{"start":{"line":268,"column":29},"end":{"line":276,"column":36}},{"start":{"line":276,"column":40},"end":{"line":276,"column":42}}],"line":268}},"s":{"0":3,"1":3,"2":3,"3":12,"4":456,"5":120,"6":336,"7":64,"8":64,"9":64,"10":8,"11":56,"12":24,"13":32,"14":14,"15":18,"16":272,"17":272,"18":272,"19":104,"20":168,"21":64,"22":104,"23":200,"24":200,"25":545,"26":119,"27":81,"28":3,"29":50,"30":50,"31":34,"32":15,"33":50,"34":34,"35":7,"36":27,"37":27,"38":50,"39":50,"40":50,"41":34,"42":12,"43":30,"44":12,"45":22,"46":5,"47":17,"48":2,"49":15,"50":5,"51":10,"52":50,"53":1,"54":200,"55":200,"56":200,"57":200,"58":200,"59":200,"60":26},"f":{"0":12,"1":456,"2":200,"3":50,"4":34,"5":34,"6":34,"7":30,"8":1,"9":200,"10":200,"11":26},"b":{"0":[120,336],"1":[456,304,216],"2":[64,272],"3":[336,184],"4":[8,56],"5":[24,32],"6":[14,18],"7":[104,168],"8":[64,104],"9":[44,20],"10":[119,426],"11":[545,120],"12":[3],"13":[2],"14":[15,19],"15":[34,22],"16":[7,27],"17":[34,22,17],"18":[16,11],"19":[50,38],"20":[50,38],"21":[12,22],"22":[11,1],"23":[5,17],"24":[2,15],"25":[5,10],"26":[15,35],"27":[119,81],"28":[11,70],"29":[50,150],"30":[200,150],"31":[100,50],"32":[119,81],"33":[7,74],"34":[11,63],"35":[63,137],"36":[119,18],"37":[11,189],"38":[119,70],"39":[200,119,103],"40":[200,11],"41":[11,0]},"_coverageSchema":"1a1c01bbd47fc00a2c39e90264f33305004495a9","hash":"ff665354fd8fb859e012235dc65ae4b578a3dfc3"}
,"D:\\learn\\claudecode\\gmpaudit\\frontend\\src\\components\\DocumentPreview.tsx": {"path":"D:\\learn\\claudecode\\gmpaudit\\frontend\\src\\components\\DocumentPreview.tsx","statementMap":{"0":{"start":{"line":7,"column":17},"end":{"line":7,"column":27}},"1":{"start":{"line":17,"column":23},"end":{"line":17,"column":26}},"2":{"start":{"line":23,"column":2},"end":{"line":23,"column":78}},"3":{"start":{"line":34,"column":2},"end":{"line":34,"column":39}},"4":{"start":{"line":34,"column":27},"end":{"line":34,"column":39}},"5":{"start":{"line":37,"column":12},"end":{"line":37,"column":63}},"6":{"start":{"line":38,"column":2},"end":{"line":46,"column":3}},"7":{"start":{"line":39,"column":18},"end":{"line":39,"column":51}},"8":{"start":{"line":40,"column":16},"end":{"line":40,"column":78}},"9":{"start":{"line":41,"column":4},"end":{"line":45,"column":6}},"10":{"start":{"line":49,"column":30},"end":{"line":49,"column":58}},"11":{"start":{"line":50,"column":2},"end":{"line":50,"column":50}},"12":{"start":{"line":50,"column":38},"end":{"line":50,"column":50}},"13":{"start":{"line":53,"column":25},"end":{"line":53,"column":48}},"14":{"start":{"line":54,"column":19},"end":{"line":54,"column":62}},"15":{"start":{"line":55,"column":2},"end":{"line":88,"column":3}},"16":{"start":{"line":57,"column":23},"end":{"line":61,"column":5}},"17":{"start":{"line":62,"column":21},"end":{"line":62,"column":23}},"18":{"start":{"line":63,"column":4},"end":{"line":67,"column":5}},"19":{"start":{"line":64,"column":22},"end":{"line":64,"column":55}},"20":{"start":{"line":65,"column":6},"end":{"line":65,"column":51}},"21":{"start":{"line":66,"column":6},"end":{"line":66,"column":33}},"22":{"start":{"line":66,"column":27},"end":{"line":66,"column":33}},"23":{"start":{"line":68,"column":4},"end":{"line":68,"column":36}},"24":{"start":{"line":68,"column":24},"end":{"line":68,"column":36}},"25":{"start":{"line":72,"column":20},"end":{"line":72,"column":21}},"26":{"start":{"line":73,"column":18},"end":{"line":73,"column":19}},"27":{"start":{"line":74,"column":4},"end":{"line":79,"column":5}},"28":{"start":{"line":74,"column":17},"end":{"line":74,"column":18}},"29":{"start":{"line":75,"column":6},"end":{"line":77,"column":7}},"30":{"start":{"line":76,"column":8},"end":{"line":76,"column":20}},"31":{"start":{"line":78,"column":6},"end":{"line":78,"column":18}},"32":{"start":{"line":81,"column":18},"end":{"line":81,"column":55}},"33":{"start":{"line":82,"column":16},"end":{"line":82,"column":82}},"34":{"start":{"line":83,"column":4},"end":{"line":87,"column":6}},"35":{"start":{"line":91,"column":18},"end":{"line":91,"column":19}},"36":{"start":{"line":92,"column":16},"end":{"line":92,"column":17}},"37":{"start":{"line":93,"column":2},"end":{"line":98,"column":3}},"38":{"start":{"line":93,"column":15},"end":{"line":93,"column":16}},"39":{"start":{"line":94,"column":4},"end":{"line":96,"column":5}},"40":{"start":{"line":95,"column":6},"end":{"line":95,"column":18}},"41":{"start":{"line":97,"column":4},"end":{"line":97,"column":16}},"42":{"start":{"line":100,"column":16},"end":{"line":100,"column":53}},"43":{"start":{"line":101,"column":14},"end":{"line":101,"column":80}},"44":{"start":{"line":102,"column":2},"end":{"line":106,"column":4}},"45":{"start":{"line":109,"column":56},"end":{"line":260,"column":1}},"46":{"start":{"line":110,"column":32},"end":{"line":110,"column":52}},"47":{"start":{"line":111,"column":32},"end":{"line":111,"column":47}},"48":{"start":{"line":112,"column":38},"end":{"line":112,"column":67}},"49":{"start":{"line":113,"column":34},"end":{"line":113,"column":49}},"50":{"start":{"line":114,"column":23},"end":{"line":114,"column":51}},"51":{"start":{"line":116,"column":2},"end":{"line":134,"column":28}},"52":{"start":{"line":117,"column":4},"end":{"line":117,"column":25}},"53":{"start":{"line":117,"column":18},"end":{"line":117,"column":25}},"54":{"start":{"line":118,"column":4},"end":{"line":118,"column":23}},"55":{"start":{"line":120,"column":25},"end":{"line":131,"column":5}},"56":{"start":{"line":121,"column":6},"end":{"line":121,"column":23}},"57":{"start":{"line":122,"column":6},"end":{"line":130,"column":7}},"58":{"start":{"line":123,"column":20},"end":{"line":123,"column":57}},"59":{"start":{"line":124,"column":8},"end":{"line":124,"column":49}},"60":{"start":{"line":126,"column":8},"end":{"line":126,"column":32}},"61":{"start":{"line":127,"column":8},"end":{"line":127,"column":27}},"62":{"start":{"line":129,"column":8},"end":{"line":129,"column":26}},"63":{"start":{"line":133,"column":4},"end":{"line":133,"column":19}},"64":{"start":{"line":136,"column":2},"end":{"line":140,"column":22}},"65":{"start":{"line":137,"column":4},"end":{"line":139,"column":5}},"66":{"start":{"line":138,"column":6},"end":{"line":138,"column":35}},"67":{"start":{"line":143,"column":2},"end":{"line":149,"column":37}},"68":{"start":{"line":144,"column":4},"end":{"line":148,"column":5}},"69":{"start":{"line":145,"column":6},"end":{"line":147,"column":14}},"70":{"start":{"line":146,"column":8},"end":{"line":146,"column":86}},"71":{"start":{"line":151,"column":27},"end":{"line":162,"column":3}},"72":{"start":{"line":152,"column":4},"end":{"line":152,"column":41}},"73":{"start":{"line":152,"column":29},"end":{"line":152,"column":41}},"74":{"start":{"line":154,"column":18},"end":{"line":154,"column":103}},"75":{"start":{"line":155,"column":4},"end":{"line":161,"column":6}},"76":{"start":{"line":156,"column":6},"end":{"line":160,"column":14}},"77":{"start":{"line":166,"column":27},"end":{"line":166,"column":54}},"78":{"start":{"line":167,"column":19},"end":{"line":167,"column":90}},"79":{"start":{"line":168,"column":21},"end":{"line":168,"column":26}},"80":{"start":{"line":169,"column":2},"end":{"line":173,"column":3}},"81":{"start":{"line":171,"column":4},"end":{"line":171,"column":61}},"82":{"start":{"line":172,"column":4},"end":{"line":172,"column":40}},"83":{"start":{"line":172,"column":20},"end":{"line":172,"column":40}},"84":{"start":{"line":174,"column":23},"end":{"line":174,"column":42}},"85":{"start":{"line":176,"column":2},"end":{"line":259,"column":4}},"86":{"start":{"line":189,"column":25},"end":{"line":189,"column":54}},"87":{"start":{"line":205,"column":30},"end":{"line":205,"column":47}}},"fnMap":{"0":{"name":"normalizeForMatch","decl":{"start":{"line":22,"column":9},"end":{"line":22,"column":26}},"loc":{"start":{"line":22,"column":49},"end":{"line":24,"column":1}},"line":22},"1":{"name":"getWindowAroundHighlight","decl":{"start":{"line":30,"column":9},"end":{"line":30,"column":33}},"loc":{"start":{"line":33,"column":59},"end":{"line":107,"column":1}},"line":33},"2":{"name":"(anonymous_2)","decl":{"start":{"line":109,"column":56},"end":{"line":109,"column":57}},"loc":{"start":{"line":109,"column":119},"end":{"line":260,"column":1}},"line":109},"3":{"name":"(anonymous_3)","decl":{"start":{"line":116,"column":12},"end":{"line":116,"column":13}},"loc":{"start":{"line":116,"column":18},"end":{"line":134,"column":3}},"line":116},"4":{"name":"(anonymous_4)","decl":{"start":{"line":120,"column":25},"end":{"line":120,"column":26}},"loc":{"start":{"line":120,"column":37},"end":{"line":131,"column":5}},"line":120},"5":{"name":"(anonymous_5)","decl":{"start":{"line":136,"column":12},"end":{"line":136,"column":13}},"loc":{"start":{"line":136,"column":18},"end":{"line":140,"column":3}},"line":136},"6":{"name":"(anonymous_6)","decl":{"start":{"line":143,"column":12},"end":{"line":143,"column":13}},"loc":{"start":{"line":143,"column":18},"end":{"line":149,"column":3}},"line":143},"7":{"name":"(anonymous_7)","decl":{"start":{"line":145,"column":17},"end":{"line":145,"column":18}},"loc":{"start":{"line":145,"column":23},"end":{"line":147,"column":7}},"line":145},"8":{"name":"(anonymous_8)","decl":{"start":{"line":151,"column":27},"end":{"line":151,"column":28}},"loc":{"start":{"line":151,"column":64},"end":{"line":162,"column":3}},"line":151},"9":{"name":"(anonymous_9)","decl":{"start":{"line":155,"column":21},"end":{"line":155,"column":22}},"loc":{"start":{"line":156,"column":6},"end":{"line":160,"column":14}},"line":156},"10":{"name":"(anonymous_10)","decl":{"start":{"line":189,"column":18},"end":{"line":189,"column":19}},"loc":{"start":{"line":189,"column":25},"end":{"line":189,"column":54}},"line":189},"11":{"name":"(anonymous_11)","decl":{"start":{"line":205,"column":24},"end":{"line":205,"column":25}},"loc":{"start":{"line":205,"column":30},"end":{"line":205,"column":47}},"line":205}},"branchMap":{"0":{"loc":{"start":{"line":34,"column":2},"end":{"line":34,"column":39}},"type":"if","locations":[{"start":{"line":34,"column":2},"end":{"line":34,"column":39}},{"start":{},"end":{}}],"line":34},"1":{"loc":{"start":{"line":34,"column":6},"end":{"line":34,"column":25}},"type":"binary-expr","locations":[{"start":{"line":34,"column":6},"end":{"line":34,"column":16}},{"start":{"line":34,"column":20},"end":{"line":34,"column":25}}],"line":34},"2":{"loc":{"start":{"line":38,"column":2},"end":{"line":46,"column":3}},"type":"if","locations":[{"start":{"line":38,"column":2},"end":{"line":46,"column":3}},{"start":{},"end":{}}],"line":38},"3":{"loc":{"start":{"line":42,"column":14},"end":{"line":42,"column":77}},"type":"cond-expr","locations":[{"start":{"line":42,"column":26},"end":{"line":42,"column":56}},{"start":{"line":42,"column":59},"end":{"line":42,"column":77}}],"line":42},"4":{"loc":{"start":{"line":44,"column":56},"end":{"line":44,"column":86}},"type":"cond-expr","locations":[{"start":{"line":44,"column":76},"end":{"line":44,"column":81}},{"start":{"line":44,"column":84},"end":{"line":44,"column":86}}],"line":44},"5":{"loc":{"start":{"line":50,"column":2},"end":{"line":50,"column":50}},"type":"if","locations":[{"start":{"line":50,"column":2},"end":{"line":50,"column":50}},{"start":{},"end":{}}],"line":50},"6":{"loc":{"start":{"line":55,"column":2},"end":{"line":88,"column":3}},"type":"if","locations":[{"start":{"line":55,"column":2},"end":{"line":88,"column":3}},{"start":{},"end":{}}],"line":55},"7":{"loc":{"start":{"line":66,"column":6},"end":{"line":66,"column":33}},"type":"if","locations":[{"start":{"line":66,"column":6},"end":{"line":66,"column":33}},{"start":{},"end":{}}],"line":66},"8":{"loc":{"start":{"line":68,"column":4},"end":{"line":68,"column":36}},"type":"if","locations":[{"start":{"line":68,"column":4},"end":{"line":68,"column":36}},{"start":{},"end":{}}],"line":68},"9":{"loc":{"start":{"line":74,"column":20},"end":{"line":74,"column":61}},"type":"binary-expr","locations":[{"start":{"line":74,"column":20},"end":{"line":74,"column":35}},{"start":{"line":74,"column":39},"end":{"line":74,"column":61}}],"line":74},"10":{"loc":{"start":{"line":75,"column":6},"end":{"line":77,"column":7}},"type":"if","locations":[{"start":{"line":75,"column":6},"end":{"line":77,"column":7}},{"start":{},"end":{}}],"line":75},"11":{"loc":{"start":{"line":84,"column":14},"end":{"line":84,"column":85}},"type":"cond-expr","locations":[{"start":{"line":84,"column":26},"end":{"line":84,"column":60}},{"start":{"line":84,"column":63},"end":{"line":84,"column":85}}],"line":84},"12":{"loc":{"start":{"line":86,"column":83},"end":{"line":86,"column":113}},"type":"cond-expr","locations":[{"start":{"line":86,"column":103},"end":{"line":86,"column":108}},{"start":{"line":86,"column":111},"end":{"line":86,"column":113}}],"line":86},"13":{"loc":{"start":{"line":93,"column":18},"end":{"line":93,"column":57}},"type":"binary-expr","locations":[{"start":{"line":93,"column":18},"end":{"line":93,"column":33}},{"start":{"line":93,"column":37},"end":{"line":93,"column":57}}],"line":93},"14":{"loc":{"start":{"line":94,"column":4},"end":{"line":96,"column":5}},"type":"if","locations":[{"start":{"line":94,"column":4},"end":{"line":96,"column":5}},{"start":{},"end":{}}],"line":94},"15":{"loc":{"start":{"line":103,"column":12},"end":{"line":103,"column":83}},"type":"cond-expr","locations":[{"start":{"line":103,"column":24},"end":{"line":103,"column":58}},{"start":{"line":103,"column":61},"end":{"line":103,"column":83}}],"line":103},"16":{"loc":{"start":{"line":105,"column":81},"end":{"line":105,"column":111}},"type":"cond-expr","locations":[{"start":{"line":105,"column":101},"end":{"line":105,"column":106}},{"start":{"line":105,"column":109},"end":{"line":105,"column":111}}],"line":105},"17":{"loc":{"start":{"line":112,"column":47},"end":{"line":112,"column":66}},"type":"binary-expr","locations":[{"start":{"line":112,"column":47},"end":{"line":112,"column":60}},{"start":{"line":112,"column":64},"end":{"line":112,"column":66}}],"line":112},"18":{"loc":{"start":{"line":117,"column":4},"end":{"line":117,"column":25}},"type":"if","locations":[{"start":{"line":117,"column":4},"end":{"line":117,"column":25}},{"start":{},"end":{}}],"line":117},"19":{"loc":{"start":{"line":124,"column":19},"end":{"line":124,"column":47}},"type":"binary-expr","locations":[{"start":{"line":124,"column":19},"end":{"line":124,"column":35}},{"start":{"line":124,"column":39},"end":{"line":124,"column":47}}],"line":124},"20":{"loc":{"start":{"line":137,"column":4},"end":{"line":139,"column":5}},"type":"if","locations":[{"start":{"line":137,"column":4},"end":{"line":139,"column":5}},{"start":{},"end":{}}],"line":137},"21":{"loc":{"start":{"line":144,"column":4},"end":{"line":148,"column":5}},"type":"if","locations":[{"start":{"line":144,"column":4},"end":{"line":148,"column":5}},{"start":{},"end":{}}],"line":144},"22":{"loc":{"start":{"line":144,"column":8},"end":{"line":144,"column":40}},"type":"binary-expr","locations":[{"start":{"line":144,"column":8},"end":{"line":144,"column":16}},{"start":{"line":144,"column":20},"end":{"line":144,"column":40}}],"line":144},"23":{"loc":{"start":{"line":152,"column":4},"end":{"line":152,"column":41}},"type":"if","locations":[{"start":{"line":152,"column":4},"end":{"line":152,"column":41}},{"start":{},"end":{}}],"line":152},"24":{"loc":{"start":{"line":152,"column":8},"end":{"line":152,"column":27}},"type":"binary-expr","locations":[{"start":{"line":152,"column":8},"end":{"line":152,"column":18}},{"start":{"line":152,"column":22},"end":{"line":152,"column":27}}],"line":152},"25":{"loc":{"start":{"line":156,"column":6},"end":{"line":160,"column":14}},"type":"cond-expr","locations":[{"start":{"line":157,"column":8},"end":{"line":159,"column":15}},{"start":{"line":160,"column":10},"end":{"line":160,"column":14}}],"line":156},"26":{"loc":{"start":{"line":167,"column":19},"end":{"line":167,"column":90}},"type":"cond-expr","locations":[{"start":{"line":167,"column":38},"end":{"line":167,"column":83}},{"start":{"line":167,"column":86},"end":{"line":167,"column":90}}],"line":167},"27":{"loc":{"start":{"line":169,"column":2},"end":{"line":173,"column":3}},"type":"if","locations":[{"start":{"line":169,"column":2},"end":{"line":173,"column":3}},{"start":{},"end":{}}],"line":169},"28":{"loc":{"start":{"line":169,"column":6},"end":{"line":169,"column":37}},"type":"binary-expr","locations":[{"start":{"line":169,"column":6},"end":{"line":169,"column":17}},{"start":{"line":169,"column":21},"end":{"line":169,"column":37}}],"line":169},"29":{"loc":{"start":{"line":172,"column":4},"end":{"line":172,"column":40}},"type":"if","locations":[{"start":{"line":172,"column":4},"end":{"line":172,"column":40}},{"start":{},"end":{}}],"line":172},"30":{"loc":{"start":{"line":194,"column":7},"end":{"line":257,"column":7}},"type":"cond-expr","locations":[{"start":{"line":195,"column":8},"end":{"line":197,"column":14}},{"start":{"line":198,"column":10},"end":{"line":257,"column":7}}],"line":194},"31":{"loc":{"start":{"line":198,"column":10},"end":{"line":257,"column":7}},"type":"cond-expr","locations":[{"start":{"line":199,"column":8},"end":{"line":229,"column":11}},{"start":{"line":231,"column":8},"end":{"line":256,"column":11}}],"line":198},"32":{"loc":{"start":{"line":198,"column":10},"end":{"line":198,"column":49}},"type":"binary-expr","locations":[{"start":{"line":198,"column":10},"end":{"line":198,"column":22}},{"start":{"line":198,"column":26},"end":{"line":198,"column":35}},{"start":{"line":198,"column":39},"end":{"line":198,"column":49}}],"line":198},"33":{"loc":{"start":{"line":203,"column":15},"end":{"line":203,"column":61}},"type":"cond-expr","locations":[{"start":{"line":203,"column":30},"end":{"line":203,"column":50}},{"start":{"line":203,"column":53},"end":{"line":203,"column":61}}],"line":203},"34":{"loc":{"start":{"line":233,"column":11},"end":{"line":239,"column":11}},"type":"binary-expr","locations":[{"start":{"line":233,"column":11},"end":{"line":233,"column":27}},{"start":{"line":233,"column":31},"end":{"line":233,"column":44}},{"start":{"line":234,"column":12},"end":{"line":238,"column":18}}],"line":233}},"s":{"0":2,"1":2,"2":8,"3":47,"4":30,"5":17,"6":17,"7":13,"8":13,"9":13,"10":4,"11":4,"12":0,"13":4,"14":4,"15":4,"16":4,"17":4,"18":4,"19":10,"20":10,"21":10,"22":1,"23":4,"24":3,"25":1,"26":1,"27":1,"28":1,"29":7,"30":7,"31":7,"32":1,"33":1,"34":1,"35":0,"36":0,"37":0,"38":0,"39":0,"40":0,"41":0,"42":0,"43":0,"44":0,"45":2,"46":81,"47":81,"48":81,"49":81,"50":81,"51":81,"52":29,"53":2,"54":27,"55":27,"56":27,"57":27,"58":27,"59":25,"60":1,"61":1,"62":26,"63":27,"64":81,"65":27,"66":13,"67":81,"68":78,"69":0,"70":0,"71":81,"72":41,"73":38,"74":3,"75":3,"76":5,"77":81,"78":81,"79":81,"80":81,"81":6,"82":6,"83":2,"84":81,"85":81,"86":1,"87":1},"f":{"0":8,"1":47,"2":81,"3":29,"4":27,"5":27,"6":78,"7":0,"8":41,"9":5,"10":1,"11":1},"b":{"0":[30,17],"1":[47,47],"2":[13,4],"3":[0,13],"4":[0,13],"5":[0,4],"6":[4,0],"7":[1,9],"8":[3,1],"9":[8,8],"10":[7,0],"11":[0,1],"12":[0,1],"13":[0,0],"14":[0,0],"15":[0,0],"16":[0,0],"17":[81,41],"18":[2,27],"19":[25,2],"20":[13,14],"21":[0,78],"22":[78,51],"23":[38,3],"24":[41,16],"25":[1,4],"26":[41,40],"27":[6,75],"28":[81,69],"29":[2,4],"30":[27,54],"31":[13,41],"32":[54,14,13],"33":[2,11],"34":[41,16,15]},"_coverageSchema":"1a1c01bbd47fc00a2c39e90264f33305004495a9","hash":"e344e67df382806cd8fb4b3b81682fbf192fd61a"}
,"D:\\learn\\claudecode\\gmpaudit\\frontend\\src\\components\\FindingDetailCard.tsx": {"path":"D:\\learn\\claudecode\\gmpaudit\\frontend\\src\\components\\FindingDetailCard.tsx","statementMap":{"0":{"start":{"line":10,"column":28},"end":{"line":10,"column":38}},"1":{"start":{"line":12,"column":69},"end":{"line":16,"column":1}},"2":{"start":{"line":26,"column":60},"end":{"line":189,"column":1}},"3":{"start":{"line":27,"column":52},"end":{"line":27,"column":67}},"4":{"start":{"line":28,"column":36},"end":{"line":28,"column":51}},"5":{"start":{"line":30,"column":24},"end":{"line":41,"column":3}},"6":{"start":{"line":31,"column":4},"end":{"line":31,"column":23}},"7":{"start":{"line":32,"column":4},"end":{"line":40,"column":5}},"8":{"start":{"line":33,"column":6},"end":{"line":33,"column":48}},"9":{"start":{"line":34,"column":6},"end":{"line":34,"column":29}},"10":{"start":{"line":35,"column":6},"end":{"line":35,"column":25}},"11":{"start":{"line":37,"column":6},"end":{"line":37,"column":28}},"12":{"start":{"line":39,"column":6},"end":{"line":39,"column":26}},"13":{"start":{"line":43,"column":23},"end":{"line":54,"column":3}},"14":{"start":{"line":44,"column":4},"end":{"line":44,"column":23}},"15":{"start":{"line":45,"column":4},"end":{"line":53,"column":5}},"16":{"start":{"line":46,"column":6},"end":{"line":46,"column":47}},"17":{"start":{"line":47,"column":6},"end":{"line":47,"column":29}},"18":{"start":{"line":48,"column":6},"end":{"line":48,"column":25}},"19":{"start":{"line":50,"column":6},"end":{"line":50,"column":28}},"20":{"start":{"line":52,"column":6},"end":{"line":52,"column":26}},"21":{"start":{"line":56,"column":2},"end":{"line":188,"column":4}},"22":{"start":{"line":135,"column":29},"end":{"line":135,"column":55}},"23":{"start":{"line":145,"column":29},"end":{"line":145,"column":64}},"24":{"start":{"line":184,"column":25},"end":{"line":184,"column":52}}},"fnMap":{"0":{"name":"(anonymous_0)","decl":{"start":{"line":26,"column":60},"end":{"line":26,"column":61}},"loc":{"start":{"line":26,"column":122},"end":{"line":189,"column":1}},"line":26},"1":{"name":"(anonymous_1)","decl":{"start":{"line":30,"column":24},"end":{"line":30,"column":25}},"loc":{"start":{"line":30,"column":36},"end":{"line":41,"column":3}},"line":30},"2":{"name":"(anonymous_2)","decl":{"start":{"line":43,"column":23},"end":{"line":43,"column":24}},"loc":{"start":{"line":43,"column":35},"end":{"line":54,"column":3}},"line":43},"3":{"name":"(anonymous_3)","decl":{"start":{"line":135,"column":23},"end":{"line":135,"column":24}},"loc":{"start":{"line":135,"column":29},"end":{"line":135,"column":55}},"line":135},"4":{"name":"(anonymous_4)","decl":{"start":{"line":145,"column":23},"end":{"line":145,"column":24}},"loc":{"start":{"line":145,"column":29},"end":{"line":145,"column":64}},"line":145},"5":{"name":"(anonymous_5)","decl":{"start":{"line":184,"column":19},"end":{"line":184,"column":20}},"loc":{"start":{"line":184,"column":25},"end":{"line":184,"column":52}},"line":184}},"branchMap":{"0":{"loc":{"start":{"line":65,"column":22},"end":{"line":65,"column":68}},"type":"binary-expr","locations":[{"start":{"line":65,"column":22},"end":{"line":65,"column":55}},{"start":{"line":65,"column":59},"end":{"line":65,"column":68}}],"line":65},"1":{"loc":{"start":{"line":69,"column":11},"end":{"line":71,"column":11}},"type":"binary-expr","locations":[{"start":{"line":69,"column":11},"end":{"line":69,"column":31}},{"start":{"line":70,"column":12},"end":{"line":70,"column":84}}],"line":69},"2":{"loc":{"start":{"line":72,"column":11},"end":{"line":76,"column":11}},"type":"binary-expr","locations":[{"start":{"line":72,"column":11},"end":{"line":72,"column":25}},{"start":{"line":72,"column":29},"end":{"line":72,"column":57}},{"start":{"line":73,"column":12},"end":{"line":75,"column":18}}],"line":72},"3":{"loc":{"start":{"line":73,"column":24},"end":{"line":73,"column":70}},"type":"binary-expr","locations":[{"start":{"line":73,"column":24},"end":{"line":73,"column":57}},{"start":{"line":73,"column":61},"end":{"line":73,"column":70}}],"line":73},"4":{"loc":{"start":{"line":74,"column":15},"end":{"line":74,"column":66}},"type":"binary-expr","locations":[{"start":{"line":74,"column":15},"end":{"line":74,"column":48}},{"start":{"line":74,"column":52},"end":{"line":74,"column":66}}],"line":74},"5":{"loc":{"start":{"line":81,"column":11},"end":{"line":81,"column":40}},"type":"binary-expr","locations":[{"start":{"line":81,"column":11},"end":{"line":81,"column":30}},{"start":{"line":81,"column":34},"end":{"line":81,"column":40}}],"line":81},"6":{"loc":{"start":{"line":85,"column":9},"end":{"line":92,"column":9}},"type":"binary-expr","locations":[{"start":{"line":85,"column":9},"end":{"line":85,"column":25}},{"start":{"line":86,"column":10},"end":{"line":91,"column":16}}],"line":85},"7":{"loc":{"start":{"line":95,"column":9},"end":{"line":100,"column":9}},"type":"binary-expr","locations":[{"start":{"line":95,"column":9},"end":{"line":95,"column":25}},{"start":{"line":96,"column":10},"end":{"line":99,"column":18}}],"line":95},"8":{"loc":{"start":{"line":103,"column":9},"end":{"line":109,"column":9}},"type":"binary-expr","locations":[{"start":{"line":103,"column":9},"end":{"line":103,"column":31}},{"start":{"line":104,"column":10},"end":{"line":108,"column":18}}],"line":103},"9":{"loc":{"start":{"line":112,"column":9},"end":{"line":126,"column":9}},"type":"binary-expr","locations":[{"start":{"line":112,"column":9},"end":{"line":112,"column":27}},{"start":{"line":113,"column":10},"end":{"line":125,"column":12}}],"line":112},"10":{"loc":{"start":{"line":130,"column":11},"end":{"line":139,"column":11}},"type":"binary-expr","locations":[{"start":{"line":130,"column":11},"end":{"line":130,"column":30}},{"start":{"line":131,"column":12},"end":{"line":138,"column":21}}],"line":130},"11":{"loc":{"start":{"line":140,"column":11},"end":{"line":149,"column":11}},"type":"binary-expr","locations":[{"start":{"line":140,"column":11},"end":{"line":140,"column":23}},{"start":{"line":141,"column":12},"end":{"line":148,"column":21}}],"line":140},"12":{"loc":{"start":{"line":150,"column":11},"end":{"line":173,"column":11}},"type":"binary-expr","locations":[{"start":{"line":150,"column":11},"end":{"line":150,"column":40}},{"start":{"line":150,"column":44},"end":{"line":150,"column":73}},{"start":{"line":151,"column":12},"end":{"line":172,"column":15}}],"line":150},"13":{"loc":{"start":{"line":178,"column":7},"end":{"line":186,"column":7}},"type":"binary-expr","locations":[{"start":{"line":178,"column":7},"end":{"line":178,"column":26}},{"start":{"line":179,"column":8},"end":{"line":185,"column":10}}],"line":178},"14":{"loc":{"start":{"line":181,"column":25},"end":{"line":181,"column":58}},"type":"binary-expr","locations":[{"start":{"line":181,"column":25},"end":{"line":181,"column":41}},{"start":{"line":181,"column":45},"end":{"line":181,"column":58}}],"line":181}},"s":{"0":2,"1":2,"2":2,"3":41,"4":41,"5":41,"6":3,"7":3,"8":3,"9":2,"10":2,"11":1,"12":3,"13":41,"14":3,"15":3,"16":3,"17":2,"18":2,"19":1,"20":3,"21":41,"22":1,"23":1,"24":0},"f":{"0":41,"1":3,"2":3,"3":1,"4":1,"5":0},"b":{"0":[41,0],"1":[41,41],"2":[41,5,5],"3":[5,0],"4":[5,0],"5":[41,0],"6":[41,40],"7":[41,40],"8":[41,40],"9":[41,40],"10":[41,39],"11":[41,2],"12":[41,38,36],"13":[41,39],"14":[39,0]},"_coverageSchema":"1a1c01bbd47fc00a2c39e90264f33305004495a9","hash":"fde305c006e0883936e0b54d70ab08c01df077ad"}
,"D:\\learn\\claudecode\\gmpaudit\\frontend\\src\\components\\common\\ErrorBoundary.tsx": {"path":"D:\\learn\\claudecode\\gmpaudit\\frontend\\src\\components\\common\\ErrorBoundary.tsx","statementMap":{"0":{"start":{"line":14,"column":4},"end":{"line":14,"column":17}},"1":{"start":{"line":15,"column":4},"end":{"line":15,"column":37}},"2":{"start":{"line":19,"column":4},"end":{"line":19,"column":30}},"3":{"start":{"line":23,"column":4},"end":{"line":23,"column":61}},"4":{"start":{"line":26,"column":16},"end":{"line":28,"column":3}},"5":{"start":{"line":27,"column":4},"end":{"line":27,"column":39}},"6":{"start":{"line":30,"column":17},"end":{"line":33,"column":3}},"7":{"start":{"line":31,"column":4},"end":{"line":31,"column":39}},"8":{"start":{"line":32,"column":4},"end":{"line":32,"column":31}},"9":{"start":{"line":36,"column":4},"end":{"line":54,"column":5}},"10":{"start":{"line":37,"column":6},"end":{"line":53,"column":8}},"11":{"start":{"line":55,"column":4},"end":{"line":55,"column":31}}},"fnMap":{"0":{"name":"(anonymous_0)","decl":{"start":{"line":13,"column":2},"end":{"line":13,"column":3}},"loc":{"start":{"line":13,"column":28},"end":{"line":16,"column":3}},"line":13},"1":{"name":"(anonymous_1)","decl":{"start":{"line":18,"column":2},"end":{"line":18,"column":3}},"loc":{"start":{"line":18,"column":43},"end":{"line":20,"column":3}},"line":18},"2":{"name":"(anonymous_2)","decl":{"start":{"line":22,"column":2},"end":{"line":22,"column":3}},"loc":{"start":{"line":22,"column":62},"end":{"line":24,"column":3}},"line":22},"3":{"name":"(anonymous_3)","decl":{"start":{"line":26,"column":16},"end":{"line":26,"column":17}},"loc":{"start":{"line":26,"column":22},"end":{"line":28,"column":3}},"line":26},"4":{"name":"(anonymous_4)","decl":{"start":{"line":30,"column":17},"end":{"line":30,"column":18}},"loc":{"start":{"line":30,"column":23},"end":{"line":33,"column":3}},"line":30},"5":{"name":"(anonymous_5)","decl":{"start":{"line":35,"column":2},"end":{"line":35,"column":3}},"loc":{"start":{"line":35,"column":11},"end":{"line":56,"column":3}},"line":35}},"branchMap":{"0":{"loc":{"start":{"line":36,"column":4},"end":{"line":54,"column":5}},"type":"if","locations":[{"start":{"line":36,"column":4},"end":{"line":54,"column":5}},{"start":{},"end":{}}],"line":36}},"s":{"0":31,"1":29,"2":25,"3":12,"4":29,"5":4,"6":29,"7":1,"8":1,"9":58,"10":24,"11":34},"f":{"0":31,"1":25,"2":12,"3":4,"4":1,"5":58},"b":{"0":[24,34]},"_coverageSchema":"1a1c01bbd47fc00a2c39e90264f33305004495a9","hash":"57ff5f0354f0ee7bb1d1ec45bd75b9a0612992a6"}
,"D:\\learn\\claudecode\\gmpaudit\\frontend\\src\\components\\common\\Header.tsx": {"path":"D:\\learn\\claudecode\\gmpaudit\\frontend\\src\\components\\common\\Header.tsx","statementMap":{"0":{"start":{"line":6,"column":30},"end":{"line":6,"column":36}},"1":{"start":{"line":7,"column":18},"end":{"line":7,"column":28}},"2":{"start":{"line":9,"column":44},"end":{"line":17,"column":1}},"3":{"start":{"line":19,"column":25},"end":{"line":40,"column":1}},"4":{"start":{"line":20,"column":19},"end":{"line":20,"column":32}},"5":{"start":{"line":21,"column":16},"end":{"line":21,"column":57}},"6":{"start":{"line":23,"column":2},"end":{"line":39,"column":4}}},"fnMap":{"0":{"name":"(anonymous_0)","decl":{"start":{"line":19,"column":25},"end":{"line":19,"column":26}},"loc":{"start":{"line":19,"column":31},"end":{"line":40,"column":1}},"line":19}},"branchMap":{"0":{"loc":{"start":{"line":21,"column":16},"end":{"line":21,"column":57}},"type":"binary-expr","locations":[{"start":{"line":21,"column":16},"end":{"line":21,"column":46}},{"start":{"line":21,"column":50},"end":{"line":21,"column":57}}],"line":21}},"s":{"0":2,"1":2,"2":2,"3":2,"4":15,"5":15,"6":15},"f":{"0":15},"b":{"0":[15,3]},"_coverageSchema":"1a1c01bbd47fc00a2c39e90264f33305004495a9","hash":"df2132915c146d6a9c21427903f91e5ff60da252"}
,"D:\\learn\\claudecode\\gmpaudit\\frontend\\src\\components\\common\\Sidebar.tsx": {"path":"D:\\learn\\claudecode\\gmpaudit\\frontend\\src\\components\\common\\Sidebar.tsx","statementMap":{"0":{"start":{"line":15,"column":18},"end":{"line":15,"column":24}},"1":{"start":{"line":16,"column":17},"end":{"line":16,"column":27}},"2":{"start":{"line":18,"column":26},"end":{"line":70,"column":1}},"3":{"start":{"line":19,"column":19},"end":{"line":19,"column":32}},"4":{"start":{"line":20,"column":19},"end":{"line":20,"column":32}},"5":{"start":{"line":21,"column":36},"end":{"line":21,"column":51}},"6":{"start":{"line":23,"column":16},"end":{"line":31,"column":3}},"7":{"start":{"line":33,"column":2},"end":{"line":69,"column":4}},"8":{"start":{"line":62,"column":30},"end":{"line":62,"column":43}}},"fnMap":{"0":{"name":"(anonymous_0)","decl":{"start":{"line":18,"column":26},"end":{"line":18,"column":27}},"loc":{"start":{"line":18,"column":32},"end":{"line":70,"column":1}},"line":18},"1":{"name":"(anonymous_1)","decl":{"start":{"line":62,"column":17},"end":{"line":62,"column":18}},"loc":{"start":{"line":62,"column":30},"end":{"line":62,"column":43}},"line":62}},"branchMap":{"0":{"loc":{"start":{"line":41,"column":55},"end":{"line":41,"column":73}},"type":"cond-expr","locations":[{"start":{"line":41,"column":67},"end":{"line":41,"column":68}},{"start":{"line":41,"column":71},"end":{"line":41,"column":73}}],"line":41}},"s":{"0":2,"1":2,"2":2,"3":18,"4":16,"5":16,"6":16,"7":16,"8":0},"f":{"0":18,"1":0},"b":{"0":[0,16]},"_coverageSchema":"1a1c01bbd47fc00a2c39e90264f33305004495a9","hash":"3f9e9f2d26f0f5adb962ae5d76b4c89c58ae9ecc"}
,"D:\\learn\\claudecode\\gmpaudit\\frontend\\src\\constants\\audit.ts": {"path":"D:\\learn\\claudecode\\gmpaudit\\frontend\\src\\constants\\audit.ts","statementMap":{"0":{"start":{"line":1,"column":53},"end":{"line":9,"column":1}},"1":{"start":{"line":11,"column":53},"end":{"line":19,"column":1}},"2":{"start":{"line":21,"column":52},"end":{"line":34,"column":1}},"3":{"start":{"line":36,"column":52},"end":{"line":48,"column":1}},"4":{"start":{"line":50,"column":56},"end":{"line":55,"column":1}},"5":{"start":{"line":57,"column":55},"end":{"line":63,"column":1}},"6":{"start":{"line":65,"column":57},"end":{"line":70,"column":1}},"7":{"start":{"line":72,"column":57},"end":{"line":77,"column":1}}},"fnMap":{},"branchMap":{},"s":{"0":16,"1":16,"2":16,"3":16,"4":16,"5":16,"6":16,"7":16},"f":{},"b":{},"_coverageSchema":"1a1c01bbd47fc00a2c39e90264f33305004495a9","hash":"fb37e61e00309a94c51305b77e9d7d3da9045510"}
,"D:\\learn\\claudecode\\gmpaudit\\frontend\\src\\constants\\theme.ts": {"path":"D:\\learn\\claudecode\\gmpaudit\\frontend\\src\\constants\\theme.ts","statementMap":{"0":{"start":{"line":1,"column":21},"end":{"line":21,"column":10}}},"fnMap":{},"branchMap":{},"s":{"0":35},"f":{},"b":{},"_coverageSchema":"1a1c01bbd47fc00a2c39e90264f33305004495a9","hash":"061b9b6109bb295e54ca55b1984a7c5e18b2d49b"}
,"D:\\learn\\claudecode\\gmpaudit\\frontend\\src\\hooks\\useSSE.ts": {"path":"D:\\learn\\claudecode\\gmpaudit\\frontend\\src\\hooks\\useSSE.ts","statementMap":{"0":{"start":{"line":19,"column":31},"end":{"line":19,"column":32}},"1":{"start":{"line":22,"column":20},"end":{"line":22,"column":52}},"2":{"start":{"line":23,"column":23},"end":{"line":23,"column":40}},"3":{"start":{"line":24,"column":21},"end":{"line":24,"column":36}},"4":{"start":{"line":25,"column":20},"end":{"line":25,"column":34}},"5":{"start":{"line":26,"column":21},"end":{"line":26,"column":36}},"6":{"start":{"line":27,"column":38},"end":{"line":27,"column":74}},"7":{"start":{"line":28,"column":48},"end":{"line":28,"column":63}},"8":{"start":{"line":29,"column":46},"end":{"line":29,"column":57}},"9":{"start":{"line":30,"column":24},"end":{"line":30,"column":33}},"10":{"start":{"line":32,"column":2},"end":{"line":37,"column":44}},"11":{"start":{"line":33,"column":4},"end":{"line":33,"column":37}},"12":{"start":{"line":34,"column":4},"end":{"line":34,"column":33}},"13":{"start":{"line":35,"column":4},"end":{"line":35,"column":31}},"14":{"start":{"line":36,"column":4},"end":{"line":36,"column":33}},"15":{"start":{"line":39,"column":16},"end":{"line":45,"column":8}},"16":{"start":{"line":40,"column":4},"end":{"line":44,"column":5}},"17":{"start":{"line":41,"column":6},"end":{"line":41,"column":32}},"18":{"start":{"line":42,"column":6},"end":{"line":42,"column":31}},"19":{"start":{"line":43,"column":6},"end":{"line":43,"column":40}},"20":{"start":{"line":47,"column":2},"end":{"line":126,"column":28}},"21":{"start":{"line":48,"column":4},"end":{"line":54,"column":5}},"22":{"start":{"line":49,"column":6},"end":{"line":49,"column":14}},"23":{"start":{"line":50,"column":6},"end":{"line":50,"column":32}},"24":{"start":{"line":51,"column":6},"end":{"line":51,"column":32}},"25":{"start":{"line":52,"column":6},"end":{"line":52,"column":27}},"26":{"start":{"line":53,"column":6},"end":{"line":53,"column":13}},"27":{"start":{"line":57,"column":4},"end":{"line":60,"column":5}},"28":{"start":{"line":58,"column":6},"end":{"line":58,"column":32}},"29":{"start":{"line":59,"column":6},"end":{"line":59,"column":31}},"30":{"start":{"line":62,"column":19},"end":{"line":62,"column":39}},"31":{"start":{"line":63,"column":4},"end":{"line":63,"column":31}},"32":{"start":{"line":64,"column":4},"end":{"line":64,"column":42}},"33":{"start":{"line":66,"column":4},"end":{"line":73,"column":6}},"34":{"start":{"line":67,"column":6},"end":{"line":67,"column":46}},"35":{"start":{"line":68,"column":6},"end":{"line":68,"column":38}},"36":{"start":{"line":69,"column":6},"end":{"line":69,"column":32}},"37":{"start":{"line":70,"column":6},"end":{"line":70,"column":32}},"38":{"start":{"line":71,"column":6},"end":{"line":71,"column":27}},"39":{"start":{"line":72,"column":6},"end":{"line":72,"column":28}},"40":{"start":{"line":75,"column":4},"end":{"line":82,"column":6}},"41":{"start":{"line":76,"column":6},"end":{"line":81,"column":7}},"42":{"start":{"line":77,"column":21},"end":{"line":77,"column":43}},"43":{"start":{"line":78,"column":8},"end":{"line":78,"column":37}},"44":{"start":{"line":80,"column":8},"end":{"line":80,"column":51}},"45":{"start":{"line":85,"column":54},"end":{"line":85,"column":56}},"46":{"start":{"line":86,"column":4},"end":{"line":102,"column":5}},"47":{"start":{"line":87,"column":6},"end":{"line":101,"column":7}},"48":{"start":{"line":88,"column":25},"end":{"line":98,"column":27}},"49":{"start":{"line":89,"column":10},"end":{"line":97,"column":11}},"50":{"start":{"line":90,"column":24},"end":{"line":90,"column":46}},"51":{"start":{"line":93,"column":25},"end":{"line":93,"column":41}},"52":{"start":{"line":94,"column":12},"end":{"line":94,"column":26}},"53":{"start":{"line":96,"column":12},"end":{"line":96,"column":75}},"54":{"start":{"line":99,"column":8},"end":{"line":99,"column":53}},"55":{"start":{"line":100,"column":8},"end":{"line":100,"column":46}},"56":{"start":{"line":104,"column":4},"end":{"line":117,"column":6}},"57":{"start":{"line":105,"column":6},"end":{"line":105,"column":119}},"58":{"start":{"line":106,"column":6},"end":{"line":106,"column":39}},"59":{"start":{"line":107,"column":6},"end":{"line":107,"column":33}},"60":{"start":{"line":108,"column":6},"end":{"line":108,"column":47}},"61":{"start":{"line":111,"column":6},"end":{"line":114,"column":7}},"62":{"start":{"line":112,"column":8},"end":{"line":112,"column":71}},"63":{"start":{"line":113,"column":8},"end":{"line":113,"column":33}},"64":{"start":{"line":116,"column":6},"end":{"line":116,"column":34}},"65":{"start":{"line":119,"column":4},"end":{"line":125,"column":6}},"66":{"start":{"line":120,"column":6},"end":{"line":120,"column":44}},"67":{"start":{"line":121,"column":6},"end":{"line":123,"column":7}},"68":{"start":{"line":122,"column":8},"end":{"line":122,"column":56}},"69":{"start":{"line":124,"column":6},"end":{"line":124,"column":14}},"70":{"start":{"line":128,"column":2},"end":{"line":128,"column":64}}},"fnMap":{"0":{"name":"useSSE","decl":{"start":{"line":21,"column":16},"end":{"line":21,"column":22}},"loc":{"start":{"line":21,"column":114},"end":{"line":129,"column":1}},"line":21},"1":{"name":"(anonymous_1)","decl":{"start":{"line":32,"column":12},"end":{"line":32,"column":13}},"loc":{"start":{"line":32,"column":18},"end":{"line":37,"column":3}},"line":32},"2":{"name":"(anonymous_2)","decl":{"start":{"line":39,"column":28},"end":{"line":39,"column":29}},"loc":{"start":{"line":39,"column":34},"end":{"line":45,"column":3}},"line":39},"3":{"name":"(anonymous_3)","decl":{"start":{"line":47,"column":12},"end":{"line":47,"column":13}},"loc":{"start":{"line":47,"column":18},"end":{"line":126,"column":3}},"line":47},"4":{"name":"(anonymous_4)","decl":{"start":{"line":66,"column":20},"end":{"line":66,"column":21}},"loc":{"start":{"line":66,"column":26},"end":{"line":73,"column":5}},"line":66},"5":{"name":"(anonymous_5)","decl":{"start":{"line":75,"column":23},"end":{"line":75,"column":24}},"loc":{"start":{"line":75,"column":34},"end":{"line":82,"column":5}},"line":75},"6":{"name":"(anonymous_6)","decl":{"start":{"line":88,"column":26},"end":{"line":88,"column":27}},"loc":{"start":{"line":88,"column":51},"end":{"line":98,"column":9}},"line":88},"7":{"name":"(anonymous_7)","decl":{"start":{"line":104,"column":21},"end":{"line":104,"column":22}},"loc":{"start":{"line":104,"column":32},"end":{"line":117,"column":5}},"line":104},"8":{"name":"(anonymous_8)","decl":{"start":{"line":119,"column":11},"end":{"line":119,"column":12}},"loc":{"start":{"line":119,"column":17},"end":{"line":125,"column":5}},"line":119}},"branchMap":{"0":{"loc":{"start":{"line":21,"column":67},"end":{"line":21,"column":81}},"type":"default-arg","locations":[{"start":{"line":21,"column":77},"end":{"line":21,"column":81}}],"line":21},"1":{"loc":{"start":{"line":40,"column":4},"end":{"line":44,"column":5}},"type":"if","locations":[{"start":{"line":40,"column":4},"end":{"line":44,"column":5}},{"start":{},"end":{}}],"line":40},"2":{"loc":{"start":{"line":48,"column":4},"end":{"line":54,"column":5}},"type":"if","locations":[{"start":{"line":48,"column":4},"end":{"line":54,"column":5}},{"start":{},"end":{}}],"line":48},"3":{"loc":{"start":{"line":48,"column":8},"end":{"line":48,"column":24}},"type":"binary-expr","locations":[{"start":{"line":48,"column":8},"end":{"line":48,"column":12}},{"start":{"line":48,"column":16},"end":{"line":48,"column":24}}],"line":48},"4":{"loc":{"start":{"line":57,"column":4},"end":{"line":60,"column":5}},"type":"if","locations":[{"start":{"line":57,"column":4},"end":{"line":60,"column":5}},{"start":{},"end":{}}],"line":57},"5":{"loc":{"start":{"line":86,"column":4},"end":{"line":102,"column":5}},"type":"if","locations":[{"start":{"line":86,"column":4},"end":{"line":102,"column":5}},{"start":{},"end":{}}],"line":86},"6":{"loc":{"start":{"line":93,"column":25},"end":{"line":93,"column":41}},"type":"binary-expr","locations":[{"start":{"line":93,"column":25},"end":{"line":93,"column":34}},{"start":{"line":93,"column":38},"end":{"line":93,"column":41}}],"line":93},"7":{"loc":{"start":{"line":111,"column":6},"end":{"line":114,"column":7}},"type":"if","locations":[{"start":{"line":111,"column":6},"end":{"line":114,"column":7}},{"start":{},"end":{}}],"line":111}},"s":{"0":7,"1":713,"2":713,"3":713,"4":713,"5":713,"6":713,"7":713,"8":713,"9":713,"10":713,"11":571,"12":571,"13":571,"14":571,"15":713,"16":201,"17":90,"18":90,"19":90,"20":713,"21":198,"22":108,"23":108,"24":108,"25":108,"26":108,"27":90,"28":0,"29":0,"30":90,"31":90,"32":90,"33":90,"34":6,"35":6,"36":6,"37":6,"38":6,"39":6,"40":90,"41":7,"42":7,"43":4,"44":3,"45":90,"46":90,"47":45,"48":149,"49":11,"50":11,"51":9,"52":9,"53":2,"54":149,"55":149,"56":90,"57":21,"58":21,"59":21,"60":21,"61":21,"62":6,"63":6,"64":21,"65":90,"66":90,"67":90,"68":149,"69":90,"70":713},"f":{"0":713,"1":571,"2":201,"3":198,"4":6,"5":7,"6":11,"7":21,"8":90},"b":{"0":[133],"1":[90,111],"2":[108,90],"3":[198,95],"4":[0,90],"5":[45,45],"6":[9,1],"7":[6,15]},"_coverageSchema":"1a1c01bbd47fc00a2c39e90264f33305004495a9","hash":"9480e85bd0a6679faf366320476be8db7d90ae59"}
,"D:\\learn\\claudecode\\gmpaudit\\frontend\\src\\hooks\\useTaskSSE.ts": {"path":"D:\\learn\\claudecode\\gmpaudit\\frontend\\src\\hooks\\useTaskSSE.ts","statementMap":{"0":{"start":{"line":7,"column":51},"end":{"line":13,"column":1}},"1":{"start":{"line":15,"column":19},"end":{"line":15,"column":22}},"2":{"start":{"line":30,"column":30},"end":{"line":30,"column":55}},"3":{"start":{"line":31,"column":46},"end":{"line":31,"column":80}},"4":{"start":{"line":32,"column":42},"end":{"line":32,"column":61}},"5":{"start":{"line":33,"column":34},"end":{"line":33,"column":45}},"6":{"start":{"line":34,"column":30},"end":{"line":34,"column":49}},"7":{"start":{"line":35,"column":20},"end":{"line":35,"column":43}},"8":{"start":{"line":36,"column":29},"end":{"line":36,"column":46}},"9":{"start":{"line":39,"column":19},"end":{"line":39,"column":79}},"10":{"start":{"line":40,"column":2},"end":{"line":40,"column":74}},"11":{"start":{"line":41,"column":17},"end":{"line":44,"column":3}},"12":{"start":{"line":42,"column":14},"end":{"line":42,"column":30}},"13":{"start":{"line":43,"column":4},"end":{"line":43,"column":161}},"14":{"start":{"line":47,"column":24},"end":{"line":47,"column":51}},"15":{"start":{"line":48,"column":26},"end":{"line":48,"column":39}},"16":{"start":{"line":49,"column":2},"end":{"line":60,"column":15}},"17":{"start":{"line":50,"column":4},"end":{"line":59,"column":5}},"18":{"start":{"line":51,"column":6},"end":{"line":51,"column":85}},"19":{"start":{"line":52,"column":6},"end":{"line":52,"column":20}},"20":{"start":{"line":53,"column":6},"end":{"line":53,"column":28}},"21":{"start":{"line":54,"column":6},"end":{"line":54,"column":33}},"22":{"start":{"line":55,"column":6},"end":{"line":55,"column":21}},"23":{"start":{"line":56,"column":6},"end":{"line":56,"column":27}},"24":{"start":{"line":57,"column":6},"end":{"line":57,"column":29}},"25":{"start":{"line":58,"column":6},"end":{"line":58,"column":37}},"26":{"start":{"line":63,"column":2},"end":{"line":70,"column":17}},"27":{"start":{"line":64,"column":4},"end":{"line":68,"column":5}},"28":{"start":{"line":65,"column":6},"end":{"line":65,"column":57}},"29":{"start":{"line":66,"column":11},"end":{"line":68,"column":5}},"30":{"start":{"line":67,"column":6},"end":{"line":67,"column":60}},"31":{"start":{"line":69,"column":4},"end":{"line":69,"column":39}},"32":{"start":{"line":72,"column":14},"end":{"line":74,"column":10}},"33":{"start":{"line":77,"column":21},"end":{"line":77,"column":48}},"34":{"start":{"line":78,"column":2},"end":{"line":83,"column":12}},"35":{"start":{"line":79,"column":4},"end":{"line":82,"column":5}},"36":{"start":{"line":80,"column":6},"end":{"line":80,"column":71}},"37":{"start":{"line":81,"column":6},"end":{"line":81,"column":31}},"38":{"start":{"line":85,"column":30},"end":{"line":143,"column":4}},"39":{"start":{"line":89,"column":21},"end":{"line":89,"column":37}},"40":{"start":{"line":90,"column":21},"end":{"line":90,"column":49}},"41":{"start":{"line":91,"column":8},"end":{"line":91,"column":86}},"42":{"start":{"line":92,"column":8},"end":{"line":92,"column":42}},"43":{"start":{"line":94,"column":30},"end":{"line":94,"column":60}},"44":{"start":{"line":95,"column":8},"end":{"line":97,"column":9}},"45":{"start":{"line":96,"column":10},"end":{"line":96,"column":61}},"46":{"start":{"line":96,"column":30},"end":{"line":96,"column":59}},"47":{"start":{"line":100,"column":21},"end":{"line":100,"column":46}},"48":{"start":{"line":101,"column":36},"end":{"line":101,"column":39}},"49":{"start":{"line":102,"column":8},"end":{"line":105,"column":11}},"50":{"start":{"line":103,"column":23},"end":{"line":103,"column":38}},"51":{"start":{"line":104,"column":10},"end":{"line":104,"column":93}},"52":{"start":{"line":106,"column":8},"end":{"line":110,"column":9}},"53":{"start":{"line":107,"column":10},"end":{"line":107,"column":64}},"54":{"start":{"line":108,"column":10},"end":{"line":108,"column":38}},"55":{"start":{"line":109,"column":10},"end":{"line":109,"column":50}},"56":{"start":{"line":113,"column":21},"end":{"line":113,"column":62}},"57":{"start":{"line":114,"column":8},"end":{"line":114,"column":58}},"58":{"start":{"line":114,"column":28},"end":{"line":114,"column":56}},"59":{"start":{"line":115,"column":8},"end":{"line":119,"column":9}},"60":{"start":{"line":116,"column":10},"end":{"line":116,"column":58}},"61":{"start":{"line":117,"column":10},"end":{"line":117,"column":38}},"62":{"start":{"line":118,"column":10},"end":{"line":118,"column":50}},"63":{"start":{"line":122,"column":21},"end":{"line":122,"column":46}},"64":{"start":{"line":123,"column":8},"end":{"line":123,"column":48}},"65":{"start":{"line":124,"column":8},"end":{"line":124,"column":31}},"66":{"start":{"line":125,"column":8},"end":{"line":136,"column":9}},"67":{"start":{"line":126,"column":10},"end":{"line":126,"column":27}},"68":{"start":{"line":127,"column":10},"end":{"line":127,"column":39}},"69":{"start":{"line":128,"column":15},"end":{"line":136,"column":9}},"70":{"start":{"line":129,"column":10},"end":{"line":129,"column":36}},"71":{"start":{"line":129,"column":30},"end":{"line":129,"column":34}},"72":{"start":{"line":130,"column":10},"end":{"line":130,"column":36}},"73":{"start":{"line":131,"column":15},"end":{"line":136,"column":9}},"74":{"start":{"line":132,"column":10},"end":{"line":132,"column":26}},"75":{"start":{"line":133,"column":10},"end":{"line":133,"column":45}},"76":{"start":{"line":135,"column":10},"end":{"line":135,"column":26}},"77":{"start":{"line":146,"column":24},"end":{"line":154,"column":3}},"78":{"start":{"line":147,"column":4},"end":{"line":147,"column":19}},"79":{"start":{"line":148,"column":4},"end":{"line":148,"column":31}},"80":{"start":{"line":149,"column":4},"end":{"line":149,"column":25}},"81":{"start":{"line":150,"column":4},"end":{"line":150,"column":43}},"82":{"start":{"line":151,"column":4},"end":{"line":151,"column":18}},"83":{"start":{"line":152,"column":4},"end":{"line":152,"column":26}},"84":{"start":{"line":153,"column":4},"end":{"line":153,"column":27}},"85":{"start":{"line":156,"column":2},"end":{"line":166,"column":4}}},"fnMap":{"0":{"name":"useTaskSSE","decl":{"start":{"line":29,"column":16},"end":{"line":29,"column":26}},"loc":{"start":{"line":29,"column":87},"end":{"line":167,"column":1}},"line":29},"1":{"name":"(anonymous_1)","decl":{"start":{"line":41,"column":17},"end":{"line":41,"column":18}},"loc":{"start":{"line":41,"column":53},"end":{"line":44,"column":3}},"line":41},"2":{"name":"(anonymous_2)","decl":{"start":{"line":49,"column":12},"end":{"line":49,"column":13}},"loc":{"start":{"line":49,"column":18},"end":{"line":60,"column":3}},"line":49},"3":{"name":"(anonymous_3)","decl":{"start":{"line":63,"column":12},"end":{"line":63,"column":13}},"loc":{"start":{"line":63,"column":18},"end":{"line":70,"column":3}},"line":63},"4":{"name":"(anonymous_4)","decl":{"start":{"line":78,"column":12},"end":{"line":78,"column":13}},"loc":{"start":{"line":78,"column":18},"end":{"line":83,"column":3}},"line":78},"5":{"name":"(anonymous_5)","decl":{"start":{"line":88,"column":13},"end":{"line":88,"column":14}},"loc":{"start":{"line":88,"column":31},"end":{"line":98,"column":7}},"line":88},"6":{"name":"(anonymous_6)","decl":{"start":{"line":96,"column":22},"end":{"line":96,"column":23}},"loc":{"start":{"line":96,"column":30},"end":{"line":96,"column":59}},"line":96},"7":{"name":"(anonymous_7)","decl":{"start":{"line":99,"column":22},"end":{"line":99,"column":23}},"loc":{"start":{"line":99,"column":40},"end":{"line":111,"column":7}},"line":99},"8":{"name":"(anonymous_8)","decl":{"start":{"line":102,"column":26},"end":{"line":102,"column":27}},"loc":{"start":{"line":102,"column":34},"end":{"line":105,"column":9}},"line":102},"9":{"name":"(anonymous_9)","decl":{"start":{"line":112,"column":16},"end":{"line":112,"column":17}},"loc":{"start":{"line":112,"column":34},"end":{"line":120,"column":7}},"line":112},"10":{"name":"(anonymo
[...]
429,"column":63},"end":{"line":429,"column":100}},"type":"binary-expr","locations":[{"start":{"line":429,"column":63},"end":{"line":429,"column":94}},{"start":{"line":429,"column":98},"end":{"line":429,"column":100}}],"line":429},"61":{"loc":{"start":{"line":431,"column":43},"end":{"line":431,"column":80}},"type":"binary-expr","locations":[{"start":{"line":431,"column":43},"end":{"line":431,"column":74}},{"start":{"line":431,"column":78},"end":{"line":431,"column":80}}],"line":431},"62":{"loc":{"start":{"line":435,"column":33},"end":{"line":435,"column":52}},"type":"binary-expr","locations":[{"start":{"line":435,"column":33},"end":{"line":435,"column":46}},{"start":{"line":435,"column":50},"end":{"line":435,"column":52}}],"line":435},"63":{"loc":{"start":{"line":441,"column":66},"end":{"line":441,"column":98}},"type":"binary-expr","locations":[{"start":{"line":441,"column":66},"end":{"line":441,"column":92}},{"start":{"line":441,"column":96},"end":{"line":441,"column":98}}],"line":441},"64":{"loc":{"start":{"line":443,"column":43},"end":{"line":443,"column":75}},"type":"binary-expr","locations":[{"start":{"line":443,"column":43},"end":{"line":443,"column":69}},{"start":{"line":443,"column":73},"end":{"line":443,"column":75}}],"line":443},"65":{"loc":{"start":{"line":457,"column":27},"end":{"line":470,"column":27}},"type":"binary-expr","locations":[{"start":{"line":457,"column":27},"end":{"line":457,"column":71}},{"start":{"line":458,"column":28},"end":{"line":469,"column":30}}],"line":457},"66":{"loc":{"start":{"line":459,"column":36},"end":{"line":459,"column":84}},"type":"cond-expr","locations":[{"start":{"line":459,"column":65},"end":{"line":459,"column":74}},{"start":{"line":459,"column":77},"end":{"line":459,"column":84}}],"line":459},"67":{"loc":{"start":{"line":463,"column":35},"end":{"line":465,"column":62}},"type":"cond-expr","locations":[{"start":{"line":464,"column":38},"end":{"line":464,"column":109}},{"start":{"line":465,"column":38},"end":{"line":465,"column":62}}],"line":463},"68":{"loc":{"start":{"line":517,"column":23},"end":{"line":523,"column":23}},"type":"binary-expr","locations":[{"start":{"line":517,"column":23},"end":{"line":517,"column":40}},{"start":{"line":518,"column":24},"end":{"line":522,"column":26}}],"line":517},"69":{"loc":{"start":{"line":519,"column":32},"end":{"line":519,"column":86}},"type":"cond-expr","locations":[{"start":{"line":519,"column":67},"end":{"line":519,"column":76}},{"start":{"line":519,"column":79},"end":{"line":519,"column":86}}],"line":519},"70":{"loc":{"start":{"line":542,"column":72},"end":{"line":542,"column":84}},"type":"binary-expr","locations":[{"start":{"line":542,"column":72},"end":{"line":542,"column":77}},{"start":{"line":542,"column":81},"end":{"line":542,"column":84}}],"line":542},"71":{"loc":{"start":{"line":554,"column":81},"end":{"line":554,"column":91}},"type":"binary-expr","locations":[{"start":{"line":554,"column":81},"end":{"line":554,"column":86}},{"start":{"line":554,"column":90},"end":{"line":554,"column":91}}],"line":554}},"s":{"0":3,"1":3,"2":3,"3":257,"4":256,"5":256,"6":256,"7":256,"8":256,"9":256,"10":256,"11":256,"12":92,"13":256,"14":92,"15":92,"16":92,"17":91,"18":91,"19":91,"20":91,"21":91,"22":91,"23":664,"24":91,"25":490,"26":91,"27":245,"28":245,"29":245,"30":166,"31":245,"32":166,"33":91,"34":91,"35":0,"36":91,"37":256,"38":2372,"39":256,"40":29,"41":29,"42":256,"43":214,"44":214,"45":1399,"46":29,"47":214,"48":256,"49":111,"50":0,"51":0,"52":111,"53":111,"54":111,"55":256,"56":10,"57":10,"58":10,"59":10,"60":115,"61":9,"62":10,"63":30,"64":30,"65":7,"66":7,"67":7,"68":7,"69":7,"70":7,"71":10,"72":1,"73":1,"74":9,"75":23,"76":2,"77":2,"78":2,"79":2,"80":7,"81":4,"82":4,"83":4,"84":3,"85":10,"86":256,"87":8,"88":8,"89":8,"90":1,"91":1,"92":7,"93":7,"94":7,"95":7,"96":1,"97":7,"98":7,"99":6,"100":4,"101":4,"102":2,"103":1,"104":1,"105":256,"106":10,"107":10,"108":1,"109":1,"110":9,"111":15,"112":9,"113":9,"114":9,"115":9,"116":7,"117":7,"118":7,"119":5,"120":2,"121":9,"122":256,"123":314,"124":314,"125":256,"126":256,"127":159,"128":256,"129":470,"130":256,"131":256,"132":174,"133":92,"134":82,"135":82,"136":256,"137":173,"138":92,"139":81,"140":243,"141":256,"142":92,"143":164,"144":0,"145":470,"146":314,"147":25,"148":0,"149":150,"150":2,"151":7,"152":0,"153":0,"154":39,"155":0,"156":3,"157":0,"158":0,"159":1,"160":1,"161":0},"f":{"0":257,"1":92,"2":92,"3":490,"4":2372,"5":29,"6":29,"7":214,"8":111,"9":0,"10":111,"11":10,"12":4,"13":8,"14":10,"15":15,"16":314,"17":159,"18":470,"19":174,"20":82,"21":173,"22":243,"23":0,"24":470,"25":314,"26":25,"27":0,"28":150,"29":2,"30":7,"31":0,"32":0,"33":39,"34":0,"35":3,"36":0,"37":0,"38":1,"39":1,"40":0},"b":{"0":[88,3],"1":[89,2],"2":[91,0],"3":[664,0],"4":[490,158],"5":[166,79],"6":[245,166],"7":[245,166],"8":[166,79],"9":[245,166],"10":[245,166],"11":[0,0],"12":[980],"13":[2372,625],"14":[29,1370],"15":[1399,191],"16":[0,0],"17":[9,106],"18":[115,14],"19":[30,20],"20":[7,23],"21":[30,10],"22":[7,0],"23":[7,7],"24":[7,0],"25":[7,7],"26":[1,9],"27":[2,21],"28":[23,9,9],"29":[2,1],"30":[1,7],"31":[1,6],"32":[4,2],"33":[2,1],"34":[1,0],"35":[1,9],"36":[9,0],"37":[9,0,0],"38":[5,2],"39":[2,0],"40":[314,155],"41":[92,82],"42":[82,1],"43":[82,0],"44":[92,81],"45":[81,0],"46":[243,0],"47":[92,164],"48":[38,126],"49":[144,170],"50":[164,157],"51":[157,0],"52":[157,0],"53":[150,0],"54":[157,0],"55":[157,0],"56":[157,6],"57":[3,3],"58":[3,3],"59":[156,8],"60":[156,0],"61":[156,0],"62":[39,0],"63":[156,0],"64":[156,0],"65":[156,3],"66":[2,1],"67":[2,1],"68":[164,14],"69":[4,10],"70":[1,0],"71":[1,0]},"_coverageSchema":"1a1c01bbd47fc00a2c39e90264f33305004495a9","hash":"6bfb6300319419bb6d03662bb879559a7a8fe8c9"}
,"D:\\learn\\claudecode\\gmpaudit\\frontend\\src\\services\\api.ts": {"path":"D:\\learn\\claudecode\\gmpaudit\\frontend\\src\\services\\api.ts","statementMap":{"0":{"start":{"line":21,"column":28},"end":{"line":21,"column":72}},"1":{"start":{"line":23,"column":12},"end":{"line":26,"column":2}},"2":{"start":{"line":28,"column":0},"end":{"line":46,"column":2}},"3":{"start":{"line":29,"column":16},"end":{"line":29,"column":29}},"4":{"start":{"line":31,"column":4},"end":{"line":43,"column":5}},"5":{"start":{"line":33,"column":6},"end":{"line":37,"column":7}},"6":{"start":{"line":34,"column":8},"end":{"line":34,"column":39}},"7":{"start":{"line":36,"column":8},"end":{"line":36,"column":45}},"8":{"start":{"line":39,"column":21},"end":{"line":39,"column":50}},"9":{"start":{"line":40,"column":6},"end":{"line":42,"column":7}},"10":{"start":{"line":41,"column":8},"end":{"line":41,"column":31}},"11":{"start":{"line":44,"column":4},"end":{"line":44,"column":33}},"12":{"start":{"line":48,"column":27},"end":{"line":59,"column":1}},"13":{"start":{"line":50,"column":21},"end":{"line":50,"column":35}},"14":{"start":{"line":51,"column":4},"end":{"line":51,"column":60}},"15":{"start":{"line":51,"column":28},"end":{"line":51,"column":58}},"16":{"start":{"line":52,"column":4},"end":{"line":52,"column":80}},"17":{"start":{"line":55,"column":4},"end":{"line":55,"column":109}},"18":{"start":{"line":56,"column":27},"end":{"line":56,"column":75}},"19":{"start":{"line":57,"column":26},"end":{"line":57,"column":88}},"20":{"start":{"line":58,"column":32},"end":{"line":58,"column":99}},"21":{"start":{"line":61,"column":24},"end":{"line":88,"column":1}},"22":{"start":{"line":63,"column":4},"end":{"line":63,"column":93}},"23":{"start":{"line":65,"column":4},"end":{"line":65,"column":92}},"24":{"start":{"line":66,"column":27},"end":{"line":66,"column":78}},"25":{"start":{"line":67,"column":31},"end":{"line":67,"column":91}},"26":{"start":{"line":68,"column":27},"end":{"line":68,"column":109}},"27":{"start":{"line":70,"column":4},"end":{"line":70,"column":103}},"28":{"start":{"line":72,"column":4},"end":{"line":72,"column":102}},"29":{"start":{"line":74,"column":4},"end":{"line":74,"column":89}},"30":{"start":{"line":75,"column":22},"end":{"line":75,"column":75}},"31":{"start":{"line":77,"column":4},"end":{"line":77,"column":116}},"32":{"start":{"line":79,"column":4},"end":{"line":79,"column":115}},"33":{"start":{"line":81,"column":4},"end":{"line":87,"column":6}},"34":{"start":{"line":90,"column":29},"end":{"line":93,"column":1}},"35":{"start":{"line":92,"column":4},"end":{"line":92,"column":69}},"36":{"start":{"line":95,"column":25},"end":{"line":101,"column":1}},"37":{"start":{"line":97,"column":4},"end":{"line":97,"column":95}},"38":{"start":{"line":98,"column":23},"end":{"line":98,"column":67}},"39":{"start":{"line":100,"column":4},"end":{"line":100,"column":83}},"40":{"start":{"line":103,"column":25},"end":{"line":111,"column":1}},"41":{"start":{"line":104,"column":16},"end":{"line":104,"column":57}},"42":{"start":{"line":105,"column":19},"end":{"line":105,"column":71}},"43":{"start":{"line":107,"column":4},"end":{"line":107,"column":90}},"44":{"start":{"line":108,"column":21},"end":{"line":108,"column":108}},"45":{"start":{"line":110,"column":4},"end":{"line":110,"column":136}},"46":{"start":{"line":113,"column":25},"end":{"line":118,"column":1}},"47":{"start":{"line":115,"column":4},"end":{"line":115,"column":88}},"48":{"start":{"line":116,"column":31},"end":{"line":116,"column":98}},"49":{"start":{"line":117,"column":27},"end":{"line":117,"column":90}},"50":{"start":{"line":120,"column":21},"end":{"line":135,"column":1}},"51":{"start":{"line":121,"column":19},"end":{"line":121,"column":61}},"52":{"start":{"line":122,"column":28},"end":{"line":122,"column":110}},"53":{"start":{"line":123,"column":24},"end":{"line":123,"column":77}},"54":{"start":{"line":125,"column":4},"end":{"line":125,"column":91}},"55":{"start":{"line":126,"column":22},"end":{"line":126,"column":86}},"56":{"start":{"line":127,"column":22},"end":{"line":127,"column":64}},"57":{"start":{"line":129,"column":21},"end":{"line":129,"column":35}},"58":{"start":{"line":130,"column":4},"end":{"line":130,"column":34}},"59":{"start":{"line":131,"column":4},"end":{"line":131,"column":104}},"60":{"start":{"line":134,"column":4},"end":{"line":134,"column":75}}},"fnMap":{"0":{"name":"(anonymous_0)","decl":{"start":{"line":29,"column":2},"end":{"line":29,"column":3}},"loc":{"start":{"line":29,"column":16},"end":{"line":29,"column":29}},"line":29},"1":{"name":"(anonymous_1)","decl":{"start":{"line":30,"column":2},"end":{"line":30,"column":3}},"loc":{"start":{"line":30,"column":13},"end":{"line":45,"column":3}},"line":30},"2":{"name":"(anonymous_2)","decl":{"start":{"line":49,"column":15},"end":{"line":49,"column":16}},"loc":{"start":{"line":49,"column":34},"end":{"line":53,"column":3}},"line":49},"3":{"name":"(anonymous_3)","decl":{"start":{"line":51,"column":18},"end":{"line":51,"column":19}},"loc":{"start":{"line":51,"column":28},"end":{"line":51,"column":58}},"line":51},"4":{"name":"(anonymous_4)","decl":{"start":{"line":54,"column":8},"end":{"line":54,"column":9}},"loc":{"start":{"line":55,"column":4},"end":{"line":55,"column":109}},"line":55},"5":{"name":"(anonymous_5)","decl":{"start":{"line":56,"column":11},"end":{"line":56,"column":12}},"loc":{"start":{"line":56,"column":27},"end":{"line":56,"column":75}},"line":56},"6":{"name":"(anonymous_6)","decl":{"start":{"line":57,"column":10},"end":{"line":57,"column":11}},"loc":{"start":{"line":57,"column":26},"end":{"line":57,"column":88}},"line":57},"7":{"name":"(anonymous_7)","decl":{"start":{"line":58,"column":16},"end":{"line":58,"column":17}},"loc":{"start":{"line":58,"column":32},"end":{"line":58,"column":99}},"line":58},"8":{"name":"(anonymous_8)","decl":{"start":{"line":62,"column":14},"end":{"line":62,"column":15}},"loc":{"start":{"line":63,"column":4},"end":{"line":63,"column":93}},"line":63},"9":{"name":"(anonymous_9)","decl":{"start":{"line":64,"column":13},"end":{"line":64,"column":14}},"loc":{"start":{"line":65,"column":4},"end":{"line":65,"column":92}},"line":65},"10":{"name":"(anonymous_10)","decl":{"start":{"line":66,"column":11},"end":{"line":66,"column":12}},"loc":{"start":{"line":66,"column":27},"end":{"line":66,"column":78}},"line":66},"11":{"name":"(anonymous_11)","decl":{"start":{"line":67,"column":15},"end":{"line":67,"column":16}},"loc":{"start":{"line":67,"column":31},"end":{"line":67,"column":91}},"line":67},"12":{"name":"(anonymous_12)","decl":{"start":{"line":68,"column":11},"end":{"line":68,"column":12}},"loc":{"start":{"line":68,"column":27},"end":{"line":68,"column":109}},"line":68},"13":{"name":"(anonymous_13)","decl":{"start":{"line":69,"column":15},"end":{"line":69,"column":16}},"loc":{"start":{"line":70,"column":4},"end":{"line":70,"column":103}},"line":70},"14":{"name":"(anonymous_14)","decl":{"start":{"line":71,"column":14},"end":{"line":71,"column":15}},"loc":{"start":{"line":72,"column":4},"end":{"line":72,"column":102}},"line":72},"15":{"name":"(anonymous_15)","decl":{"start":{"line":73,"column":14},"end":{"line":73,"column":15}},"loc":{"start":{"line":74,"column":4},"end":{"line":74,"column":89}},"line":74},"16":{"name":"(anonymous_16)","decl":{"start":{"line":75,"column":16},"end":{"line":75,"column":17}},"loc":{"start":{"line":75,"column":22},"end":{"line":75,"column":75}},"line":75},"17":{"name":"(anonymous_17)","decl":{"start":{"line":76,"column":18},"end":{"line":76,"column":19}},"loc":{"start":{"line":77,"column":4},"end":{"line":77,"column":116}},"line":77},"18":{"name":"(anonymous_18)","decl":{"start":{"line":78,"column":17},"end":{"line":78,"column":18}},"loc":{"start":{"line":79,"column":4},"end":{"line":79,"column":115}},"line":79},"19":{"name":"(anonymous_19)","decl":{"start":{"line":80,"column":17},"end":{"line":80,"column":18}},"loc":{"start":{"line":81,"column":4},"end":{"line":87,"column":6}},"line":81},"20":{"name":"(anonymous_20)","decl":{"start":{"line":91,"column":7},"end":{"line":91,"column":8}},"loc":{"start":{"line":92,"column":4},"end":{"line":92,"column":69}},"line":92},"21":{"name":"(anonymous_21)","decl":{"start":{"line":96,"column":8},"end":{"line":96,"column":9}},"loc":{"start":{"line":97,"column":4},"end":{"line":97,"column":95}},"line":97},"22":{"name":"(anonymous_22)","decl":{"start":{"line":98,"column":7},"end":{"line":98,"column":8}},"loc":{"start":{"line":98,"column":23},"end":{"line":98,"column":67}},"line":98},"23":{"name":"(anonymous_23)","decl":{"start":{"line":99,"column":13},"end":{"line":99,"column":14}},"loc":{"start":{"line":100,"column":4},"end":{"line":100,"column":83}},"line":100},"24":{"name":"(anonymous_24)","decl":{"start":{"line":104,"column":10},"end":{"line":104,"column":11}},"loc":{"start":{"line":104,"column":16},"end":{"line":104,"column":57}},"line":104},"25":{"name":"(anonymous_25)","decl":{"start":{"line":105,"column":13},"end":{"line":105,"column":14}},"loc":{"start":{"line":105,"column":19},"end":{"line":105,"column":71}},"line":105},"26":{"name":"(anonymous_26)","decl":{"start":{"line":106,"column":15},"end":{"line":106,"column":16}},"loc":{"start":{"line":107,"column":4},"end":{"line":107,"column":90}},"line":107},"27":{"name":"(anonymous_27)","decl":{"start":{"line":108,"column":15},"end":{"line":108,"column":16}},"loc":{"start":{"line":108,"column":21},"end":{"line":108,"column":108}},"line":108},"28":{"name":"(anonymous_28)","decl":{"start":{"line":109,"column":11},"end":{"line":109,"column":12}},"loc":{"start":{"line":110,"column":4},"end":{"line":110,"column":136}},"line":110},"29":{"name":"(anonymous_29)","decl":{"start":{"line":114,"column":8},"end":{"line":114,"column":9}},"loc":{"start":{"line":115,"column":4},"end":{"line":115,"column":88}},"line":115},"30":{"name":"(anonymous_30)","decl":{"start":{"line":116,"column":15},"end":{"line":116,"column":16}},"loc":{"start":{"line":116,"column":31},"end":{"line":116,"column":98}},"line":116},"31":{"name":"(anonymous_31)","decl":{"start":{"line":117,"column":11},"end":{"line":117,"column":12}},"loc":{"start":{"line":117,"column":27},"end":{"line":117,"column":90}},"line":117},"32":{"name":"(anonymous_32)","decl":{"start":{"line":121,"column":13},"end":{"line":121,"column":14}},"loc":{"start":{"line":121,"column":19},"end":{"line":121,"column":61}},"line":121},"33":{"name":"(anonymous_33)","decl":{"start":{"line":122,"column":9},"end":{"line":122,"column":10}},"loc":{"start":{"line":122,"column":28},"end":{"line":122,"column":110}},"line":122},"34":{"name":"(anonymous_34)","decl":{"start":{"line":123,"column":18},"end":{"line":123,"column":19}},"loc":{"start":{"line":123,"column":24},"end":{"line":123,"column":77}},"line":123},"35":{"name":"(anonymous_35)","decl":{"start":{"line":124,"column":9},"end":{"line":124,"column":10}},"loc":{"start":{"line":125,"column":4},"end":{"line":125,"column":91}},"line":125},"36":{"name":"(anonymous_36)","decl":{"start":{"line":126,"column":16},"end":{"line":126,"column":17}},"loc":{"start":{"line":126,"column":22},"end":{"line":126,"column":86}},"line":126},"37":{"name":"(anonymous_37)","decl":{"start":{"line":127,"column":16},"end":{"line":127,"column":17}},"loc":{"start":{"line":127,"column":22},"end":{"line":127,"column":64}},"line":127},"38":{"name":"(anonymous_38)","decl":{"start":{"line":128,"column":18},"end":{"line":128,"column":19}},"loc":{"start":{"line":128,"column":34},"end":{"line":132,"column":3}},"line":128},"39":{"name":"(anonymous_39)","decl":{"start":{"line":133,"column":18},"end":{"line":133,"column":19}},"loc":{"start":{"line":134,"column":4},"end":{"line":134,"column":75}},"line":134}},"branchMap":{"0":{"loc":{"start":{"line":21,"column":28},"end":{"line":21,"column":72}},"type":"binary-expr","locations":[{"start":{"line":21,"column":28},"end":{"line":21,"column":62}},{"start":{"line":21,"column":66},"end":{"line":21,"column":72}}],"line":21},"1":{"loc":{"start":{"line":31,"column":4},"end":{"line":43,"column":5}},"type":"if","locations":[{"start":{"line":31,"column":4},"end":{"line":43,"column":5}},{"start":{"line":38,"column":11},"end":{"line":43,"column":5}}],"line":31},"2":{"loc":{"start":{"line":33,"column":6},"end":{"line":37,"column":7}},"type":"if","locations":[{"start":{"line":33,"column":6},"end":{"line":37,"column":7}},{"start":{"line":35,"column":13},"end":{"line":37,"column":7}}],"line":33},"3":{"loc":{"start":{"line":40,"column":6},"end":{"line":42,"column":7}},"type":"if","locations":[{"start":{"line":40,"column":6},"end":{"line":42,"column":7}},{"start":{},"end":{}}],"line":40},"4":{"loc":{"start":{"line":54,"column":9},"end":{"line":54,"column":17}},"type":"default-arg","locations":[{"start":{"line":54,"column":16},"end":{"line":54,"column":17}}],"line":54},"5":{"loc":{"start":{"line":54,"column":19},"end":{"line":54,"column":32}},"type":"default-arg","locations":[{"start":{"line":54,"column":30},"end":{"line":54,"column":32}}],"line":54},"6":{"loc":{"start":{"line":122,"column":10},"end":{"line":122,"column":23}},"type":"default-arg","locations":[{"start":{"line":122,"column":18},"end":{"line":122,"column":23}}],"line":122},"7":{"loc":{"start":{"line":124,"column":25},"end":{"line":124,"column":41}},"type":"default-arg","locations":[{"start":{"line":124,"column":34},"end":{"line":124,"column":41}}],"line":124}},"s":{"0":2,"1":2,"2":2,"3":1,"4":4,"5":2,"6":1,"7":1,"8":2,"9":2,"10":1,"11":4,"12":2,"13":1,"14":1,"15":2,"16":1,"17":2,"18":1,"19":1,"20":1,"21":2,"22":1,"23":2,"24":1,"25":1,"26":1,"27":1,"28":1,"29":1,"30":1,"31":2,"32":1,"33":1,"34":2,"35":2,"36":2,"37":2,"38":1,"39":1,"40":2,"41":1,"42":1,"43":1,"44":1,"45":1,"46":2,"47":2,"48":1,"49":1,"50":2,"51":1,"52":2,"53":1,"54":2,"55":1,"56":1,"57":1,"58":1,"59":1,"60":1},"f":{"0":1,"1":4,"2":1,"3":2,"4":2,"5":1,"6":1,"7":1,"8":1,"9":2,"10":1,"11":1,"12":1,"13":1,"14":1,"15":1,"16":1,"17":2,"18":1,"19":1,"20":2,"21":2,"22":1,"23":1,"24":1,"25":1,"26":1,"27":1,"28":1,"29":2,"30":1,"31":1,"32":1,"33":2,"34":1,"35":2,"36":1,"37":1,"38":1,"39":1},"b":{"0":[2,0],"1":[2,2],"2":[1,1],"3":[1,1],"4":[1],"5":[1],"6":[1],"7":[1]},"_coverageSchema":"1a1c01bbd47fc00a2c39e90264f33305004495a9","hash":"24adf614c71e4eb34f029bee59ef97f333317ddc"}
}
