TN:
SF:src\App.tsx
FN:9,(anonymous_0)
FN:10,(anonymous_1)
FN:11,(anonymous_2)
FN:12,(anonymous_3)
FN:13,(anonymous_4)
FN:14,(anonymous_5)
FN:15,(anonymous_6)
FN:16,(anonymous_7)
FN:20,(anonymous_8)
FN:26,(anonymous_9)
FN:51,(anonymous_10)
FNF:11
FNH:11
FNDA:2,(anonymous_0)
FNDA:2,(anonymous_1)
FNDA:2,(anonymous_2)
FNDA:2,(anonymous_3)
FNDA:2,(anonymous_4)
FNDA:2,(anonymous_5)
FNDA:2,(anonymous_6)
FNDA:2,(anonymous_7)
FNDA:16,(anonymous_8)
FNDA:31,(anonymous_9)
FNDA:32,(anonymous_10)
DA:9,2
DA:10,2
DA:11,2
DA:12,2
DA:13,2
DA:14,2
DA:15,2
DA:16,2
DA:18,2
DA:20,2
DA:21,16
DA:26,2
DA:27,31
DA:51,2
DA:52,32
LF:15
LH:15
BRF:0
BRH:0
end_of_record
TN:
SF:src\index.tsx
FNF:0
FNH:0
DA:5,0
DA:9,0
LF:2
LH:0
BRF:0
BRH:0
end_of_record
TN:
SF:src\components\AgentFlowChart.tsx
FN:15,(anonymous_0)
FN:16,(anonymous_1)
FN:23,(anonymous_2)
FN:41,(anonymous_3)
FN:64,(anonymous_4)
FN:102,(anonymous_5)
FN:104,(anonymous_6)
FNF:7
FNH:5
FNDA:43,(anonymous_0)
FNDA:195,(anonymous_1)
FNDA:172,(anonymous_2)
FNDA:172,(anonymous_3)
FNDA:129,(anonymous_4)
FNDA:0,(anonymous_5)
FNDA:0,(anonymous_6)
DA:13,3
DA:15,3
DA:16,43
DA:17,195
DA:18,184
DA:19,142
DA:20,106
DA:23,43
DA:24,172
DA:25,149
DA:28,43
DA:30,43
DA:41,172
DA:55,43
DA:64,129
DA:82,43
DA:100,43
DA:103,0
DA:104,0
DA:105,0
DA:111,43
LF:21
LH:18
BRDA:17,0,0,11
BRDA:17,0,1,184
BRDA:18,1,0,42
BRDA:18,1,1,142
BRDA:19,2,0,36
BRDA:19,2,1,106
BRDA:24,3,0,23
BRDA:24,3,1,149
BRDA:28,4,0,43
BRDA:28,4,1,30
BRDA:28,4,2,28
BRDA:35,5,0,17
BRDA:35,5,1,26
BRDA:37,6,0,17
BRDA:37,6,1,26
BRDA:38,7,0,17
BRDA:38,7,1,26
BRDA:42,8,0,172
BRDA:42,8,1,0
BRDA:48,9,0,23
BRDA:48,9,1,149
BRDA:60,10,0,20
BRDA:60,10,1,23
BRDA:61,11,0,20
BRDA:61,11,1,23
BRDA:68,12,0,39
BRDA:68,12,1,90
BRDA:69,13,0,39
BRDA:69,13,1,90
BRDA:76,14,0,3
BRDA:76,14,1,40
BRDA:77,15,0,3
BRDA:77,15,1,40
BRDA:100,16,0,2
BRDA:100,16,1,41
BRDA:103,17,0,0
BRDA:103,17,1,0
BRDA:105,18,0,0
BRDA:105,18,1,0
BRF:39
BRH:34
end_of_record
TN:
SF:src\components\AgentThinkingPanel.tsx
FN:27,(anonymous_0)
FN:29,getStepStatus
FN:52,getLatestMessage
FN:71,(anonymous_3)
FN:80,(anonymous_4)
FN:87,(anonymous_5)
FN:96,(anonymous_6)
FN:99,(anonymous_7)
FN:112,(anonymous_8)
FN:132,(anonymous_9)
FN:162,(anonymous_10)
FN:269,(anonymous_11)
FNF:12
FNH:12
FNDA:12,(anonymous_0)
FNDA:456,getStepStatus
FNDA:200,getLatestMessage
FNDA:50,(anonymous_3)
FNDA:34,(anonymous_4)
FNDA:34,(anonymous_5)
FNDA:34,(anonymous_6)
FNDA:30,(anonymous_7)
FNDA:1,(anonymous_8)
FNDA:200,(anonymous_9)
FNDA:200,(anonymous_10)
FNDA:26,(anonymous_11)
DA:12,3
DA:20,3
DA:27,12
DA:35,456
DA:36,336
DA:38,64
DA:39,64
DA:40,64
DA:41,56
DA:42,32
DA:43,18
DA:45,272
DA:46,272
DA:47,272
DA:48,168
DA:49,104
DA:56,200
DA:57,545
DA:58,119
DA:61,81
DA:71,3
DA:77,50
DA:80,50
DA:81,34
DA:82,15
DA:87,50
DA:88,34
DA:89,27
DA:90,27
DA:93,50
DA:94,50
DA:96,50
DA:97,34
DA:98,12
DA:99,30
DA:101,12
DA:103,22
DA:104,17
DA:105,15
DA:106,10
DA:109,50
DA:112,1
DA:133,200
DA:139,200
DA:163,200
DA:169,200
DA:170,200
DA:172,200
DA:270,26
LF:49
LH:49
BRDA:35,0,0,120
BRDA:35,0,1,336
BRDA:35,1,0,456
BRDA:35,1,1,304
BRDA:35,1,2,216
BRDA:36,2,0,64
BRDA:36,2,1,272
BRDA:36,3,0,336
BRDA:36,3,1,184
BRDA:40,4,0,8
BRDA:40,4,1,56
BRDA:41,5,0,24
BRDA:41,5,1,32
BRDA:42,6,0,14
BRDA:42,6,1,18
BRDA:47,7,0,104
BRDA:47,7,1,168
BRDA:48,8,0,64
BRDA:48,8,1,104
BRDA:48,9,0,44
BRDA:48,9,1,20
BRDA:57,10,0,119
BRDA:57,10,1,426
BRDA:57,11,0,545
BRDA:57,11,1,120
BRDA:74,12,0,3
BRDA:75,13,0,2
BRDA:81,14,0,15
BRDA:81,14,1,19
BRDA:81,15,0,34
BRDA:81,15,1,22
BRDA:88,16,0,7
BRDA:88,16,1,27
BRDA:88,17,0,34
BRDA:88,17,1,22
BRDA:88,17,2,17
BRDA:90,18,0,16
BRDA:90,18,1,11
BRDA:93,19,0,50
BRDA:93,19,1,38
BRDA:94,20,0,50
BRDA:94,20,1,38
BRDA:97,21,0,12
BRDA:97,21,1,22
BRDA:101,22,0,11
BRDA:101,22,1,1
BRDA:103,23,0,5
BRDA:103,23,1,17
BRDA:104,24,0,2
BRDA:104,24,1,15
BRDA:105,25,0,5
BRDA:105,25,1,10
BRDA:111,26,0,15
BRDA:111,26,1,35
BRDA:147,27,0,119
BRDA:147,27,1,81
BRDA:149,28,0,11
BRDA:149,28,1,70
BRDA:179,29,0,50
BRDA:179,29,1,150
BRDA:184,30,0,200
BRDA:184,30,1,150
BRDA:193,31,0,100
BRDA:193,31,1,50
BRDA:210,32,0,119
BRDA:210,32,1,81
BRDA:214,33,0,7
BRDA:214,33,1,74
BRDA:218,34,0,11
BRDA:218,34,1,63
BRDA:234,35,0,63
BRDA:234,35,1,137
BRDA:236,36,0,119
BRDA:236,36,1,18
BRDA:243,37,0,11
BRDA:243,37,1,189
BRDA:245,38,0,119
BRDA:245,38,1,70
BRDA:252,39,0,200
BRDA:252,39,1,119
BRDA:252,39,2,103
BRDA:262,40,0,200
BRDA:262,40,1,11
BRDA:268,41,0,11
BRDA:268,41,1,0
BRF:85
BRH:84
end_of_record
TN:
SF:src\components\DocumentPreview.tsx
FN:22,normalizeForMatch
FN:30,getWindowAroundHighlight
FN:109,(anonymous_2)
FN:116,(anonymous_3)
FN:120,(anonymous_4)
FN:136,(anonymous_5)
FN:143,(anonymous_6)
FN:145,(anonymous_7)
FN:151,(anonymous_8)
FN:155,(anonymous_9)
FN:189,(anonymous_10)
FN:205,(anonymous_11)
FNF:12
FNH:11
FNDA:8,normalizeForMatch
FNDA:47,getWindowAroundHighlight
FNDA:81,(anonymous_2)
FNDA:29,(anonymous_3)
FNDA:27,(anonymous_4)
FNDA:27,(anonymous_5)
FNDA:78,(anonymous_6)
FNDA:0,(anonymous_7)
FNDA:41,(anonymous_8)
FNDA:5,(anonymous_9)
FNDA:1,(anonymous_10)
FNDA:1,(anonymous_11)
DA:7,2
DA:17,2
DA:23,8
DA:34,47
DA:37,17
DA:38,17
DA:39,13
DA:40,13
DA:41,13
DA:49,4
DA:50,4
DA:53,4
DA:54,4
DA:55,4
DA:57,4
DA:62,4
DA:63,4
DA:64,10
DA:65,10
DA:66,10
DA:68,4
DA:72,1
DA:73,1
DA:74,1
DA:75,7
DA:76,7
DA:78,7
DA:81,1
DA:82,1
DA:83,1
DA:91,0
DA:92,0
DA:93,0
DA:94,0
DA:95,0
DA:97,0
DA:100,0
DA:101,0
DA:102,0
DA:109,2
DA:110,81
DA:111,81
DA:112,81
DA:113,81
DA:114,81
DA:116,81
DA:117,29
DA:118,27
DA:120,27
DA:121,27
DA:122,27
DA:123,27
DA:124,25
DA:126,1
DA:127,1
DA:129,26
DA:133,27
DA:136,81
DA:137,27
DA:138,13
DA:143,81
DA:144,78
DA:145,0
DA:146,0
DA:151,81
DA:152,41
DA:154,3
DA:155,3
DA:156,5
DA:166,81
DA:167,81
DA:168,81
DA:169,81
DA:171,6
DA:172,6
DA:174,81
DA:176,81
DA:189,1
DA:205,1
LF:79
LH:68
BRDA:34,0,0,30
BRDA:34,0,1,17
BRDA:34,1,0,47
BRDA:34,1,1,47
BRDA:38,2,0,13
BRDA:38,2,1,4
BRDA:42,3,0,0
BRDA:42,3,1,13
BRDA:44,4,0,0
BRDA:44,4,1,13
BRDA:50,5,0,0
BRDA:50,5,1,4
BRDA:55,6,0,4
BRDA:55,6,1,0
BRDA:66,7,0,1
BRDA:66,7,1,9
BRDA:68,8,0,3
BRDA:68,8,1,1
BRDA:74,9,0,8
BRDA:74,9,1,8
BRDA:75,10,0,7
BRDA:75,10,1,0
BRDA:84,11,0,0
BRDA:84,11,1,1
BRDA:86,12,0,0
BRDA:86,12,1,1
BRDA:93,13,0,0
BRDA:93,13,1,0
BRDA:94,14,0,0
BRDA:94,14,1,0
BRDA:103,15,0,0
BRDA:103,15,1,0
BRDA:105,16,0,0
BRDA:105,16,1,0
BRDA:112,17,0,81
BRDA:112,17,1,41
BRDA:117,18,0,2
BRDA:117,18,1,27
BRDA:124,19,0,25
BRDA:124,19,1,2
BRDA:137,20,0,13
BRDA:137,20,1,14
BRDA:144,21,0,0
BRDA:144,21,1,78
BRDA:144,22,0,78
BRDA:144,22,1,51
BRDA:152,23,0,38
BRDA:152,23,1,3
BRDA:152,24,0,41
BRDA:152,24,1,16
BRDA:156,25,0,1
BRDA:156,25,1,4
BRDA:167,26,0,41
BRDA:167,26,1,40
BRDA:169,27,0,6
BRDA:169,27,1,75
BRDA:169,28,0,81
BRDA:169,28,1,69
BRDA:172,29,0,2
BRDA:172,29,1,4
BRDA:194,30,0,27
BRDA:194,30,1,54
BRDA:198,31,0,13
BRDA:198,31,1,41
BRDA:198,32,0,54
BRDA:198,32,1,14
BRDA:198,32,2,13
BRDA:203,33,0,2
BRDA:203,33,1,11
BRDA:233,34,0,41
BRDA:233,34,1,16
BRDA:233,34,2,15
BRF:72
BRH:56
end_of_record
TN:
SF:src\components\FindingDetailCard.tsx
FN:26,(anonymous_0)
FN:30,(anonymous_1)
FN:43,(anonymous_2)
FN:135,(anonymous_3)
FN:145,(anonymous_4)
FN:184,(anonymous_5)
FNF:6
FNH:5
FNDA:41,(anonymous_0)
FNDA:3,(anonymous_1)
FNDA:3,(anonymous_2)
FNDA:1,(anonymous_3)
FNDA:1,(anonymous_4)
FNDA:0,(anonymous_5)
DA:10,2
DA:12,2
DA:26,2
DA:27,41
DA:28,41
DA:30,41
DA:31,3
DA:32,3
DA:33,3
DA:34,2
DA:35,2
DA:37,1
DA:39,3
DA:43,41
DA:44,3
DA:45,3
DA:46,3
DA:47,2
DA:48,2
DA:50,1
DA:52,3
DA:56,41
DA:135,1
DA:145,1
DA:184,0
LF:25
LH:24
BRDA:65,0,0,41
BRDA:65,0,1,0
BRDA:69,1,0,41
BRDA:69,1,1,41
BRDA:72,2,0,41
BRDA:72,2,1,5
BRDA:72,2,2,5
BRDA:73,3,0,5
BRDA:73,3,1,0
BRDA:74,4,0,5
BRDA:74,4,1,0
BRDA:81,5,0,41
BRDA:81,5,1,0
BRDA:85,6,0,41
BRDA:85,6,1,40
BRDA:95,7,0,41
BRDA:95,7,1,40
BRDA:103,8,0,41
BRDA:103,8,1,40
BRDA:112,9,0,41
BRDA:112,9,1,40
BRDA:130,10,0,41
BRDA:130,10,1,39
BRDA:140,11,0,41
BRDA:140,11,1,2
BRDA:150,12,0,41
BRDA:150,12,1,38
BRDA:150,12,2,36
BRDA:178,13,0,41
BRDA:178,13,1,39
BRDA:181,14,0,39
BRDA:181,14,1,0
BRF:32
BRH:27
end_of_record
TN:
SF:src\components\common\ErrorBoundary.tsx
FN:13,(anonymous_0)
FN:18,(anonymous_1)
FN:22,(anonymous_2)
FN:26,(anonymous_3)
FN:30,(anonymous_4)
FN:35,(anonymous_5)
FNF:6
FNH:6
FNDA:31,(anonymous_0)
FNDA:25,(anonymous_1)
FNDA:12,(anonymous_2)
FNDA:4,(anonymous_3)
FNDA:1,(anonymous_4)
FNDA:58,(anonymous_5)
DA:14,31
DA:15,29
DA:19,25
DA:23,12
DA:26,29
DA:27,4
DA:30,29
DA:31,1
DA:32,1
DA:36,58
DA:37,24
DA:55,34
LF:12
LH:12
BRDA:36,0,0,24
BRDA:36,0,1,34
BRF:2
BRH:2
end_of_record
TN:
SF:src\components\common\Header.tsx
FN:19,(anonymous_0)
FNF:1
FNH:1
FNDA:15,(anonymous_0)
DA:6,2
DA:7,2
DA:9,2
DA:19,2
DA:20,15
DA:21,15
DA:23,15
LF:7
LH:7
BRDA:21,0,0,15
BRDA:21,0,1,3
BRF:2
BRH:2
end_of_record
TN:
SF:src\components\common\Sidebar.tsx
FN:18,(anonymous_0)
FN:62,(anonymous_1)
FNF:2
FNH:1
FNDA:18,(anonymous_0)
FNDA:0,(anonymous_1)
DA:15,2
DA:16,2
DA:18,2
DA:19,18
DA:20,16
DA:21,16
DA:23,16
DA:33,16
DA:62,0
LF:9
LH:8
BRDA:41,0,0,0
BRDA:41,0,1,16
BRF:2
BRH:1
end_of_record
TN:
SF:src\constants\audit.ts
FNF:0
FNH:0
DA:1,16
DA:11,16
DA:21,16
DA:36,16
DA:50,16
DA:57,16
DA:65,16
DA:72,16
LF:8
LH:8
BRF:0
BRH:0
end_of_record
TN:
SF:src\constants\theme.ts
FNF:0
FNH:0
DA:1,35
LF:1
LH:1
BRF:0
BRH:0
end_of_record
TN:
SF:src\hooks\useSSE.ts
FN:21,useSSE
FN:32,(anonymous_1)
FN:39,(anonymous_2)
FN:47,(anonymous_3)
FN:66,(anonymous_4)
FN:75,(anonymous_5)
FN:88,(anonymous_6)
FN:104,(anonymous_7)
FN:119,(anonymous_8)
FNF:9
FNH:9
FNDA:713,useSSE
FNDA:571,(anonymous_1)
FNDA:201,(anonymous_2)
FNDA:198,(anonymous_3)
FNDA:6,(anonymous_4)
FNDA:7,(anonymous_5)
FNDA:11,(anonymous_6)
FNDA:21,(anonymous_7)
FNDA:90,(anonymous_8)
DA:19,7
DA:22,713
DA:23,713
DA:24,713
DA:25,713
DA:26,713
DA:27,713
DA:28,713
DA:29,713
DA:30,713
DA:32,713
DA:33,571
DA:34,571
DA:35,571
DA:36,571
DA:39,713
DA:40,201
DA:41,90
DA:42,90
DA:43,90
DA:47,713
DA:48,198
DA:49,108
DA:50,108
DA:51,108
DA:52,108
DA:53,108
DA:57,90
DA:58,0
DA:59,0
DA:62,90
DA:63,90
DA:64,90
DA:66,90
DA:67,6
DA:68,6
DA:69,6
DA:70,6
DA:71,6
DA:72,6
DA:75,90
DA:76,7
DA:77,7
DA:78,4
DA:80,3
DA:85,90
DA:86,90
DA:87,45
DA:88,149
DA:89,11
DA:90,11
DA:93,9
DA:94,9
DA:96,2
DA:99,149
DA:100,149
DA:104,90
DA:105,21
DA:106,21
DA:107,21
DA:108,21
DA:111,21
DA:112,6
DA:113,6
DA:116,21
DA:119,90
DA:120,90
DA:121,90
DA:122,149
DA:124,90
DA:128,713
LF:71
LH:69
BRDA:21,0,0,133
BRDA:40,1,0,90
BRDA:40,1,1,111
BRDA:48,2,0,108
BRDA:48,2,1,90
BRDA:48,3,0,198
BRDA:48,3,1,95
BRDA:57,4,0,0
BRDA:57,4,1,90
BRDA:86,5,0,45
BRDA:86,5,1,45
BRDA:93,6,0,9
BRDA:93,6,1,1
BRDA:111,7,0,6
BRDA:111,7,1,15
BRF:15
BRH:14
end_of_record
TN:
SF:src\hooks\useTaskSSE.ts
FN:29,useTaskSSE
FN:41,(anonymous_1)
FN:49,(anonymous_2)
FN:63,(anonymous_3)
FN:78,(anonymous_4)
FN:88,(anonymous_5)
FN:96,(anonymous_6)
FN:99,(anonymous_7)
FN:102,(anonymous_8)
FN:112,(anonymous_9)
FN:114,(anonymous_10)
FN:121,(anonymous_11)
FN:129,(anonymous_12)
FN:139,(anonymous_13)
FN:146,(anonymous_14)
FNF:15
FNH:14
FNDA:696,useTaskSSE
FNDA:325,(anonymous_1)
FNDA:237,(anonymous_2)
FNDA:170,(anonymous_3)
FNDA:175,(anonymous_4)
FNDA:12,(anonymous_5)
FNDA:10,(anonymous_6)
FNDA:12,(anonymous_7)
FNDA:12,(anonymous_8)
FNDA:25,(anonymous_9)
FNDA:25,(anonymous_10)
FNDA:8,(anonymous_11)
FNDA:3,(anonymous_12)
FNDA:0,(anonymous_13)
FNDA:2,(anonymous_14)
DA:7,7
DA:15,7
DA:30,696
DA:31,696
DA:32,696
DA:33,696
DA:34,696
DA:35,696
DA:36,696
DA:39,696
DA:40,696
DA:41,696
DA:42,325
DA:43,325
DA:47,696
DA:48,696
DA:49,696
DA:50,237
DA:51,138
DA:52,138
DA:53,138
DA:54,138
DA:55,138
DA:56,138
DA:57,138
DA:58,138
DA:63,696
DA:64,170
DA:65,68
DA:66,102
DA:67,3
DA:69,170
DA:72,696
DA:77,696
DA:78,696
DA:79,175
DA:80,73
DA:81,73
DA:85,696
DA:89,12
DA:90,12
DA:91,12
DA:92,12
DA:94,12
DA:95,12
DA:96,10
DA:100,12
DA:101,12
DA:102,12
DA:103,12
DA:104,12
DA:106,12
DA:107,10
DA:108,10
DA:109,10
DA:113,25
DA:114,25
DA:115,25
DA:116,25
DA:117,25
DA:118,25
DA:122,8
DA:123,8
DA:124,8
DA:125,8
DA:126,3
DA:127,3
DA:128,5
DA:129,3
DA:130,3
DA:131,2
DA:132,0
DA:133,0
DA:135,2
DA:146,696
DA:147,2
DA:148,2
DA:149,2
DA:150,2
DA:151,2
DA:152,2
DA:153,2
DA:156,696
LF:83
LH:81
BRDA:43,0,0,325
BRDA:43,0,1,71
BRDA:50,1,0,138
BRDA:50,1,1,99
BRDA:64,2,0,68
BRDA:64,2,1,102
BRDA:64,3,0,170
BRDA:64,3,1,68
BRDA:66,4,0,3
BRDA:66,4,1,99
BRDA:66,5,0,102
BRDA:66,5,1,102
BRDA:72,6,0,252
BRDA:72,6,1,444
BRDA:72,7,0,696
BRDA:72,7,1,497
BRDA:79,8,0,73
BRDA:79,8,1,102
BRDA:91,9,0,0
BRDA:91,9,1,12
BRDA:95,10,0,10
BRDA:95,10,1,2
BRDA:104,11,0,0
BRDA:104,11,1,12
BRDA:106,12,0,10
BRDA:106,12,1,2
BRDA:106,13,0,12
BRDA:106,13,1,12
BRDA:115,14,0,25
BRDA:115,14,1,0
BRDA:125,15,0,3
BRDA:125,15,1,5
BRDA:128,16,0,3
BRDA:128,16,1,2
BRDA:128,17,0,5
BRDA:128,17,1,3
BRDA:131,18,0,0
BRDA:131,18,1,2
BRF:38
BRH:34
end_of_record
TN:
SF:src\pages\AlertsPage.tsx
FN:56,(anonymous_0)
FN:63,(anonymous_1)
FN:67,(anonymous_2)
FN:77,(anonymous_3)
FN:88,(anonymous_4)
FN:92,(anonymous_5)
FN:97,(anonymous_6)
FN:109,(anonymous_7)
FN:114,(anonymous_8)
FN:132,(anonymous_9)
FN:139,(anonymous_10)
FN:144,(anonymous_11)
FN:159,(anonymous_12)
FN:165,(anonymous_13)
FN:168,(anonymous_14)
FN:173,(anonymous_15)
FN:182,(anonymous_16)
FN:227,(anonymous_17)
FN:263,(anonymous_18)
FN:269,(anonymous_19)
FN:270,(anonymous_20)
FN:283,(anonymous_21)
FN:308,(anonymous_22)
FN:325,(anonymous_23)
FN:331,(anonymous_24)
FN:332,(anonymous_25)
FN:335,(anonymous_26)
FN:340,(anonymous_27)
FN:358,(anonymous_28)
FNF:29
FNH:25
FNDA:179,(anonymous_0)
FNDA:57,(anonymous_1)
FNDA:63,(anonymous_2)
FNDA:9,(anonymous_3)
FNDA:61,(anonymous_4)
FNDA:3,(anonymous_5)
FNDA:3,(anonymous_6)
FNDA:3,(anonymous_7)
FNDA:3,(anonymous_8)
FNDA:169,(anonymous_9)
FNDA:169,(anonymous_10)
FNDA:169,(anonymous_11)
FNDA:0,(anonymous_12)
FNDA:169,(anonymous_13)
FNDA:3,(anonymous_14)
FNDA:3,(anonymous_15)
FNDA:12,(anonymous_16)
FNDA:1,(anonymous_17)
FNDA:2,(anonymous_18)
FNDA:537,(anonymous_19)
FNDA:558,(anonymous_20)
FNDA:4,(anonymous_21)
FNDA:0,(anonymous_22)
FNDA:194,(anonymous_23)
FNDA:194,(anonymous_24)
FNDA:194,(anonymous_25)
FNDA:0,(anonymous_26)
FNDA:0,(anonymous_27)
FNDA:194,(anonymous_28)
DA:10,3
DA:13,3
DA:20,3
DA:26,3
DA:32,3
DA:38,3
DA:44,3
DA:50,3
DA:56,3
DA:57,179
DA:58,179
DA:59,179
DA:60,179
DA:61,179
DA:62,179
DA:63,179
DA:64,57
DA:67,179
DA:68,63
DA:69,63
DA:70,63
DA:74,61
DA:76,61
DA:77,9
DA:79,61
DA:80,61
DA:82,2
DA:84,63
DA:88,179
DA:89,61
DA:92,179
DA:93,3
DA:98,3
DA:99,3
DA:100,1
DA:101,1
DA:103,2
DA:109,179
DA:110,3
DA:115,3
DA:116,3
DA:117,1
DA:118,1
DA:120,2
DA:126,179
DA:132,169
DA:139,169
DA:145,169
DA:159,0
DA:166,169
DA:168,3
DA:173,3
DA:182,179
DA:183,12
DA:184,12
DA:227,1
DA:238,179
DA:263,2
DA:270,558
DA:271,537
DA:272,537
DA:283,4
DA:308,0
DA:326,194
DA:331,194
DA:333,194
DA:335,0
DA:340,0
DA:358,194
LF:69
LH:65
BRDA:74,0,0,61
BRDA:74,0,1,2
BRDA:76,1,0,3
BRDA:76,1,1,58
BRDA:80,2,0,61
BRDA:80,2,1,2
BRDA:82,3,0,1
BRDA:82,3,1,1
BRDA:103,4,0,1
BRDA:103,4,1,1
BRDA:120,5,0,1
BRDA:120,5,1,1
BRDA:132,6,0,169
BRDA:132,6,1,1
BRDA:132,7,0,169
BRDA:132,7,1,1
BRDA:139,8,0,169
BRDA:139,8,1,1
BRDA:139,9,0,169
BRDA:139,9,1,1
BRDA:146,10,0,169
BRDA:146,10,1,1
BRDA:147,11,0,169
BRDA:147,11,1,1
BRDA:147,12,0,169
BRDA:147,12,1,0
BRDA:148,13,0,169
BRDA:148,13,1,1
BRDA:148,13,2,0
BRDA:148,14,0,169
BRDA:148,14,1,0
BRDA:159,15,0,0
BRDA:159,15,1,0
BRDA:167,16,0,169
BRDA:167,16,1,94
BRDA:172,17,0,169
BRDA:172,17,1,137
BRDA:183,18,0,12
BRDA:183,18,1,0
BRDA:202,19,0,12
BRDA:202,19,1,0
BRDA:204,20,0,12
BRDA:204,20,1,0
BRDA:205,21,0,12
BRDA:205,21,1,0
BRDA:205,21,2,0
BRDA:205,22,0,12
BRDA:205,22,1,0
BRDA:210,23,0,12
BRDA:210,23,1,1
BRDA:214,24,0,11
BRDA:214,24,1,1
BRDA:216,25,0,12
BRDA:216,25,1,2
BRDA:219,26,0,2
BRDA:219,26,1,2
BRDA:224,27,0,12
BRDA:224,27,1,9
BRDA:257,28,0,179
BRDA:257,28,1,155
BRDA:275,29,0,9
BRDA:275,29,1,528
BRDA:280,30,0,9
BRDA:280,30,1,528
BRDA:281,31,0,9
BRDA:281,31,1,528
BRDA:283,32,0,1
BRDA:283,32,1,3
BRDA:291,33,0,9
BRDA:291,33,1,528
BRDA:292,34,0,9
BRDA:292,34,1,528
BRDA:326,35,0,97
BRDA:326,35,1,97
BRDA:333,36,0,12
BRDA:333,36,1,182
BRF:76
BRH:65
end_of_record
TN:
SF:src\pages\AuditTasksPage.tsx
FN:51,(anonymous_0)
FN:77,(anonymous_1)
FN:103,(anonymous_2)
FN:103,(anonymous_3)
FN:117,(anonymous_4)
FN:120,(anonymous_5)
FN:123,(anonymous_6)
FN:142,(anonymous_7)
FN:158,(anonymous_8)
FN:161,(anonymous_9)
FN:167,(anonymous_10)
FN:171,(anonymous_11)
FN:175,(anonymous_12)
FN:187,(anonymous_13)
FN:198,(anonymous_14)
FN:209,(anonymous_15)
FN:213,(anonymous_16)
FN:226,(anonymous_17)
FN:237,(anonymous_18)
FN:241,(anonymous_19)
FN:259,(anonymous_20)
FN:264,(anonymous_21)
FN:278,(anonymous_22)
FN:293,(anonymous_23)
FN:307,(anonymous_24)
FN:313,(anonymous_25)
FN:322,(anonymous_26)
FN:325,(anonymous_27)
FN:329,(anonymous_28)
FN:333,(anonymous_29)
FN:340,(anonymous_30)
FN:345,(anonymous_31)
FN:352,(anonymous_32)
FN:356,(anonymous_33)
FN:372,(anonymous_34)
FN:378,(anonymous_35)
FN:403,(anonymous_36)
FN:414,(anonymous_37)
FN:425,(anonymous_38)
FN:435,(anonymous_39)
FN:437,(anonymous_40)
FN:443,(anonymous_41)
FN:462,(anonymous_42)
FN:475,(anonymous_43)
FN:494,(anonymous_44)
FN:522,(anonymous_45)
FN:531,(anonymous_46)
FN:532,(anonymous_47)
FN:544,(anonymous_48)
FN:547,(anonymous_49)
FN:598,(anonymous_50)
FN:604,(anonymous_51)
FN:614,(anonymous_52)
FN:625,(anonymous_53)
FN:631,(anonymous_54)
FN:658,(anonymous_55)
FN:662,(anonymous_56)
FN:691,(anonymous_57)
FN:713,(anonymous_58)
FN:751,(anonymous_59)
FN:758,(anonymous_60)
FN:794,(anonymous_61)
FN:824,(anonymous_62)
FN:826,(anonymous_63)
FN:838,(anonymous_64)
FN:843,(anonymous_65)
FN:847,(anonymous_66)
FN:868,(anonymous_67)
FN:892,(anonymous_68)
FN:900,(anonymous_69)
FN:911,(anonymous_70)
FN:915,(anonymous_71)
FN:932,(anonymous_72)
FN:943,(anonymous_73)
FN:947,(anonymous_74)
FN:969,(anonymous_75)
FN:977,(anonymous_76)
FN:983,(anonymous_77)
FN:1000,(anonymous_78)
FN:1020,(anonymous_79)
FN:1021,(anonymous_80)
FN:1023,(anonymous_81)
FN:1047,(anonymous_82)
FN:1049,(anonymous_83)
FN:1054,(anonymous_84)
FNF:85
FNH:73
FNDA:20,(anonymous_0)
FNDA:1147,(anonymous_1)
FNDA:361,(anonymous_2)
FNDA:224,(anonymous_3)
FNDA:413,(anonymous_4)
FNDA:485,(anonymous_5)
FNDA:363,(anonymous_6)
FNDA:417,(anonymous_7)
FNDA:15,(anonymous_8)
FNDA:17,(anonymous_9)
FNDA:200,(anonymous_10)
FNDA:2,(anonymous_11)
FNDA:152,(anonymous_12)
FNDA:152,(anonymous_13)
FNDA:10,(anonymous_14)
FNDA:0,(anonymous_15)
FNDA:10,(anonymous_16)
FNDA:12,(anonymous_17)
FNDA:0,(anonymous_18)
FNDA:8,(anonymous_19)
FNDA:376,(anonymous_20)
FNDA:359,(anonymous_21)
FNDA:442,(anonymous_22)
FNDA:74,(anonymous_23)
FNDA:376,(anonymous_24)
FNDA:6,(anonymous_25)
FNDA:376,(anonymous_26)
FNDA:1,(anonymous_27)
FNDA:124,(anonymous_28)
FNDA:359,(anonymous_29)
FNDA:369,(anonymous_30)
FNDA:98,(anonymous_31)
FNDA:54,(anonymous_32)
FNDA:369,(anonymous_33)
FNDA:281,(anonymous_34)
FNDA:5,(anonymous_35)
FNDA:11,(anonymous_36)
FNDA:3,(anonymous_37)
FNDA:84,(anonymous_38)
FNDA:380,(anonymous_39)
FNDA:388,(anonymous_40)
FNDA:185,(anonymous_41)
FNDA:552,(anonymous_42)
FNDA:15,(anonymous_43)
FNDA:15,(anonymous_44)
FNDA:1219,(anonymous_45)
FNDA:82,(anonymous_46)
FNDA:2,(anonymous_47)
FNDA:90,(anonymous_48)
FNDA:42,(anonymous_49)
FNDA:8,(anonymous_50)
FNDA:4,(anonymous_51)
FNDA:1,(anonymous_52)
FNDA:3,(anonymous_53)
FNDA:3,(anonymous_54)
FNDA:2,(anonymous_55)
FNDA:736,(anonymous_56)
FNDA:736,(anonymous_57)
FNDA:1,(anonymous_58)
FNDA:10,(anonymous_59)
FNDA:12,(anonymous_60)
FNDA:15,(anonymous_61)
FNDA:14,(anonymous_62)
FNDA:30,(anonymous_63)
FNDA:30,(anonymous_64)
FNDA:0,(anonymous_65)
FNDA:0,(anonymous_66)
FNDA:2,(anonymous_67)
FNDA:7,(anonymous_68)
FNDA:0,(anonymous_69)
FNDA:0,(anonymous_70)
FNDA:0,(anonymous_71)
FNDA:0,(anonymous_72)
FNDA:0,(anonymous_73)
FNDA:0,(anonymous_74)
FNDA:1,(anonymous_75)
FNDA:6,(anonymous_76)
FNDA:6,(anonymous_77)
FNDA:3,(anonymous_78)
FNDA:0,(anonymous_79)
FNDA:5,(anonymous_80)
FNDA:5,(anonymous_81)
FNDA:25,(anonymous_82)
FNDA:95,(anonymous_83)
FNDA:0,(anonymous_84)
DA:49,5
DA:51,20
DA:53,5
DA:62,5
DA:67,5
DA:77,5
DA:78,1147
DA:79,1145
DA:80,1145
DA:82,1145
DA:83,1145
DA:84,1145
DA:85,1145
DA:86,1145
DA:87,1145
DA:88,1145
DA:89,1145
DA:90,1145
DA:91,1145
DA:92,1145
DA:93,1145
DA:94,1145
DA:95,1145
DA:96,1145
DA:97,1145
DA:98,1145
DA:100,1145
DA:102,1145
DA:103,361
DA:107,1145
DA:112,1145
DA:117,1145
DA:118,413
DA:120,485
DA:123,413
DA:124,363
DA:126,340
DA:127,58
DA:134,282
DA:136,413
DA:137,413
DA:138,53
DA:142,1145
DA:143,417
DA:144,417
DA:145,417
DA:146,413
DA:147,413
DA:148,413
DA:150,2
DA:151,2
DA:154,415
DA:158,1145
DA:159,15
DA:160,15
DA:161,17
DA:163,2
DA:167,1145
DA:168,200
DA:169,200
DA:171,2
DA:175,198
DA:176,152
DA:177,133
DA:183,19
DA:185,198
DA:187,193
DA:188,152
DA:189,143
DA:191,152
DA:194,7
DA:198,1145
DA:199,10
DA:200,10
DA:209,0
DA:214,10
DA:215,10
DA:216,4
DA:217,4
DA:218,4
DA:220,6
DA:226,1145
DA:227,12
DA:228,12
DA:237,0
DA:242,8
DA:243,8
DA:244,8
DA:246,0
DA:247,0
DA:248,0
DA:249,0
DA:250,0
DA:252,0
DA:253,0
DA:259,1145
DA:260,376
DA:261,376
DA:264,1145
DA:265,359
DA:266,359
DA:267,183
DA:268,183
DA:270,176
DA:275,1145
DA:276,1145
DA:278,1145
DA:279,442
DA:280,98
DA:283,98
DA:284,98
DA:285,98
DA:287,98
DA:289,76
DA:290,76
DA:291,76
DA:293,76
DA:294,74
DA:295,74
DA:307,1145
DA:308,376
DA:309,22
DA:310,22
DA:312,22
DA:313,6
DA:314,6
DA:315,6
DA:322,1145
DA:323,376
DA:325,124
DA:326,1
DA:329,124
DA:333,1145
DA:334,359
DA:338,1145
DA:339,1145
DA:340,1145
DA:341,369
DA:342,315
DA:343,315
DA:345,54
DA:346,98
DA:347,98
DA:348,98
DA:350,54
DA:351,54
DA:352,54
DA:356,1145
DA:357,369
DA:358,22
DA:359,14
DA:361,22
DA:362,6
DA:364,6
DA:372,1145
DA:373,281
DA:374,32
DA:378,1145
DA:379,5
DA:380,5
DA:381,5
DA:382,3
DA:383,3
DA:384,3
DA:385,3
DA:386,3
DA:388,3
DA:389,3
DA:390,1
DA:391,1
DA:392,1
DA:394,2
DA:397,2
DA:399,5
DA:403,1145
DA:404,11
DA:405,11
DA:406,6
DA:407,6
DA:408,6
DA:410,5
DA:414,1145
DA:415,3
DA:416,3
DA:417,2
DA:418,2
DA:419,2
DA:421,1
DA:425,1145
DA:426,84
DA:427,84
DA:428,84
DA:431,1145
DA:435,1145
DA:436,380
DA:438,388
DA:439,388
DA:440,388
DA:441,362
DA:444,185
DA:445,5
DA:446,5
DA:447,5
DA:449,180
DA:450,3
DA:453,177
DA:457,1145
DA:461,1145
DA:462,552
DA:466,1145
DA:475,15
DA:494,15
DA:523,1219
DA:524,1219
DA:525,1219
DA:527,1219
DA:531,82
DA:532,2
DA:545,90
DA:548,42
DA:598,8
DA:604,4
DA:614,1
DA:626,3
DA:631,3
DA:658,2
DA:664,736
DA:665,736
DA:692,736
DA:693,736
DA:694,736
DA:696,736
DA:701,736
DA:708,736
DA:714,1
DA:715,1
DA:751,10
DA:758,12
DA:794,15
DA:825,14
DA:826,30
DA:827,14
DA:839,30
DA:844,0
DA:845,0
DA:847,0
DA:869,2
DA:892,7
DA:901,0
DA:902,0
DA:911,0
DA:916,0
DA:917,0
DA:918,0
DA:919,0
DA:920,0
DA:922,0
DA:933,0
DA:934,0
DA:943,0
DA:948,0
DA:949,0
DA:950,0
DA:952,0
DA:953,0
DA:954,0
DA:955,0
DA:956,0
DA:958,0
DA:969,1
DA:978,6
DA:984,6
DA:985,6
DA:986,2
DA:987,2
DA:989,4
DA:1001,3
DA:1002,3
DA:1020,0
DA:1021,5
DA:1023,5
DA:1047,25
DA:1050,95
DA:1055,0
DA:1056,0
DA:1057,0
DA:1058,0
DA:1059,0
DA:1060,0
DA:1062,0
DA:1063,0
LF:291
LH:249
BRDA:103,0,0,224
BRDA:103,0,1,128
BRDA:107,1,0,1145
BRDA:107,1,1,736
BRDA:107,1,2,516
BRDA:107,1,3,418
BRDA:118,2,0,413
BRDA:118,2,1,18
BRDA:120,3,0,413
BRDA:120,3,1,84
BRDA:120,3,2,24
BRDA:120,4,0,395
BRDA:120,4,1,18
BRDA:124,5,0,23
BRDA:124,5,1,340
BRDA:126,6,0,58
BRDA:126,6,1,282
BRDA:126,7,0,340
BRDA:126,7,1,180
BRDA:126,7,2,164
BRDA:130,8,0,58
BRDA:130,8,1,0
BRDA:130,9,0,58
BRDA:130,9,1,0
BRDA:136,10,0,413
BRDA:136,10,1,24
BRDA:137,11,0,53
BRDA:137,11,1,360
BRDA:137,12,0,413
BRDA:137,12,1,389
BRDA:142,13,0,0
BRDA:144,14,0,386
BRDA:144,14,1,31
BRDA:146,15,0,413
BRDA:146,15,1,3
BRDA:150,16,0,2
BRDA:150,16,1,0
BRDA:151,17,0,1
BRDA:151,17,1,1
BRDA:154,18,0,384
BRDA:154,18,1,31
BRDA:161,19,0,13
BRDA:161,19,1,0
BRDA:163,20,0,1
BRDA:163,20,1,1
BRDA:176,21,0,133
BRDA:176,21,1,19
BRDA:176,22,0,152
BRDA:176,22,1,150
BRDA:179,23,0,133
BRDA:179,23,1,18
BRDA:179,24,0,133
BRDA:179,24,1,18
BRDA:188,25,0,143
BRDA:188,25,1,9
BRDA:194,26,0,7
BRDA:194,26,1,0
BRDA:218,27,0,4
BRDA:218,27,1,0
BRDA:220,28,0,3
BRDA:220,28,1,3
BRDA:242,29,0,8
BRDA:242,29,1,0
BRDA:250,30,0,0
BRDA:250,30,1,0
BRDA:252,31,0,0
BRDA:252,31,1,0
BRDA:252,32,0,0
BRDA:252,32,1,0
BRDA:253,33,0,0
BRDA:253,33,1,0
BRDA:261,34,0,369
BRDA:261,34,1,7
BRDA:261,35,0,376
BRDA:261,35,1,376
BRDA:266,36,0,183
BRDA:266,36,1,176
BRDA:279,37,0,344
BRDA:279,37,1,98
BRDA:279,38,0,442
BRDA:279,38,1,259
BRDA:279,38,2,198
BRDA:285,39,0,98
BRDA:285,39,1,98
BRDA:287,40,0,22
BRDA:287,40,1,76
BRDA:287,41,0,98
BRDA:287,41,1,97
BRDA:287,41,2,84
BRDA:290,42,0,14
BRDA:290,42,1,62
BRDA:291,43,0,76
BRDA:291,43,1,0
BRDA:294,44,0,0
BRDA:294,44,1,74
BRDA:297,45,0,74
BRDA:297,45,1,0
BRDA:298,46,0,74
BRDA:298,46,1,1
BRDA:299,47,0,1
BRDA:299,47,1,73
BRDA:300,48,0,1
BRDA:300,48,1,1
BRDA:308,49,0,22
BRDA:308,49,1,354
BRDA:308,50,0,376
BRDA:308,50,1,364
BRDA:308,50,2,360
BRDA:310,51,0,11
BRDA:310,51,1,11
BRDA:312,52,0,6
BRDA:312,52,1,16
BRDA:315,53,0,2
BRDA:315,53,1,4
BRDA:323,54,0,252
BRDA:323,54,1,124
BRDA:334,55,0,359
BRDA:334,55,1,183
BRDA:341,56,0,315
BRDA:341,56,1,54
BRDA:341,57,0,369
BRDA:341,57,1,58
BRDA:357,58,0,22
BRDA:357,58,1,347
BRDA:357,59,0,369
BRDA:357,59,1,357
BRDA:357,59,2,353
BRDA:358,60,0,14
BRDA:358,60,1,8
BRDA:358,61,0,22
BRDA:358,61,1,22
BRDA:361,62,0,6
BRDA:361,62,1,16
BRDA:361,63,0,22
BRDA:361,63,1,22
BRDA:362,64,0,2
BRDA:362,64,1,4
BRDA:363,65,0,2
BRDA:363,65,1,2
BRDA:365,66,0,6
BRDA:365,66,1,3
BRDA:373,67,0,32
BRDA:373,67,1,249
BRDA:373,68,0,281
BRDA:373,68,1,98
BRDA:373,68,2,36
BRDA:394,69,0,1
BRDA:394,69,1,1
BRDA:397,70,0,1
BRDA:397,70,1,1
BRDA:410,71,0,3
BRDA:410,71,1,2
BRDA:419,72,0,2
BRDA:419,72,1,0
BRDA:421,73,0,0
BRDA:421,73,1,1
BRDA:438,74,0,0
BRDA:438,74,1,388
BRDA:438,75,0,388
BRDA:438,75,1,0
BRDA:439,76,0,0
BRDA:439,76,1,388
BRDA:439,77,0,388
BRDA:439,77,1,0
BRDA:440,78,0,26
BRDA:440,78,1,362
BRDA:440,79,0,388
BRDA:440,79,1,42
BRDA:444,80,0,5
BRDA:444,80,1,180
BRDA:445,81,0,5
BRDA:445,81,1,0
BRDA:446,82,0,5
BRDA:446,82,1,0
BRDA:447,83,0,5
BRDA:447,83,1,0
BRDA:449,84,0,3
BRDA:449,84,1,177
BRDA:453,85,0,177
BRDA:453,85,1,0
BRDA:453,86,0,177
BRDA:453,86,1,0
BRDA:458,87,0,1145
BRDA:458,87,1,1131
BRDA:458,87,2,409
BRDA:462,88,0,552
BRDA:462,88,1,183
BRDA:514,89,0,183
BRDA:514,89,1,962
BRDA:514,90,0,1145
BRDA:514,90,1,342
BRDA:516,91,0,230
BRDA:516,91,1,732
BRDA:524,92,0,1219
BRDA:524,92,1,0
BRDA:532,93,0,2
BRDA:532,93,1,0
BRDA:532,94,0,2
BRDA:532,94,1,1
BRDA:540,95,0,593
BRDA:540,95,1,626
BRDA:541,96,0,593
BRDA:541,96,1,626
BRDA:545,97,0,7
BRDA:545,97,1,83
BRDA:548,98,0,0
BRDA:548,98,1,42
BRDA:559,99,0,349
BRDA:559,99,1,870
BRDA:560,100,0,349
BRDA:560,100,1,870
BRDA:569,101,0,1219
BRDA:569,101,1,0
BRDA:576,102,0,1219
BRDA:576,102,1,0
BRDA:576,102,2,0
BRDA:577,103,0,1219
BRDA:577,103,1,0
BRDA:577,104,0,254
BRDA:577,104,1,965
BRDA:577,105,0,1219
BRDA:577,105,1,593
BRDA:577,106,0,254
BRDA:577,106,1,0
BRDA:582,107,0,1219
BRDA:582,107,1,0
BRDA:583,108,0,1219
BRDA:583,108,1,0
BRDA:589,109,0,1219
BRDA:589,109,1,247
BRDA:593,110,0,187
BRDA:593,110,1,1032
BRDA:599,111,0,1219
BRDA:599,111,1,247
BRDA:609,112,0,1219
BRDA:609,112,1,298
BRDA:619,113,0,1219
BRDA:619,113,1,349
BRDA:656,114,0,1145
BRDA:656,114,1,409
BRDA:659,115,0,0
BRDA:659,115,1,1145
BRDA:662,116,0,736
BRDA:662,116,1,409
BRDA:664,117,0,63
BRDA:664,117,1,673
BRDA:664,118,0,736
BRDA:664,118,1,736
BRDA:664,119,0,673
BRDA:664,119,1,0
BRDA:669,120,0,736
BRDA:669,120,1,0
BRDA:670,121,0,736
BRDA:670,121,1,0
BRDA:673,122,0,736
BRDA:673,122,1,0
BRDA:675,123,0,736
BRDA:675,123,1,736
BRDA:677,124,0,736
BRDA:677,124,1,2
BRDA:680,125,0,736
BRDA:680,125,1,165
BRDA:683,126,0,220
BRDA:683,126,1,516
BRDA:683,127,0,220
BRDA:683,127,1,4
BRDA:683,128,0,516
BRDA:683,128,1,98
BRDA:686,129,0,23
BRDA:686,129,1,713
BRDA:686,130,0,252
BRDA:686,130,1,461
BRDA:696,131,0,304
BRDA:696,131,1,432
BRDA:697,132,0,252
BRDA:697,132,1,180
BRDA:698,133,0,0
BRDA:698,133,1,180
BRDA:698,134,0,0
BRDA:698,134,1,0
BRDA:699,135,0,7
BRDA:699,135,1,173
BRDA:701,136,0,252
BRDA:701,136,1,484
BRDA:703,137,0,7
BRDA:703,137,1,477
BRDA:705,138,0,304
BRDA:705,138,1,173
BRDA:712,139,0,23
BRDA:712,139,1,713
BRDA:715,140,0,0
BRDA:715,140,1,1
BRDA:722,141,0,736
BRDA:722,141,1,141
BRDA:767,142,0,736
BRDA:767,142,1,10
BRDA:767,142,2,6
BRDA:779,143,0,736
BRDA:779,143,1,6
BRDA:789,144,0,736
BRDA:789,144,1,10
BRDA:789,144,2,10
BRDA:795,145,0,0
BRDA:795,145,1,15
BRDA:795,146,0,0
BRDA:795,146,1,15
BRDA:801,147,0,15
BRDA:801,147,1,0
BRDA:812,148,0,736
BRDA:812,148,1,23
BRDA:822,149,0,736
BRDA:822,149,1,14
BRDA:824,150,0,736
BRDA:824,150,1,14
BRDA:826,151,0,30
BRDA:826,151,1,30
BRDA:829,152,0,14
BRDA:829,152,1,14
BRDA:830,153,0,14
BRDA:830,153,1,6
BRDA:831,154,0,14
BRDA:831,154,1,6
BRDA:832,155,0,14
BRDA:832,155,1,4
BRDA:836,156,0,14
BRDA:836,156,1,722
BRDA:861,157,0,736
BRDA:861,157,1,10
BRDA:863,158,0,10
BRDA:863,158,1,726
BRDA:873,159,0,2
BRDA:873,159,1,2
BRDA:874,160,0,2
BRDA:874,160,1,0
BRDA:891,161,0,736
BRDA:891,161,1,98
BRDA:896,162,0,736
BRDA:896,162,1,141
BRDA:920,163,0,0
BRDA:920,163,1,0
BRDA:922,164,0,0
BRDA:922,164,1,0
BRDA:948,165,0,0
BRDA:948,165,1,0
BRDA:956,166,0,0
BRDA:956,166,1,0
BRDA:958,167,0,0
BRDA:958,167,1,0
BRDA:968,168,0,736
BRDA:968,168,1,242
BRDA:973,169,0,736
BRDA:973,169,1,220
BRDA:989,170,0,2
BRDA:989,170,1,2
BRF:354
BRH:291
end_of_record
TN:
SF:src\pages\DashboardPage.tsx
FN:34,(anonymous_0)
FN:46,(anonymous_1)
FN:50,(anonymous_2)
FN:79,(anonymous_3)
FN:79,(anonymous_4)
FN:88,(anonymous_5)
FN:100,(anonymous_6)
FN:111,(anonymous_7)
FN:122,(anonymous_8)
FN:123,(anonymous_9)
FN:156,(anonymous_10)
FN:159,(anonymous_11)
FN:162,(anonymous_12)
FN:188,(anonymous_13)
FN:264,(anonymous_14)
FN:279,(anonymous_15)
FN:287,(anonymous_16)
FN:305,(anonymous_17)
FNF:18
FNH:16
FNDA:126,(anonymous_0)
FNDA:58,(anonymous_1)
FNDA:58,(anonymous_2)
FNDA:111,(anonymous_3)
FNDA:56,(anonymous_4)
FNDA:70,(anonymous_5)
FNDA:0,(anonymous_6)
FNDA:0,(anonymous_7)
FNDA:70,(anonymous_8)
FNDA:1,(anonymous_9)
FNDA:2,(anonymous_10)
FNDA:2,(anonymous_11)
FNDA:2,(anonymous_12)
FNDA:2,(anonymous_13)
FNDA:1,(anonymous_14)
FNDA:2,(anonymous_15)
FNDA:1,(anonymous_16)
FNDA:1,(anonymous_17)
DA:32,4
DA:34,4
DA:35,126
DA:36,126
DA:37,126
DA:43,126
DA:44,126
DA:46,126
DA:47,58
DA:50,126
DA:51,58
DA:52,58
DA:53,58
DA:59,57
DA:60,57
DA:61,57
DA:63,57
DA:69,57
DA:70,57
DA:72,1
DA:74,58
DA:78,126
DA:79,111
DA:83,126
DA:89,70
DA:101,0
DA:112,0
DA:123,70
DA:130,126
DA:156,2
DA:159,2
DA:162,2
DA:188,2
DA:264,1
DA:279,2
DA:287,1
DA:305,1
LF:37
LH:35
BRDA:59,0,0,56
BRDA:59,0,1,1
BRDA:60,1,0,55
BRDA:60,1,1,2
BRDA:61,2,0,56
BRDA:61,2,1,1
BRDA:61,3,0,56
BRDA:61,3,1,0
BRDA:64,4,0,57
BRDA:64,4,1,4
BRDA:65,5,0,57
BRDA:65,5,1,5
BRDA:66,6,0,57
BRDA:66,6,1,6
BRDA:67,7,0,57
BRDA:67,7,1,9
BRDA:72,8,0,1
BRDA:72,8,1,0
BRDA:79,9,0,111
BRDA:79,9,1,103
BRDA:79,9,2,62
BRDA:91,10,0,70
BRDA:91,10,1,2
BRDA:101,11,0,0
BRDA:101,11,1,0
BRDA:101,12,0,0
BRDA:101,12,1,0
BRDA:102,13,0,0
BRDA:102,13,1,0
BRDA:102,13,2,0
BRDA:102,14,0,0
BRDA:102,14,1,0
BRDA:113,15,0,0
BRDA:113,15,1,0
BRDA:115,16,0,0
BRDA:115,16,1,0
BRDA:115,17,0,0
BRDA:115,17,1,0
BRDA:176,18,0,62
BRDA:176,18,1,64
BRDA:182,19,0,62
BRDA:182,19,1,0
BRDA:182,19,2,0
BRDA:182,20,0,62
BRDA:182,20,1,2
BRDA:184,21,0,62
BRDA:184,21,1,2
BRDA:233,22,0,126
BRDA:233,22,1,64
BRDA:233,22,2,59
BRDA:233,23,0,64
BRDA:233,23,1,5
BRDA:238,24,0,59
BRDA:238,24,1,0
BRDA:244,25,0,126
BRDA:244,25,1,63
BRF:56
BRH:36
end_of_record
TN:
SF:src\pages\DocumentsPage.tsx
FN:27,(anonymous_0)
FN:37,(anonymous_1)
FN:51,(anonymous_2)
FN:54,(anonymous_3)
FN:58,(anonymous_4)
FN:59,(anonymous_5)
FN:67,(anonymous_6)
FN:68,(anonymous_7)
FN:76,(anonymous_8)
FN:94,(anonymous_9)
FN:100,(anonymous_10)
FN:114,(anonymous_11)
FN:126,(anonymous_12)
FN:127,(anonymous_13)
FN:134,(anonymous_14)
FN:146,(anonymous_15)
FN:158,(anonymous_16)
FN:161,(anonymous_17)
FN:165,(anonymous_18)
FN:217,(anonymous_19)
FN:260,(anonymous_20)
FNF:21
FNH:21
FNDA:179,(anonymous_0)
FNDA:68,(anonymous_1)
FNDA:60,(anonymous_2)
FNDA:60,(anonymous_3)
FNDA:131,(anonymous_4)
FNDA:93,(anonymous_5)
FNDA:4,(anonymous_6)
FNDA:34,(anonymous_7)
FNDA:3,(anonymous_8)
FNDA:5,(anonymous_9)
FNDA:4,(anonymous_10)
FNDA:3,(anonymous_11)
FNDA:189,(anonymous_12)
FNDA:189,(anonymous_13)
FNDA:185,(anonymous_14)
FNDA:185,(anonymous_15)
FNDA:185,(anonymous_16)
FNDA:3,(anonymous_17)
FNDA:5,(anonymous_18)
FNDA:3,(anonymous_19)
FNDA:1,(anonymous_20)
DA:25,3
DA:27,3
DA:28,179
DA:29,179
DA:30,179
DA:31,179
DA:32,179
DA:33,179
DA:34,179
DA:35,179
DA:37,179
DA:38,68
DA:39,68
DA:40,68
DA:41,65
DA:42,65
DA:43,65
DA:44,65
DA:46,3
DA:51,179
DA:52,60
DA:53,60
DA:54,60
DA:58,179
DA:59,179
DA:60,93
DA:61,59
DA:62,0
DA:63,0
DA:65,59
DA:67,34
DA:68,34
DA:69,34
DA:70,34
DA:71,34
DA:76,179
DA:77,3
DA:78,3
DA:79,3
DA:80,3
DA:81,1
DA:82,1
DA:83,1
DA:85,2
DA:86,2
DA:87,2
DA:88,2
DA:90,3
DA:94,179
DA:95,5
DA:101,4
DA:102,4
DA:103,2
DA:104,2
DA:106,2
DA:107,2
DA:108,2
DA:114,179
DA:115,3
DA:116,3
DA:117,1
DA:118,1
DA:120,2
DA:121,2
DA:122,2
DA:126,189
DA:127,189
DA:129,179
DA:135,185
DA:147,185
DA:148,185
DA:149,30
DA:151,155
DA:159,185
DA:161,3
DA:165,5
DA:173,179
DA:218,3
DA:219,3
DA:220,0
DA:221,0
DA:223,3
DA:261,1
LF:83
LH:79
BRDA:38,0,0,68
BRDA:38,0,1,8
BRDA:41,1,0,65
BRDA:41,1,1,0
BRDA:44,2,0,65
BRDA:44,2,1,7
BRDA:46,3,0,1
BRDA:46,3,1,2
BRDA:60,4,0,59
BRDA:60,4,1,34
BRDA:61,5,0,0
BRDA:61,5,1,59
BRDA:69,6,0,34
BRDA:69,6,1,0
BRDA:87,7,0,2
BRDA:87,7,1,1
BRDA:87,7,2,0
BRDA:107,8,0,2
BRDA:107,8,1,1
BRDA:121,9,0,2
BRDA:121,9,1,1
BRDA:137,10,0,185
BRDA:137,10,1,1
BRDA:147,11,0,185
BRDA:147,11,1,1
BRDA:147,12,0,185
BRDA:147,12,1,1
BRDA:148,13,0,30
BRDA:148,13,1,155
BRDA:148,14,0,185
BRDA:148,14,1,31
BRDA:160,15,0,185
BRDA:160,15,1,31
BRDA:198,16,0,179
BRDA:198,16,1,55
BRDA:201,17,0,48
BRDA:201,17,1,7
BRDA:201,18,0,4
BRDA:201,18,1,3
BRDA:219,19,0,0
BRDA:219,19,1,3
BRDA:230,20,0,0
BRDA:230,20,1,179
BRDA:234,21,0,179
BRDA:234,21,1,34
BRF:45
BRH:39
end_of_record
TN:
SF:src\pages\KnowledgeGraphPage.tsx
FN:55,(anonymous_0)
FN:72,(anonymous_1)
FN:84,(anonymous_2)
FN:103,(anonymous_3)
FN:107,(anonymous_4)
FN:110,(anonymous_5)
FN:128,(anonymous_6)
FN:136,(anonymous_7)
FN:147,(anonymous_8)
FN:168,(anonymous_9)
FN:170,(anonymous_10)
FN:177,(anonymous_11)
FN:193,(anonymous_12)
FN:199,(anonymous_13)
FN:211,(anonymous_14)
FN:216,(anonymous_15)
FN:218,(anonymous_16)
FN:224,(anonymous_17)
FN:226,(anonymous_18)
FN:229,(anonymous_19)
FN:230,(anonymous_20)
FN:231,(anonymous_21)
FN:237,(anonymous_22)
FN:242,(anonymous_23)
FN:244,(anonymous_24)
FN:249,(anonymous_25)
FN:263,(anonymous_26)
FN:273,(anonymous_27)
FN:278,(anonymous_28)
FN:303,(anonymous_29)
FN:310,(anonymous_30)
FN:316,(anonymous_31)
FN:317,(anonymous_32)
FN:351,(anonymous_33)
FN:352,(anonymous_34)
FN:381,(anonymous_35)
FN:384,(anonymous_36)
FN:401,(anonymous_37)
FN:433,(anonymous_38)
FN:443,(anonymous_39)
FN:455,(anonymous_40)
FN:477,(anonymous_41)
FNF:42
FNH:40
FNDA:394,(anonymous_0)
FNDA:116,(anonymous_1)
FNDA:123,(anonymous_2)
FNDA:119,(anonymous_3)
FNDA:138,(anonymous_4)
FNDA:4,(anonymous_5)
FNDA:14,(anonymous_6)
FNDA:14,(anonymous_7)
FNDA:94,(anonymous_8)
FNDA:160,(anonymous_9)
FNDA:234,(anonymous_10)
FNDA:2,(anonymous_11)
FNDA:4,(anonymous_12)
FNDA:2,(anonymous_13)
FNDA:244,(anonymous_14)
FNDA:27,(anonymous_15)
FNDA:77,(anonymous_16)
FNDA:151,(anonymous_17)
FNDA:359,(anonymous_18)
FNDA:756,(anonymous_19)
FNDA:574,(anonymous_20)
FNDA:526,(anonymous_21)
FNDA:913,(anonymous_22)
FNDA:242,(anonymous_23)
FNDA:773,(anonymous_24)
FNDA:0,(anonymous_25)
FNDA:773,(anonymous_26)
FNDA:526,(anonymous_27)
FNDA:348,(anonymous_28)
FNDA:409,(anonymous_29)
FNDA:409,(anonymous_30)
FNDA:409,(anonymous_31)
FNDA:4,(anonymous_32)
FNDA:34,(anonymous_33)
FNDA:14,(anonymous_34)
FNDA:12,(anonymous_35)
FNDA:2,(anonymous_36)
FNDA:78,(anonymous_37)
FNDA:2,(anonymous_38)
FNDA:6,(anonymous_39)
FNDA:2,(anonymous_40)
FNDA:0,(anonymous_41)
DA:35,4
DA:37,4
DA:55,4
DA:56,394
DA:57,391
DA:58,391
DA:59,391
DA:60,391
DA:61,391
DA:62,391
DA:63,391
DA:64,391
DA:65,391
DA:66,391
DA:67,391
DA:68,391
DA:69,391
DA:70,391
DA:72,391
DA:73,116
DA:74,116
DA:75,116
DA:76,114
DA:78,2
DA:80,116
DA:84,391
DA:85,123
DA:86,123
DA:91,122
DA:92,121
DA:93,121
DA:94,112
DA:97,122
DA:99,122
DA:103,391
DA:104,119
DA:107,391
DA:108,138
DA:110,14
DA:111,4
DA:112,4
DA:113,3
DA:114,3
DA:115,2
DA:116,2
DA:117,2
DA:118,2
DA:119,2
DA:120,2
DA:124,1
DA:128,14
DA:129,14
DA:130,12
DA:131,12
DA:136,391
DA:137,14
DA:138,14
DA:139,14
DA:140,10
DA:142,4
DA:143,4
DA:147,391
DA:148,94
DA:149,94
DA:150,1
DA:151,1
DA:154,93
DA:155,93
DA:156,93
DA:157,93
DA:158,86
DA:160,7
DA:161,7
DA:163,93
DA:167,391
DA:168,391
DA:170,391
DA:171,234
DA:172,80
DA:177,391
DA:178,2
DA:179,2
DA:180,2
DA:181,2
DA:182,1
DA:183,1
DA:184,1
DA:186,1
DA:187,1
DA:189,2
DA:193,391
DA:194,4
DA:200,2
DA:201,2
DA:202,1
DA:203,1
DA:205,1
DA:211,391
DA:212,244
DA:214,123
DA:216,27
DA:218,77
DA:222,123
DA:225,151
DA:226,359
DA:229,756
DA:230,574
DA:231,123
DA:232,526
DA:233,526
DA:236,123
DA:237,913
DA:242,391
DA:243,242
DA:244,773
DA:246,123
DA:250,0
DA:251,0
DA:252,0
DA:254,0
DA:263,773
DA:273,526
DA:278,348
DA:296,391
DA:303,409
DA:310,409
DA:317,409
DA:324,391
DA:351,34
DA:352,14
DA:381,12
DA:384,2
DA:402,78
DA:433,2
DA:444,6
DA:445,6
DA:455,2
DA:477,0
LF:138
LH:133
BRDA:57,0,0,391
BRDA:57,0,1,94
BRDA:91,1,0,121
BRDA:91,1,1,1
BRDA:93,2,0,112
BRDA:93,2,1,9
BRDA:97,3,0,121
BRDA:97,3,1,1
BRDA:97,4,0,121
BRDA:97,4,1,0
BRDA:108,5,0,124
BRDA:108,5,1,14
BRDA:113,6,0,3
BRDA:113,6,1,0
BRDA:114,7,0,2
BRDA:114,7,1,1
BRDA:118,8,0,2
BRDA:118,8,1,0
BRDA:129,9,0,12
BRDA:129,9,1,2
BRDA:136,10,0,0
BRDA:143,11,0,3
BRDA:143,11,1,1
BRDA:148,12,0,94
BRDA:148,12,1,14
BRDA:149,13,0,1
BRDA:149,13,1,93
BRDA:158,14,0,86
BRDA:158,14,1,0
BRDA:160,15,0,5
BRDA:160,15,1,2
BRDA:171,16,0,80
BRDA:171,16,1,154
BRDA:171,17,0,234
BRDA:171,17,1,166
BRDA:212,18,0,121
BRDA:212,18,1,123
BRDA:222,19,0,106
BRDA:222,19,1,17
BRDA:225,20,0,151
BRDA:225,20,1,0
BRDA:230,21,0,574
BRDA:230,21,1,21
BRDA:243,22,0,119
BRDA:243,22,1,123
BRDA:250,23,0,0
BRDA:250,23,1,0
BRDA:251,24,0,0
BRDA:251,24,1,0
BRDA:254,25,0,0
BRDA:254,25,1,0
BRDA:270,26,0,773
BRDA:270,26,1,1
BRDA:310,27,0,406
BRDA:310,27,1,3
BRDA:367,28,0,391
BRDA:367,28,1,125
BRDA:372,29,0,266
BRDA:372,29,1,125
BRDA:382,30,0,266
BRDA:382,30,1,125
BRDA:384,31,0,391
BRDA:384,31,1,377
BRDA:398,32,0,56
BRDA:398,32,1,335
BRDA:406,33,0,78
BRDA:406,33,1,67
BRDA:407,34,0,78
BRDA:407,34,1,75
BRDA:415,35,0,210
BRDA:415,35,1,125
BRDA:421,36,0,391
BRDA:421,36,1,14
BRDA:424,37,0,14
BRDA:424,37,1,14
BRDA:435,38,0,6
BRDA:435,38,1,385
BRDA:437,39,0,243
BRDA:437,39,1,142
BRDA:444,40,0,6
BRDA:444,40,1,0
BRDA:453,41,0,17
BRDA:453,41,1,125
BRDA:454,42,0,142
BRDA:454,42,1,17
BRDA:475,43,0,391
BRDA:475,43,1,385
BRDA:480,44,0,391
BRDA:480,44,1,6
BRDA:482,45,0,6
BRDA:482,45,1,0
BRDA:484,46,0,6
BRDA:484,46,1,0
BRF:93
BRH:78
end_of_record
TN:
SF:src\pages\NotFoundPage.tsx
FN:5,(anonymous_0)
FN:14,(anonymous_1)
FNF:2
FNH:1
FNDA:3,(anonymous_0)
FNDA:0,(anonymous_1)
DA:5,1
DA:6,3
DA:8,3
DA:14,0
LF:4
LH:3
BRF:0
BRH:0
end_of_record
TN:
SF:src\pages\ReportsPage.tsx
FN:27,isFallbackSource
FN:31,(anonymous_1)
FN:42,(anonymous_2)
FN:54,(anonymous_3)
FN:58,(anonymous_4)
FN:72,(anonymous_5)
FN:74,(anonymous_6)
FN:77,(anonymous_7)
FN:91,(anonymous_8)
FN:115,(anonymous_9)
FN:134,(anonymous_10)
FN:140,(anonymous_11)
FN:147,(anonymous_12)
FN:153,(anonymous_13)
FN:154,(anonymous_14)
FN:187,(anonymous_15)
FN:209,(anonymous_16)
FN:217,(anonymous_17)
FN:225,(anonymous_18)
FN:249,(anonymous_19)
FNF:20
FNH:16
FNDA:200,isFallbackSource
FNDA:212,(anonymous_1)
FNDA:54,(anonymous_2)
FNDA:54,(anonymous_3)
FNDA:28,(anonymous_4)
FNDA:102,(anonymous_5)
FNDA:0,(anonymous_6)
FNDA:1,(anonymous_7)
FNDA:5,(anonymous_8)
FNDA:175,(anonymous_9)
FNDA:175,(anonymous_10)
FNDA:175,(anonymous_11)
FNDA:175,(anonymous_12)
FNDA:175,(anonymous_13)
FNDA:28,(anonymous_14)
FNDA:0,(anonymous_15)
FNDA:0,(anonymous_16)
FNDA:0,(anonymous_17)
FNDA:5,(anonymous_18)
FNDA:25,(anonymous_19)
DA:11,4
DA:13,4
DA:19,4
DA:28,200
DA:31,4
DA:32,212
DA:33,212
DA:34,212
DA:35,212
DA:36,212
DA:37,212
DA:38,212
DA:39,212
DA:40,212
DA:42,212
DA:43,54
DA:44,54
DA:45,54
DA:46,51
DA:48,2
DA:50,53
DA:54,212
DA:55,54
DA:58,212
DA:59,28
DA:60,28
DA:61,28
DA:62,28
DA:63,25
DA:65,3
DA:66,3
DA:68,28
DA:72,212
DA:73,102
DA:74,0
DA:77,212
DA:78,1
DA:79,1
DA:80,1
DA:81,1
DA:82,1
DA:83,1
DA:84,1
DA:85,1
DA:86,1
DA:87,1
DA:88,1
DA:91,212
DA:92,5
DA:93,5
DA:94,5
DA:95,5
DA:96,2
DA:97,2
DA:98,2
DA:99,2
DA:100,2
DA:101,2
DA:102,2
DA:103,2
DA:104,2
DA:106,3
DA:110,212
DA:116,175
DA:117,175
DA:118,175
DA:134,175
DA:140,175
DA:147,175
DA:154,175
DA:161,212
DA:187,0
DA:210,0
DA:211,0
DA:217,0
DA:225,5
DA:250,25
DA:251,25
DA:252,25
LF:79
LH:74
BRDA:28,0,0,200
BRDA:28,0,1,160
BRDA:34,1,0,0
BRDA:34,1,1,212
BRDA:34,2,0,212
BRDA:34,2,1,0
BRDA:46,3,0,51
BRDA:46,3,1,3
BRDA:48,4,0,1
BRDA:48,4,1,1
BRDA:65,5,0,2
BRDA:65,5,1,1
BRDA:73,6,0,102
BRDA:73,6,1,0
BRDA:78,7,0,0
BRDA:78,7,1,1
BRDA:83,8,0,1
BRDA:83,8,1,0
BRDA:92,9,0,0
BRDA:92,9,1,5
BRDA:99,10,0,2
BRDA:99,10,1,0
BRDA:106,11,0,2
BRDA:106,11,1,1
BRDA:117,12,0,175
BRDA:117,12,1,5
BRDA:122,13,0,175
BRDA:122,13,1,40
BRDA:124,14,0,175
BRDA:124,14,1,5
BRDA:124,14,2,5
BRDA:134,15,0,175
BRDA:134,15,1,1
BRDA:140,16,0,175
BRDA:140,16,1,2
BRDA:147,17,0,174
BRDA:147,17,1,1
BRDA:207,18,0,212
BRDA:207,18,1,187
BRDA:232,19,0,28
BRDA:232,19,1,184
BRDA:236,20,0,25
BRDA:236,20,1,159
BRDA:238,21,0,25
BRDA:238,21,1,1
BRDA:248,22,0,25
BRDA:248,22,1,1
BRDA:251,23,0,25
BRDA:251,23,1,2
BRDA:252,24,0,25
BRDA:252,24,1,3
BRDA:252,25,0,25
BRDA:252,25,1,3
BRDA:252,25,2,2
BRDA:254,26,0,25
BRDA:254,26,1,1
BRDA:257,27,0,25
BRDA:257,27,1,3
BRF:58
BRH:51
end_of_record
TN:
SF:src\pages\SettingsPage.tsx
FN:55,(anonymous_0)
FN:65,(anonymous_1)
FN:69,(anonymous_2)
FN:89,(anonymous_3)
FN:110,(anonymous_4)
FN:112,(anonymous_5)
FN:113,(anonymous_6)
FN:116,(anonymous_7)
FN:127,(anonymous_8)
FN:128,(anonymous_9)
FN:134,(anonymous_10)
FN:137,(anonymous_11)
FN:177,(anonymous_12)
FN:186,(anonymous_13)
FN:213,(anonymous_14)
FN:220,(anonymous_15)
FN:246,(anonymous_16)
FN:252,(anonymous_17)
FN:253,(anonymous_18)
FN:258,(anonymous_19)
FN:260,(anonymous_20)
FN:266,(anonymous_21)
FN:268,(anonymous_22)
FN:319,(anonymous_23)
FN:322,(anonymous_24)
FN:323,(anonymous_25)
FN:344,(anonymous_26)
FN:355,(anonymous_27)
FN:359,(anonymous_28)
FN:370,(anonymous_29)
FN:379,(anonymous_30)
FN:422,(anonymous_31)
FN:430,(anonymous_32)
FN:434,(anonymous_33)
FN:442,(anonymous_34)
FN:451,(anonymous_35)
FN:496,(anonymous_36)
FN:503,(anonymous_37)
FN:542,(anonymous_38)
FN:554,(anonymous_39)
FN:561,(anonymous_40)
FNF:41
FNH:32
FNDA:257,(anonymous_0)
FNDA:92,(anonymous_1)
FNDA:92,(anonymous_2)
FNDA:490,(anonymous_3)
FNDA:2372,(anonymous_4)
FNDA:29,(anonymous_5)
FNDA:29,(anonymous_6)
FNDA:214,(anonymous_7)
FNDA:111,(anonymous_8)
FNDA:0,(anonymous_9)
FNDA:111,(anonymous_10)
FNDA:10,(anonymous_11)
FNDA:4,(anonymous_12)
FNDA:8,(anonymous_13)
FNDA:10,(anonymous_14)
FNDA:15,(anonymous_15)
FNDA:314,(anonymous_16)
FNDA:159,(anonymous_17)
FNDA:470,(anonymous_18)
FNDA:174,(anonymous_19)
FNDA:82,(anonymous_20)
FNDA:173,(anonymous_21)
FNDA:243,(anonymous_22)
FNDA:0,(anonymous_23)
FNDA:470,(anonymous_24)
FNDA:314,(anonymous_25)
FNDA:25,(anonymous_26)
FNDA:0,(anonymous_27)
FNDA:150,(anonymous_28)
FNDA:2,(anonymous_29)
FNDA:7,(anonymous_30)
FNDA:0,(anonymous_31)
FNDA:0,(anonymous_32)
FNDA:39,(anonymous_33)
FNDA:0,(anonymous_34)
FNDA:3,(anonymous_35)
FNDA:0,(anonymous_36)
FNDA:0,(anonymous_37)
FNDA:1,(anonymous_38)
FNDA:1,(anonymous_39)
FNDA:0,(anonymous_40)
DA:29,3
DA:32,3
DA:55,3
DA:56,257
DA:57,256
DA:58,256
DA:59,256
DA:60,256
DA:61,256
DA:62,256
DA:63,256
DA:65,256
DA:66,92
DA:69,256
DA:70,92
DA:71,92
DA:72,92
DA:77,91
DA:78,91
DA:80,91
DA:82,91
DA:83,91
DA:84,91
DA:85,664
DA:89,490
DA:90,91
DA:91,245
DA:92,245
DA:93,245
DA:94,166
DA:96,245
DA:97,166
DA:101,91
DA:102,91
DA:104,0
DA:106,91
DA:110,2372
DA:112,256
DA:113,29
DA:116,256
DA:117,214
DA:118,214
DA:119,1399
DA:120,29
DA:123,214
DA:127,256
DA:128,111
DA:129,0
DA:130,0
DA:133,111
DA:134,111
DA:137,256
DA:138,10
DA:139,10
DA:140,10
DA:141,10
DA:142,115
DA:143,9
DA:148,10
DA:149,30
DA:150,30
DA:151,7
DA:152,7
DA:153,7
DA:154,7
DA:156,7
DA:157,7
DA:162,10
DA:163,1
DA:164,1
DA:167,9
DA:168,23
DA:169,2
DA:170,2
DA:171,2
DA:172,2
DA:176,7
DA:177,4
DA:178,4
DA:180,3
DA:182,10
DA:186,256
DA:187,8
DA:188,8
DA:189,8
DA:190,1
DA:191,1
DA:194,7
DA:195,7
DA:196,7
DA:197,7
DA:199,7
DA:200,7
DA:201,6
DA:202,4
DA:203,4
DA:205,2
DA:208,1
DA:209,1
DA:213,256
DA:214,10
DA:215,10
DA:216,1
DA:217,1
DA:220,15
DA:221,9
DA:222,9
DA:223,9
DA:224,9
DA:230,7
DA:231,7
DA:232,7
DA:233,5
DA:236,2
DA:242,9
DA:246,256
DA:247,314
DA:248,314
DA:251,256
DA:252,256
DA:253,470
DA:255,256
DA:258,256
DA:259,174
DA:260,82
DA:266,256
DA:267,173
DA:268,243
DA:274,256
DA:275,92
DA:278,164
DA:319,0
DA:322,470
DA:323,314
DA:344,25
DA:355,0
DA:360,150
DA:370,2
DA:379,7
DA:422,0
DA:430,0
DA:435,39
DA:442,0
DA:451,3
DA:496,0
DA:503,0
DA:542,1
DA:554,1
DA:561,0
LF:149
LH:138
BRDA:77,0,0,88
BRDA:77,0,1,3
BRDA:78,1,0,89
BRDA:78,1,1,2
BRDA:83,2,0,91
BRDA:83,2,1,0
BRDA:85,3,0,664
BRDA:85,3,1,0
BRDA:89,4,0,490
BRDA:89,4,1,158
BRDA:93,5,0,166
BRDA:93,5,1,79
BRDA:93,6,0,245
BRDA:93,6,1,166
BRDA:93,7,0,245
BRDA:93,7,1,166
BRDA:96,8,0,166
BRDA:96,8,1,79
BRDA:96,9,0,245
BRDA:96,9,1,166
BRDA:96,10,0,245
BRDA:96,10,1,166
BRDA:104,11,0,0
BRDA:104,11,1,0
BRDA:110,12,0,980
BRDA:110,13,0,2372
BRDA:110,13,1,625
BRDA:119,14,0,29
BRDA:119,14,1,1370
BRDA:119,15,0,1399
BRDA:119,15,1,191
BRDA:129,16,0,0
BRDA:129,16,1,0
BRDA:142,17,0,9
BRDA:142,17,1,106
BRDA:142,18,0,115
BRDA:142,18,1,14
BRDA:149,19,0,30
BRDA:149,19,1,20
BRDA:150,20,0,7
BRDA:150,20,1,23
BRDA:150,21,0,30
BRDA:150,21,1,10
BRDA:153,22,0,7
BRDA:153,22,1,0
BRDA:153,23,0,7
BRDA:153,23,1,7
BRDA:156,24,0,7
BRDA:156,24,1,0
BRDA:156,25,0,7
BRDA:156,25,1,7
BRDA:162,26,0,1
BRDA:162,26,1,9
BRDA:168,27,0,2
BRDA:168,27,1,21
BRDA:168,28,0,23
BRDA:168,28,1,9
BRDA:168,28,2,9
BRDA:180,29,0,2
BRDA:180,29,1,1
BRDA:189,30,0,1
BRDA:189,30,1,7
BRDA:197,31,0,1
BRDA:197,31,1,6
BRDA:201,32,0,4
BRDA:201,32,1,2
BRDA:205,33,0,2
BRDA:205,33,1,1
BRDA:208,34,0,1
BRDA:208,34,1,0
BRDA:215,35,0,1
BRDA:215,35,1,9
BRDA:227,36,0,9
BRDA:227,36,1,0
BRDA:228,37,0,9
BRDA:228,37,1,0
BRDA:228,37,2,0
BRDA:232,38,0,5
BRDA:232,38,1,2
BRDA:239,39,0,2
BRDA:239,39,1,0
BRDA:248,40,0,314
BRDA:248,40,1,155
BRDA:259,41,0,92
BRDA:259,41,1,82
BRDA:260,42,0,82
BRDA:260,42,1,1
BRDA:262,43,0,82
BRDA:262,43,1,0
BRDA:267,44,0,92
BRDA:267,44,1,81
BRDA:268,45,0,81
BRDA:268,45,1,0
BRDA:270,46,0,243
BRDA:270,46,1,0
BRDA:274,47,0,92
BRDA:274,47,1,164
BRDA:300,48,0,38
BRDA:300,48,1,126
BRDA:325,49,0,144
BRDA:325,49,1,170
BRDA:332,50,0,164
BRDA:332,50,1,157
BRDA:354,51,0,157
BRDA:354,51,1,0
BRDA:356,52,0,157
BRDA:356,52,1,0
BRDA:360,53,0,150
BRDA:360,53,1,0
BRDA:369,54,0,157
BRDA:369,54,1,0
BRDA:371,55,0,157
BRDA:371,55,1,0
BRDA:388,56,0,157
BRDA:388,56,1,6
BRDA:390,57,0,3
BRDA:390,57,1,3
BRDA:394,58,0,3
BRDA:394,58,1,3
BRDA:417,59,0,156
BRDA:417,59,1,8
BRDA:429,60,0,156
BRDA:429,60,1,0
BRDA:431,61,0,156
BRDA:431,61,1,0
BRDA:435,62,0,39
BRDA:435,62,1,0
BRDA:441,63,0,156
BRDA:441,63,1,0
BRDA:443,64,0,156
BRDA:443,64,1,0
BRDA:457,65,0,156
BRDA:457,65,1,3
BRDA:459,66,0,2
BRDA:459,66,1,1
BRDA:463,67,0,2
BRDA:463,67,1,1
BRDA:517,68,0,164
BRDA:517,68,1,14
BRDA:519,69,0,4
BRDA:519,69,1,10
BRDA:542,70,0,1
BRDA:542,70,1,0
BRDA:554,71,0,1
BRDA:554,71,1,0
BRF:145
BRH:117
end_of_record
TN:
SF:src\services\api.ts
FN:29,(anonymous_0)
FN:30,(anonymous_1)
FN:49,(anonymous_2)
FN:51,(anonymous_3)
FN:54,(anonymous_4)
FN:56,(anonymous_5)
FN:57,(anonymous_6)
FN:58,(anonymous_7)
FN:62,(anonymous_8)
FN:64,(anonymous_9)
FN:66,(anonymous_10)
FN:67,(anonymous_11)
FN:68,(anonymous_12)
FN:69,(anonymous_13)
FN:71,(anonymous_14)
FN:73,(anonymous_15)
FN:75,(anonymous_16)
FN:76,(anonymous_17)
FN:78,(anonymous_18)
FN:80,(anonymous_19)
FN:91,(anonymous_20)
FN:96,(anonymous_21)
FN:98,(anonymous_22)
FN:99,(anonymous_23)
FN:104,(anonymous_24)
FN:105,(anonymous_25)
FN:106,(anonymous_26)
FN:108,(anonymous_27)
FN:109,(anonymous_28)
FN:114,(anonymous_29)
FN:116,(anonymous_30)
FN:117,(anonymous_31)
FN:121,(anonymous_32)
FN:122,(anonymous_33)
FN:123,(anonymous_34)
FN:124,(anonymous_35)
FN:126,(anonymous_36)
FN:127,(anonymous_37)
FN:128,(anonymous_38)
FN:133,(anonymous_39)
FNF:40
FNH:40
FNDA:1,(anonymous_0)
FNDA:4,(anonymous_1)
FNDA:1,(anonymous_2)
FNDA:2,(anonymous_3)
FNDA:2,(anonymous_4)
FNDA:1,(anonymous_5)
FNDA:1,(anonymous_6)
FNDA:1,(anonymous_7)
FNDA:1,(anonymous_8)
FNDA:2,(anonymous_9)
FNDA:1,(anonymous_10)
FNDA:1,(anonymous_11)
FNDA:1,(anonymous_12)
FNDA:1,(anonymous_13)
FNDA:1,(anonymous_14)
FNDA:1,(anonymous_15)
FNDA:1,(anonymous_16)
FNDA:2,(anonymous_17)
FNDA:1,(anonymous_18)
FNDA:1,(anonymous_19)
FNDA:2,(anonymous_20)
FNDA:2,(anonymous_21)
FNDA:1,(anonymous_22)
FNDA:1,(anonymous_23)
FNDA:1,(anonymous_24)
FNDA:1,(anonymous_25)
FNDA:1,(anonymous_26)
FNDA:1,(anonymous_27)
FNDA:1,(anonymous_28)
FNDA:2,(anonymous_29)
FNDA:1,(anonymous_30)
FNDA:1,(anonymous_31)
FNDA:1,(anonymous_32)
FNDA:2,(anonymous_33)
FNDA:1,(anonymous_34)
FNDA:2,(anonymous_35)
FNDA:1,(anonymous_36)
FNDA:1,(anonymous_37)
FNDA:1,(anonymous_38)
FNDA:1,(anonymous_39)
DA:21,2
DA:23,2
DA:28,2
DA:29,1
DA:31,4
DA:33,2
DA:34,1
DA:36,1
DA:39,2
DA:40,2
DA:41,1
DA:44,4
DA:48,2
DA:50,1
DA:51,2
DA:52,1
DA:55,2
DA:56,1
DA:57,1
DA:58,1
DA:61,2
DA:63,1
DA:65,2
DA:66,1
DA:67,1
DA:68,1
DA:70,1
DA:72,1
DA:74,1
DA:75,1
DA:77,2
DA:79,1
DA:81,1
DA:90,2
DA:92,2
DA:95,2
DA:97,2
DA:98,1
DA:100,1
DA:103,2
DA:104,1
DA:105,1
DA:107,1
DA:108,1
DA:110,1
DA:113,2
DA:115,2
DA:116,1
DA:117,1
DA:120,2
DA:121,1
DA:122,2
DA:123,1
DA:125,2
DA:126,1
DA:127,1
DA:129,1
DA:130,1
DA:131,1
DA:134,1
LF:60
LH:60
BRDA:21,0,0,2
BRDA:21,0,1,0
BRDA:31,1,0,2
BRDA:31,1,1,2
BRDA:33,2,0,1
BRDA:33,2,1,1
BRDA:40,3,0,1
BRDA:40,3,1,1
BRDA:54,4,0,1
BRDA:54,5,0,1
BRDA:122,6,0,1
BRDA:124,7,0,1
BRF:12
BRH:11
end_of_record
